[11.01.2021 10:06:42.255] Загрузили конфигурационный файл 
 server IP:1.3.1.1 server PORT:139 
 dst IP:1.3.1.60 dst PORT:77
[11.01.2021 14:27:06.818] Загрузили конфигурационный файл 
 server IP:1.3.1.1 server PORT:139 
 dst IP:1.3.1.60 dst PORT:77
[11.01.2021 14:27:10.480] Инициализируем сервер
[11.01.2021 14:27:12.199] Запрашиваем статус!
[11.01.2021 14:27:13.960] Запрашиваем статус!
[11.01.2021 14:27:14.920] Запрашиваем статус!
[11.01.2021 14:27:53.679] Запрашиваем статус!
[11.01.2021 14:28:00.383] Запрашиваем статус!
[11.01.2021 14:28:08.696] Запрашиваем статус!
[11.01.2021 14:28:22.255] Запрашиваем статус!
[11.01.2021 14:28:25.879] Запрашиваем статус!
[11.01.2021 14:28:31.535] Запрашиваем статус!
[11.01.2021 14:28:37.823] Запрашиваем статус!
[11.01.2021 14:28:40.384] Запрашиваем статус!
[11.01.2021 14:28:46.303] Запрашиваем статус!
[11.01.2021 14:28:47.824] Запрашиваем статус!
[11.01.2021 14:28:48.623] Запрашиваем статус!
[11.01.2021 14:28:55.422] Запрашиваем статус!
[11.01.2021 14:28:56.622] Запрашиваем статус!
[11.01.2021 14:28:57.599] Запрашиваем статус!
[11.01.2021 14:28:58.375] Запрашиваем статус!
[11.01.2021 14:29:00.281] Запрашиваем статус!
[11.01.2021 14:29:00.919] Запрашиваем статус!
[11.01.2021 14:29:01.223] Запрашиваем статус!
[11.01.2021 14:29:01.608] Запрашиваем статус!
[11.01.2021 14:35:23.528] Запрашиваем статус!
[11.01.2021 14:35:29.951] Запрашиваем статус!
[11.01.2021 14:35:36.055] Запрашиваем статус!
[11.01.2021 14:35:43.840] Запрашиваем статус!
[11.01.2021 14:35:48.311] Запрашиваем статус!
[11.01.2021 14:35:50.311] Запрашиваем статус!
[11.01.2021 14:35:52.567] Запрашиваем статус!
[11.01.2021 14:35:55.695] Запрашиваем статус!
[11.01.2021 14:35:56.975] Запрашиваем статус!
[11.01.2021 14:35:58.040] Запрашиваем статус!
[11.01.2021 14:38:01.319] Запрашиваем статус!
[11.01.2021 14:38:06.167] Запрашиваем статус!
[11.01.2021 14:38:45.184] Запрашиваем статус!
[11.01.2021 14:38:48.583] Запрашиваем статус!
[11.01.2021 14:38:54.879] Запрашиваем статус!
[11.01.2021 14:38:57.600] Запрашиваем статус!
[11.01.2021 14:38:59.856] Запрашиваем статус!
[11.01.2021 14:39:01.511] Запрашиваем статус!
[11.01.2021 14:39:02.711] Запрашиваем статус!
[11.01.2021 14:39:05.103] Запрашиваем статус!
[11.01.2021 14:39:10.144] Запрашиваем статус!
[11.01.2021 14:39:12.032] Запрашиваем статус!
[11.01.2021 14:39:12.920] Запрашиваем статус!
[11.01.2021 14:39:13.728] Запрашиваем статус!
[11.01.2021 14:39:14.536] Запрашиваем статус!
[11.01.2021 14:39:28.400] Запрашиваем статус!
[11.01.2021 14:39:30.064] Запрашиваем статус!
[11.01.2021 14:39:46.513] Загрузили конфигурационный файл 
 server IP:1.3.1.1 server PORT:139 
 dst IP:1.3.1.60 dst PORT:77
[11.01.2021 14:39:50.432] Инициализируем сервер
[11.01.2021 14:39:52.984] Запрашиваем статус!
[11.01.2021 14:39:55.447] Запрашиваем статус!
[11.01.2021 14:39:57.119] Запрашиваем статус!
[11.01.2021 14:39:59.623] Запрашиваем статус!
[11.01.2021 14:40:00.902] Запрашиваем статус!
[11.01.2021 14:40:11.215] Запрашиваем статус!
[11.01.2021 14:40:14.191] Запрашиваем статус!
[11.01.2021 14:40:16.534] Запрашиваем статус!
[11.01.2021 14:40:17.262] Запрашиваем статус!
[11.01.2021 14:40:23.399] Запрашиваем статус!
[11.01.2021 14:40:24.560] Запрашиваем статус!
[11.01.2021 14:40:49.375] Запрашиваем статус!
[11.01.2021 14:40:56.840] Запрашиваем статус!
[11.01.2021 14:41:01.288] Запрашиваем статус!
[11.01.2021 14:41:15.648] Запрашиваем статус!
[11.01.2021 14:41:17.096] Запрашиваем статус!
[11.01.2021 14:41:19.599] Запрашиваем статус!
[11.01.2021 14:41:53.223] Запрашиваем статус!
[11.01.2021 14:41:54.567] Запрашиваем статус!
[11.01.2021 14:41:55.887] Запрашиваем статус!
[11.01.2021 14:41:57.375] Запрашиваем статус!
[11.01.2021 14:43:27.055] Запрашиваем статус!
[11.01.2021 14:43:34.947] Загрузили конфигурационный файл 
 server IP:1.3.1.1 server PORT:139 
 dst IP:1.3.1.60 dst PORT:77
[11.01.2021 14:43:37.408] Инициализируем сервер
[11.01.2021 14:43:38.936] Запрашиваем статус!
[11.01.2021 14:43:40.423] Запрашиваем статус!
[11.01.2021 14:43:55.352] Запрашиваем статус!
[11.01.2021 14:44:09.591] Запрашиваем статус!
[11.01.2021 14:44:11.207] Запрашиваем статус!
[11.01.2021 14:44:12.095] Запрашиваем статус!
[11.01.2021 14:44:12.831] Запрашиваем статус!
[11.01.2021 14:44:13.575] Запрашиваем статус!
[11.01.2021 14:44:14.207] Запрашиваем статус!
[11.01.2021 14:44:14.879] Запрашиваем статус!
[11.01.2021 14:44:15.687] Запрашиваем статус!
[11.01.2021 14:44:16.503] Запрашиваем статус!
[11.01.2021 14:44:17.263] Запрашиваем статус!
[11.01.2021 14:44:18.071] Запрашиваем статус!
[11.01.2021 14:44:18.728] Запрашиваем статус!
[11.01.2021 14:44:25.703] Запрашиваем статус!
[11.01.2021 14:44:27.047] Запрашиваем статус!
[11.01.2021 14:44:28.095] Запрашиваем статус!
[11.01.2021 14:44:28.415] Запрашиваем статус!
[11.01.2021 14:44:28.615] Запрашиваем статус!
[11.01.2021 14:44:28.791] Запрашиваем статус!
[11.01.2021 14:44:28.967] Запрашиваем статус!
[11.01.2021 14:44:29.135] Запрашиваем статус!
[11.01.2021 14:44:29.295] Запрашиваем статус!
[11.01.2021 14:44:29.463] Запрашиваем статус!
[11.01.2021 14:44:29.631] Запрашиваем статус!
[11.01.2021 14:44:29.783] Запрашиваем статус!
[11.01.2021 14:44:29.943] Запрашиваем статус!
[11.01.2021 14:44:30.119] Запрашиваем статус!
[11.01.2021 14:44:30.287] Запрашиваем статус!
[11.01.2021 14:44:30.455] Запрашиваем статус!
[11.01.2021 14:44:30.631] Запрашиваем статус!
[11.01.2021 14:44:30.807] Запрашиваем статус!
[11.01.2021 14:44:30.975] Запрашиваем статус!
[11.01.2021 14:44:31.151] Запрашиваем статус!
[11.01.2021 14:44:31.319] Запрашиваем статус!
[11.01.2021 14:44:31.495] Запрашиваем статус!
[11.01.2021 14:44:31.671] Запрашиваем статус!
[11.01.2021 14:44:31.863] Запрашиваем статус!
[11.01.2021 14:44:32.047] Запрашиваем статус!
[11.01.2021 14:44:32.231] Запрашиваем статус!
[11.01.2021 14:44:32.407] Запрашиваем статус!
[11.01.2021 14:44:32.599] Запрашиваем статус!
[11.01.2021 14:44:32.791] Запрашиваем статус!
[11.01.2021 14:44:32.991] Запрашиваем статус!
[11.01.2021 14:44:33.183] Запрашиваем статус!
[11.01.2021 14:44:33.367] Запрашиваем статус!
[11.01.2021 14:44:33.551] Запрашиваем статус!
[11.01.2021 14:44:33.751] Запрашиваем статус!
[11.01.2021 14:44:33.943] Запрашиваем статус!
[11.01.2021 14:44:34.135] Запрашиваем статус!
[11.01.2021 14:44:34.319] Запрашиваем статус!
[11.01.2021 14:44:34.511] Запрашиваем статус!
[11.01.2021 14:44:34.863] Запрашиваем статус!
[11.01.2021 14:44:35.047] Запрашиваем статус!
[11.01.2021 14:44:35.239] Запрашиваем статус!
[11.01.2021 14:44:35.416] Запрашиваем статус!
[11.01.2021 14:44:35.607] Запрашиваем статус!
[11.01.2021 14:44:38.511] Запрашиваем статус!
[11.01.2021 14:44:38.839] Запрашиваем статус!
[11.01.2021 14:44:39.799] Запрашиваем статус!
[11.01.2021 14:44:40.255] Запрашиваем статус!
[11.01.2021 14:44:40.575] Запрашиваем статус!
[11.01.2021 14:44:40.847] Запрашиваем статус!
[11.01.2021 14:44:41.343] Запрашиваем статус!
[11.01.2021 14:44:42.440] Запрашиваем статус!
[11.01.2021 14:44:42.664] Запрашиваем статус!
[11.01.2021 14:44:43.272] Запрашиваем статус!
[11.01.2021 14:44:43.544] Запрашиваем статус!
[11.01.2021 14:44:43.791] Запрашиваем статус!
[11.01.2021 14:44:44.040] Запрашиваем статус!
[11.01.2021 14:44:44.280] Запрашиваем статус!
[11.01.2021 14:44:52.975] Запрашиваем статус!
[11.01.2021 14:45:02.152] Запрашиваем статус!
[11.01.2021 14:45:13.143] Запрашиваем статус!
[11.01.2021 14:45:31.559] Запрашиваем статус!
[11.01.2021 14:45:32.503] Запрашиваем статус!
[11.01.2021 14:45:33.351] Запрашиваем статус!
[11.01.2021 14:45:33.702] Запрашиваем статус!
[11.01.2021 14:45:40.816] Запрашиваем статус!
[11.01.2021 14:45:41.495] Запрашиваем статус!
[11.01.2021 14:45:41.904] Запрашиваем статус!
[11.01.2021 14:45:42.359] Запрашиваем статус!
[11.01.2021 14:45:42.727] Запрашиваем статус!
[11.01.2021 14:45:43.135] Запрашиваем статус!
[11.01.2021 14:45:43.391] Запрашиваем статус!
[11.01.2021 14:45:43.607] Запрашиваем статус!
[11.01.2021 14:45:43.839] Запрашиваем статус!
[11.01.2021 14:45:44.119] Запрашиваем статус!
[11.01.2021 14:45:44.631] Запрашиваем статус!
[11.01.2021 14:45:45.071] Запрашиваем статус!
[11.01.2021 14:45:45.343] Запрашиваем статус!
[11.01.2021 14:46:35.943] Запрашиваем статус!
[11.01.2021 14:46:37.055] Запрашиваем статус!
[11.01.2021 14:46:46.855] Запрашиваем статус!
[11.01.2021 14:46:48.079] Запрашиваем статус!
[11.01.2021 14:46:49.600] Запрашиваем статус!
[11.01.2021 14:46:51.055] Запрашиваем статус!
[11.01.2021 14:46:52.239] Запрашиваем статус!
[11.01.2021 14:46:53.071] Запрашиваем статус!
[11.01.2021 14:46:53.879] Запрашиваем статус!
[11.01.2021 14:46:54.479] Запрашиваем статус!
[11.01.2021 14:46:54.911] Запрашиваем статус!
[11.01.2021 14:46:55.215] Запрашиваем статус!
[11.01.2021 14:46:55.583] Запрашиваем статус!
[11.01.2021 14:46:59.327] Запрашиваем статус!
[11.01.2021 14:47:01.647] Запрашиваем статус!
[11.01.2021 14:47:04.255] Запрашиваем статус!
[11.01.2021 14:47:10.759] Запрашиваем статус!
[11.01.2021 14:48:10.695] Запрашиваем статус!
[11.01.2021 14:48:15.776] Запрашиваем статус!
[11.01.2021 14:48:17.112] Запрашиваем статус!
[11.01.2021 14:48:18.431] Запрашиваем статус!
[11.01.2021 14:48:20.791] Запрашиваем статус!
[11.01.2021 14:48:23.335] Запрашиваем статус!
[11.01.2021 14:48:26.255] Запрашиваем статус!
[11.01.2021 14:48:27.495] Запрашиваем статус!
[11.01.2021 14:48:29.904] Запрашиваем статус!
[11.01.2021 14:48:34.024] Запрашиваем статус!
[11.01.2021 14:48:35.792] Запрашиваем статус!
[11.01.2021 14:48:53.679] Запрашиваем статус!
[11.01.2021 14:48:57.671] Запрашиваем статус!
[11.01.2021 14:49:00.215] Запрашиваем статус!
[11.01.2021 14:49:02.054] Запрашиваем статус!
[11.01.2021 14:49:03.768] Запрашиваем статус!
[11.01.2021 14:49:05.391] Запрашиваем статус!
[11.01.2021 14:49:06.815] Запрашиваем статус!
[11.01.2021 14:49:07.951] Запрашиваем статус!
[11.01.2021 14:49:09.520] Запрашиваем статус!
[11.01.2021 14:49:10.864] Запрашиваем статус!
[11.01.2021 14:49:12.071] Запрашиваем статус!
[11.01.2021 14:49:13.223] Запрашиваем статус!
[11.01.2021 14:49:14.351] Запрашиваем статус!
[11.01.2021 14:49:15.503] Запрашиваем статус!
[11.01.2021 14:49:17.495] Запрашиваем статус!
[11.01.2021 14:49:19.175] Запрашиваем статус!
[11.01.2021 14:49:20.502] Запрашиваем статус!
[11.01.2021 14:49:21.630] Запрашиваем статус!
[11.01.2021 14:49:23.095] Запрашиваем статус!
[11.01.2021 14:49:24.375] Запрашиваем статус!
[11.01.2021 14:49:25.351] Запрашиваем статус!
[11.01.2021 14:49:26.407] Запрашиваем статус!
[11.01.2021 14:49:27.207] Запрашиваем статус!
[11.01.2021 14:49:28.247] Запрашиваем статус!
[11.01.2021 14:49:28.983] Запрашиваем статус!
[11.01.2021 14:49:29.663] Запрашиваем статус!
[11.01.2021 14:49:30.295] Запрашиваем статус!
[11.01.2021 14:49:30.855] Запрашиваем статус!
[11.01.2021 14:49:31.343] Запрашиваем статус!
[11.01.2021 14:49:31.823] Запрашиваем статус!
[11.01.2021 14:49:32.287] Запрашиваем статус!
[11.01.2021 14:49:41.944] Запрашиваем статус!
[11.01.2021 14:49:48.224] Запрашиваем статус!
[11.01.2021 14:49:54.143] Запрашиваем статус!
[11.01.2021 14:49:57.648] Запрашиваем статус!
[11.01.2021 14:49:59.416] Запрашиваем статус!
[11.01.2021 14:50:02.967] Запрашиваем статус!
[11.01.2021 14:50:05.159] Запрашиваем статус!
[11.01.2021 14:50:06.719] Запрашиваем статус!
[11.01.2021 14:50:11.303] Запрашиваем статус!
[11.01.2021 14:50:12.846] Запрашиваем статус!
[11.01.2021 14:50:14.062] Запрашиваем статус!
[11.01.2021 14:50:15.143] Запрашиваем статус!
[11.01.2021 14:50:16.479] Запрашиваем статус!
[11.01.2021 14:50:17.743] Запрашиваем статус!
[11.01.2021 14:50:18.975] Запрашиваем статус!
[11.01.2021 14:50:20.159] Запрашиваем статус!
[11.01.2021 14:50:21.207] Запрашиваем статус!
[11.01.2021 14:50:21.951] Запрашиваем статус!
[11.01.2021 14:50:33.576] Запрашиваем статус!
[11.01.2021 14:51:04.687] Запрашиваем статус!
[11.01.2021 14:51:06.095] Запрашиваем статус!
[11.01.2021 14:51:07.776] Запрашиваем статус!
[11.01.2021 14:51:08.151] Запрашиваем статус!
[11.01.2021 14:51:23.255] Запрашиваем статус!
[11.01.2021 14:51:25.904] Запрашиваем статус!
[11.01.2021 14:51:28.687] Запрашиваем статус!
[11.01.2021 14:51:31.088] Запрашиваем статус!
[11.01.2021 14:52:00.496] Запрашиваем статус!
[11.01.2021 14:52:02.640] Запрашиваем статус!
[11.01.2021 14:52:21.408] Запрашиваем статус!
[11.01.2021 14:52:57.631] Запрашиваем статус!
[11.01.2021 14:53:01.143] Запрашиваем статус!
[11.01.2021 14:53:03.511] Запрашиваем статус!
[11.01.2021 14:53:05.495] Запрашиваем статус!
[11.01.2021 14:53:07.430] Запрашиваем статус!
[11.01.2021 14:53:09.143] Запрашиваем статус!
[11.01.2021 14:53:10.895] Запрашиваем статус!
[11.01.2021 14:53:12.687] Запрашиваем статус!
[11.01.2021 14:53:14.623] Запрашиваем статус!
[11.01.2021 14:53:16.471] Запрашиваем статус!
[11.01.2021 14:53:17.919] Запрашиваем статус!
[11.01.2021 14:53:19.415] Запрашиваем статус!
[11.01.2021 14:53:20.855] Запрашиваем статус!
[11.01.2021 14:53:22.295] Запрашиваем статус!
[11.01.2021 14:53:23.727] Запрашиваем статус!
[11.01.2021 14:53:25.047] Запрашиваем статус!
[11.01.2021 14:53:26.118] Запрашиваем статус!
[11.01.2021 14:53:27.639] Запрашиваем статус!
[11.01.2021 14:53:28.863] Запрашиваем статус!
[11.01.2021 14:53:29.895] Запрашиваем статус!
[11.01.2021 14:53:30.839] Запрашиваем статус!
[11.01.2021 14:53:31.807] Запрашиваем статус!
[11.01.2021 14:53:32.575] Запрашиваем статус!
[11.01.2021 14:53:33.391] Запрашиваем статус!
[11.01.2021 14:53:34.031] Запрашиваем статус!
[11.01.2021 14:53:42.646] Запрашиваем статус!
[11.01.2021 14:53:46.735] Запрашиваем статус!
[11.01.2021 14:53:47.367] Запрашиваем статус!
[11.01.2021 14:53:48.239] Запрашиваем статус!
[11.01.2021 14:53:49.463] Запрашиваем статус!
[11.01.2021 14:53:50.535] Запрашиваем статус!
[11.01.2021 14:53:57.847] Запрашиваем статус!
[11.01.2021 14:54:00.839] Запрашиваем статус!
[11.01.2021 14:54:03.608] Запрашиваем статус!
[11.01.2021 14:54:06.064] Запрашиваем статус!
[11.01.2021 14:54:08.040] Запрашиваем статус!
[11.01.2021 14:54:15.447] Запрашиваем статус!
[11.01.2021 14:54:22.671] Запрашиваем статус!
[11.01.2021 14:54:26.520] Запрашиваем статус!
[11.01.2021 17:13:29.369] Загрузили конфигурационный файл 
 server IP:1.3.1.1 server PORT:139 
 dst IP:1.3.1.60 dst PORT:77
[11.01.2021 17:14:11.111] Инициализируем сервер
[11.01.2021 17:14:15.607] Запрашиваем статус!
[11.01.2021 17:14:18.271] Запрашиваем статус!
[11.01.2021 17:14:19.982] Запрашиваем статус!
[11.01.2021 17:14:25.127] Запрашиваем статус!
[11.01.2021 17:14:27.814] Запрашиваем статус!
[11.01.2021 17:14:30.383] Запрашиваем статус!
[11.01.2021 17:14:35.023] Запрашиваем статус!
[11.01.2021 17:15:42.495] Запрашиваем статус!
[11.01.2021 17:15:51.862] Запрашиваем статус!
[11.01.2021 17:15:56.543] Запрашиваем статус!
[11.01.2021 17:16:29.430] Запрашиваем статус!
[11.01.2021 17:16:37.503] Запрашиваем статус!
[11.01.2021 17:16:41.975] Запрашиваем статус!
[11.01.2021 17:16:49.191] Запрашиваем статус!
[11.01.2021 17:17:02.704] Запрашиваем статус!
[11.01.2021 17:17:06.103] Запрашиваем статус!
[11.01.2021 17:17:20.847] Запрашиваем статус!
[11.01.2021 17:17:23.415] Запрашиваем статус!
[11.01.2021 17:17:24.663] Запрашиваем статус!
[11.01.2021 17:17:25.695] Запрашиваем статус!
[11.01.2021 17:17:29.951] Запрашиваем статус!
[11.01.2021 17:18:00.199] Запрашиваем статус!
[11.01.2021 17:18:02.215] Запрашиваем статус!
[11.01.2021 17:18:03.231] Запрашиваем статус!
[11.01.2021 17:18:03.750] Запрашиваем статус!
[11.01.2021 17:18:04.046] Запрашиваем статус!
