[08.02.2021 14:35:17.985] Загрузили конфигурационный файл 
 server IP:1.3.1.1 server PORT:139 
 dst IP:1.3.1.60 dst PORT:77
[08.02.2021 14:35:39.015] Инициализируем сервер
[08.02.2021 14:35:39.730] Запрашиваем статус!
[08.02.2021 14:35:59.491] Отсылаем команду реального времени!
[08.02.2021 14:36:08.423] Переключаем каналы с прямого выхода на калибровку и обратно!
[08.02.2021 14:36:14.959] управляем аттенюаторами!
[08.02.2021 14:36:19.543] Переключаем каналы с прямого выхода на калибровку и обратно!
[08.02.2021 14:36:21.311] Переключаем каналы с прямого выхода на калибровку и обратно!
[08.02.2021 14:36:28.359] Переключаем каналы с прямого выхода на калибровку и обратно!
[08.02.2021 14:36:55.648] Отсылаем команду реального времени!
[08.02.2021 14:37:08.924] Отсылаем команду реального времени!
[08.02.2021 15:18:23.909] Запрашиваем статус!
[08.02.2021 15:18:37.277] Переключаем каналы с прямого выхода на калибровку и обратно!
[08.02.2021 15:18:38.133] управляем аттенюаторами!
[08.02.2021 15:18:39.357] Отсылаем команду реального времени!
[08.02.2021 15:22:43.824] Отсылаем команду реального времени!
[08.02.2021 15:36:27.868] Загрузили конфигурационный файл 
 server IP:1.3.1.1 server PORT:139 
 dst IP:1.3.1.60 dst PORT:77
[08.02.2021 15:36:36.462] Инициализируем сервер
[08.02.2021 15:36:47.517] Инициализируем сервер
[08.02.2021 15:36:51.605] Инициализируем сервер
[08.02.2021 15:36:54.165] Запрашиваем статус!
[08.02.2021 15:37:53.229] Запрашиваем статус!
[08.02.2021 15:39:47.037] Переключаем каналы с прямого выхода на калибровку и обратно!
[08.02.2021 15:39:50.029] управляем аттенюаторами!
[08.02.2021 15:40:11.264] Отсылаем команду реального времени!
[08.02.2021 15:40:17.018] Отсылаем команду реального времени!
[08.02.2021 15:40:31.777] Отсылаем команду реального времени!
[08.02.2021 15:40:49.669] Отсылаем команду реального времени!
[08.02.2021 15:40:57.281] Отсылаем команду реального времени!
[08.02.2021 15:41:07.968] Отсылаем команду реального времени!
[08.02.2021 15:41:24.707] Отсылаем команду реального времени!
[08.02.2021 15:41:34.457] Отсылаем команду реального времени!
[08.02.2021 15:41:40.574] Отсылаем команду реального времени!
[08.02.2021 15:41:57.592] Отсылаем команду реального времени!
[08.02.2021 15:42:11.259] Отсылаем команду реального времени!
[08.02.2021 15:42:36.050] Отсылаем команду реального времени!
[08.02.2021 16:59:55.386] Запрашиваем статус!
[08.02.2021 17:01:13.443] Запрашиваем статус!
[08.02.2021 17:01:20.682] Запрашиваем статус!
[08.02.2021 17:01:46.940] Запрашиваем статус!
