[10.02.2021 12:22:19.667] Загрузили конфигурационный файл 
 server IP:1.3.1.1 server PORT:139 
 dst IP:1.3.1.60 dst PORT:77
[10.02.2021 13:15:54.904] Загрузили конфигурационный файл 
 server IP:1.3.1.1 server PORT:139 
 dst IP:1.3.1.60 dst PORT:77
[10.02.2021 13:17:17.140] Инициализируем сервер
[10.02.2021 13:17:18.726] Переключаем каналы с прямого выхода на калибровку и обратно!
[10.02.2021 13:17:19.725] Запрашиваем статус!
[10.02.2021 13:17:23.436] Запрашиваем статус!
[10.02.2021 13:19:54.820] Запрашиваем статус!
[10.02.2021 13:20:13.117] Запрашиваем статус!
[10.02.2021 13:20:29.260] Запрашиваем статус!
[10.02.2021 13:20:32.037] Запрашиваем статус!
[10.02.2021 13:20:33.229] Запрашиваем статус!
[10.02.2021 13:20:48.748] Запрашиваем статус!
[10.02.2021 13:23:25.540] Запрашиваем статус!
[10.02.2021 13:23:37.988] Переключаем каналы с прямого выхода на калибровку и обратно!
[10.02.2021 13:23:38.748] управляем аттенюаторами!
[10.02.2021 13:24:47.636] управляем аттенюаторами!
[10.02.2021 13:24:48.524] Переключаем каналы с прямого выхода на калибровку и обратно!
[10.02.2021 13:24:53.358] Отсылаем команду реального времени!
[10.02.2021 13:25:01.236] Отсылаем команду реального времени!
[10.02.2021 13:25:27.084] Отсылаем команду реального времени!
[10.02.2021 13:25:45.881] Отсылаем команду реального времени!
[10.02.2021 13:25:54.364] Переключаем каналы с прямого выхода на калибровку и обратно!
[10.02.2021 13:25:55.188] управляем аттенюаторами!
[10.02.2021 13:26:03.559] Переключаем каналы с прямого выхода на калибровку и обратно!
[10.02.2021 13:26:08.541] Переключаем каналы с прямого выхода на калибровку и обратно!
[10.02.2021 13:26:21.824] Отсылаем команду реального времени!
[10.02.2021 13:26:22.339] Отсылаем команду реального времени!
[10.02.2021 13:26:44.240] Отсылаем команду реального времени!
[10.02.2021 13:27:15.644] Отсылаем команду реального времени!
[10.02.2021 13:27:20.135] Отсылаем команду реального времени!
[10.02.2021 13:27:27.532] Переключаем каналы с прямого выхода на калибровку и обратно!
[10.02.2021 13:27:28.388] управляем аттенюаторами!
[10.02.2021 13:27:41.284] Переключаем каналы с прямого выхода на калибровку и обратно!
[10.02.2021 13:27:42.244] управляем аттенюаторами!
[10.02.2021 13:29:43.812] Запрашиваем статус!
[10.02.2021 13:29:46.924] Переключаем каналы с прямого выхода на калибровку и обратно!
[10.02.2021 13:29:47.948] управляем аттенюаторами!
[10.02.2021 13:29:56.183] Отсылаем команду реального времени!
[10.02.2021 13:31:18.757] Переключаем каналы с прямого выхода на калибровку и обратно!
[10.02.2021 13:31:23.212] Переключаем каналы с прямого выхода на калибровку и обратно!
[10.02.2021 13:31:36.845] Переключаем каналы с прямого выхода на калибровку и обратно!
[10.02.2021 13:32:17.288] Отсылаем команду реального времени!
[10.02.2021 13:32:37.804] Запрашиваем статус!
[10.02.2021 13:33:00.156] Запрашиваем статус!
[10.02.2021 13:33:04.634] Отсылаем команду реального времени!
[10.02.2021 13:33:35.324] Запрашиваем статус!
[10.02.2021 13:33:37.109] Запрашиваем статус!
[10.02.2021 13:33:37.677] Запрашиваем статус!
[10.02.2021 13:33:38.101] Запрашиваем статус!
[10.02.2021 13:33:38.485] Запрашиваем статус!
[10.02.2021 13:33:39.165] Запрашиваем статус!
[10.02.2021 13:33:40.108] Запрашиваем статус!
[10.02.2021 13:33:40.917] Запрашиваем статус!
[10.02.2021 13:33:41.516] Запрашиваем статус!
[10.02.2021 13:34:13.354] Загрузили конфигурационный файл 
 server IP:1.3.1.1 server PORT:139 
 dst IP:1.3.1.61 dst PORT:77
[10.02.2021 13:34:16.508] Запрашиваем статус!
[10.02.2021 13:34:26.260] Инициализируем сервер
[10.02.2021 13:34:28.508] Запрашиваем статус!
[10.02.2021 13:34:34.397] Отсылаем команду реального времени!
[10.02.2021 13:34:44.044] Переключаем каналы с прямого выхода на калибровку и обратно!
[10.02.2021 13:34:46.676] управляем аттенюаторами!
[10.02.2021 13:35:39.966] Загрузили конфигурационный файл 
 server IP:1.3.1.1 server PORT:139 
 dst IP:1.3.1.61 dst PORT:77
[10.02.2021 13:35:45.093] Инициализируем сервер
[10.02.2021 13:35:45.652] Запрашиваем статус!
[10.02.2021 13:36:22.352] Отсылаем команду реального времени!
[10.02.2021 13:36:53.988] Переключаем каналы с прямого выхода на калибровку и обратно!
[10.02.2021 13:36:54.805] управляем аттенюаторами!
[10.02.2021 13:36:57.524] управляем аттенюаторами!
[10.02.2021 13:36:58.388] Переключаем каналы с прямого выхода на калибровку и обратно!
[10.02.2021 13:36:58.796] Переключаем каналы с прямого выхода на калибровку и обратно!
[10.02.2021 13:37:02.164] Запрашиваем статус!
[10.02.2021 13:37:07.132] Переключаем каналы с прямого выхода на калибровку и обратно!
[10.02.2021 13:37:08.222] управляем аттенюаторами!
[10.02.2021 13:37:16.175] Отсылаем команду реального времени!
[10.02.2021 13:37:48.884] Переключаем каналы с прямого выхода на калибровку и обратно!
[10.02.2021 13:37:49.988] управляем аттенюаторами!
[10.02.2021 13:37:59.757] Отсылаем команду реального времени!
[10.02.2021 13:39:48.604] Загрузили конфигурационный файл 
 server IP:1.3.1.1 server PORT:139 
 dst IP:1.3.1.60 dst PORT:77
[10.02.2021 13:39:50.940] Инициализируем сервер
[10.02.2021 13:39:58.218] Загрузили конфигурационный файл 
 server IP:1.3.1.1 server PORT:139 
 dst IP:1.3.1.60 dst PORT:77
[10.02.2021 13:40:05.109] Инициализируем сервер
[10.02.2021 13:40:06.565] Запрашиваем статус!
[10.02.2021 13:40:07.765] Переключаем каналы с прямого выхода на калибровку и обратно!
[10.02.2021 13:40:08.909] управляем аттенюаторами!
[10.02.2021 14:17:24.718] Загрузили конфигурационный файл 
 server IP:1.3.1.1 server PORT:139 
 dst IP:1.3.1.60 dst PORT:77
[10.02.2021 14:17:40.309] Инициализируем сервер
[10.02.2021 14:17:41.781] Запрашиваем статус!
[10.02.2021 14:18:15.972] Запрашиваем статус!
[10.02.2021 14:19:04.132] Запрашиваем статус!
[10.02.2021 14:19:08.669] Запрашиваем статус!
[10.02.2021 14:19:19.420] Запрашиваем статус!
[10.02.2021 14:19:42.509] Запрашиваем статус!
[10.02.2021 14:19:45.797] Запрашиваем статус!
[10.02.2021 14:19:49.837] Запрашиваем статус!
[10.02.2021 14:19:52.181] Запрашиваем статус!
[10.02.2021 14:19:52.645] Запрашиваем статус!
[10.02.2021 14:19:52.966] Запрашиваем статус!
[10.02.2021 14:19:53.212] Запрашиваем статус!
[10.02.2021 14:19:53.428] Запрашиваем статус!
[10.02.2021 14:19:53.629] Запрашиваем статус!
[10.02.2021 14:19:54.084] Запрашиваем статус!
[10.02.2021 14:19:54.597] Запрашиваем статус!
[10.02.2021 14:20:04.361] Загрузили конфигурационный файл 
 server IP:1.3.1.1 server PORT:139 
 dst IP:1.3.1.60 dst PORT:77
[10.02.2021 14:20:19.594] Инициализируем сервер
[10.02.2021 14:20:21.074] Запрашиваем статус!
[10.02.2021 14:20:28.482] управляем аттенюаторами!
[10.02.2021 14:20:30.402] Переключаем каналы с прямого выхода на калибровку и обратно!
[10.02.2021 14:20:46.023] Отсылаем команду реального времени!
[10.02.2021 14:23:09.153] Запрашиваем статус!
[10.02.2021 14:23:11.522] Переключаем каналы с прямого выхода на калибровку и обратно!
[10.02.2021 14:23:12.689] управляем аттенюаторами!
[10.02.2021 14:23:16.193] Переключаем каналы с прямого выхода на калибровку и обратно!
[10.02.2021 14:23:24.019] Отсылаем команду реального времени!
[10.02.2021 14:24:27.510] Отсылаем команду реального времени!
[10.02.2021 14:31:48.869] Отсылаем команду реального времени!
[10.02.2021 14:35:00.129] Запрашиваем статус!
[10.02.2021 14:35:12.945] Запрашиваем статус!
[10.02.2021 14:35:16.802] Отсылаем команду реального времени!
[10.02.2021 14:37:09.154] Запрашиваем статус!
[10.02.2021 14:37:17.548] Отсылаем команду реального времени!
[10.02.2021 14:40:05.020] Отсылаем команду реального времени!
[10.02.2021 14:40:14.578] Отсылаем команду реального времени!
[10.02.2021 14:40:23.865] Переключаем каналы с прямого выхода на калибровку и обратно!
[10.02.2021 14:40:26.881] управляем аттенюаторами!
[10.02.2021 14:45:47.081] Запрашиваем статус!
[10.02.2021 14:45:52.927] Отсылаем команду реального времени!
[10.02.2021 14:46:07.356] Отсылаем команду реального времени!
[10.02.2021 14:46:14.600] Отсылаем команду реального времени!
[10.02.2021 14:48:09.193] Запрашиваем статус!
[10.02.2021 14:48:13.795] Отсылаем команду реального времени!
[10.02.2021 14:50:16.282] Запрашиваем статус!
[10.02.2021 14:50:20.913] Запрашиваем статус!
[10.02.2021 14:50:27.410] Отсылаем команду реального времени!
[10.02.2021 15:03:44.257] Запрашиваем статус!
[10.02.2021 15:03:50.287] Отсылаем команду реального времени!
[10.02.2021 15:06:11.361] Запрашиваем статус!
[10.02.2021 15:13:28.706] Запрашиваем статус!
[10.02.2021 15:13:35.461] Отсылаем команду реального времени!
[10.02.2021 15:16:05.193] Запрашиваем статус!
[10.02.2021 15:16:09.062] Отсылаем команду реального времени!
[10.02.2021 15:18:20.186] Запрашиваем статус!
[10.02.2021 15:18:24.421] Отсылаем команду реального времени!
[10.02.2021 15:20:00.546] Запрашиваем статус!
[10.02.2021 15:20:03.372] Отсылаем команду реального времени!
[10.02.2021 15:20:21.952] Отсылаем команду реального времени!
[10.02.2021 15:20:26.634] Переключаем каналы с прямого выхода на калибровку и обратно!
[10.02.2021 15:20:27.570] управляем аттенюаторами!
[10.02.2021 15:20:54.274] Запрашиваем статус!
[10.02.2021 15:21:00.033] Отсылаем команду реального времени!
[10.02.2021 15:21:06.854] Отсылаем команду реального времени!
[10.02.2021 15:21:20.390] Отсылаем команду реального времени!
[10.02.2021 15:21:24.681] Переключаем каналы с прямого выхода на калибровку и обратно!
[10.02.2021 15:21:25.465] управляем аттенюаторами!
[10.02.2021 15:22:00.811] Отсылаем команду реального времени!
[10.02.2021 15:22:24.257] Отсылаем команду реального времени!
[10.02.2021 15:22:29.232] Отсылаем команду реального времени!
[10.02.2021 15:22:58.688] Отсылаем команду реального времени!
[10.02.2021 15:22:58.691] Отсылаем команду реального времени!
[10.02.2021 15:22:58.700] Отсылаем команду реального времени!
[10.02.2021 15:23:42.382] Отсылаем команду реального времени!
[10.02.2021 15:23:52.319] Отсылаем команду реального времени!
[10.02.2021 15:24:01.414] Отсылаем команду реального времени!
[10.02.2021 15:24:09.060] Отсылаем команду реального времени!
[10.02.2021 15:24:18.418] Отсылаем команду реального времени!
[10.02.2021 15:25:44.713] Загрузили конфигурационный файл 
 server IP:1.3.1.1 server PORT:139 
 dst IP:1.3.1.60 dst PORT:77
[10.02.2021 15:25:59.175] Загрузили конфигурационный файл 
 server IP:1.3.1.1 server PORT:139 
 dst IP:1.3.1.61 dst PORT:77
[10.02.2021 15:26:06.828] Загрузили конфигурационный файл 
 server IP:1.3.1.1 server PORT:139 
 dst IP:1.3.1.61 dst PORT:77
[10.02.2021 15:26:10.858] Инициализируем сервер
[10.02.2021 15:26:20.233] Запрашиваем статус!
[10.02.2021 15:26:41.255] Отсылаем команду реального времени!
[10.02.2021 15:26:44.450] Переключаем каналы с прямого выхода на калибровку и обратно!
[10.02.2021 15:26:45.274] управляем аттенюаторами!
[10.02.2021 15:26:50.329] управляем аттенюаторами!
[10.02.2021 15:26:57.281] управляем аттенюаторами!
[10.02.2021 15:26:59.138] управляем аттенюаторами!
[10.02.2021 15:27:00.490] управляем аттенюаторами!
[10.02.2021 15:27:00.754] управляем аттенюаторами!
[10.02.2021 15:27:01.186] управляем аттенюаторами!
[10.02.2021 15:27:01.562] управляем аттенюаторами!
[10.02.2021 15:27:05.545] Переключаем каналы с прямого выхода на калибровку и обратно!
[10.02.2021 15:27:23.761] Запрашиваем статус!
[10.02.2021 15:27:27.793] управляем аттенюаторами!
[10.02.2021 15:27:29.305] Переключаем каналы с прямого выхода на калибровку и обратно!
[10.02.2021 15:44:50.026] Запрашиваем статус!
[10.02.2021 15:44:57.971] Отсылаем команду реального времени!
[10.02.2021 15:45:12.585] Запрашиваем статус!
[10.02.2021 15:45:28.818] Запрашиваем статус!
[10.02.2021 15:45:31.057] Запрашиваем статус!
[10.02.2021 15:45:33.505] Запрашиваем статус!
[10.02.2021 15:45:48.539] Загрузили конфигурационный файл 
 server IP:1.3.1.1 server PORT:139 
 dst IP:1.3.1.60 dst PORT:77
[10.02.2021 15:45:49.441] Запрашиваем статус!
[10.02.2021 15:45:55.079] Загрузили конфигурационный файл 
 server IP:1.3.1.1 server PORT:139 
 dst IP:1.3.1.60 dst PORT:77
[10.02.2021 15:45:55.954] Запрашиваем статус!
[10.02.2021 15:46:04.065] Запрашиваем статус!
[10.02.2021 15:46:04.513] Запрашиваем статус!
[10.02.2021 15:46:14.389] Загрузили конфигурационный файл 
 server IP:1.3.1.1 server PORT:139 
 dst IP:1.3.1.60 dst PORT:77
[10.02.2021 15:46:18.010] Инициализируем сервер
[10.02.2021 15:46:18.714] Запрашиваем статус!
[10.02.2021 15:46:29.249] Отсылаем команду реального времени!
[10.02.2021 15:46:37.346] Переключаем каналы с прямого выхода на калибровку и обратно!
[10.02.2021 15:46:38.570] управляем аттенюаторами!
[10.02.2021 15:46:52.351] Отсылаем команду реального времени!
[10.02.2021 15:47:20.945] Отсылаем команду реального времени!
[10.02.2021 15:47:28.667] Отсылаем команду реального времени!
[10.02.2021 15:47:35.770] Отсылаем команду реального времени!
[10.02.2021 15:47:55.392] Отсылаем команду реального времени!
[10.02.2021 15:51:46.170] Запрашиваем статус!
[10.02.2021 15:51:55.538] Отсылаем команду реального времени!
[10.02.2021 15:51:59.529] Переключаем каналы с прямого выхода на калибровку и обратно!
[10.02.2021 15:52:01.690] управляем аттенюаторами!
[10.02.2021 15:53:48.032] Отсылаем команду реального времени!
[10.02.2021 15:54:00.401] Отсылаем команду реального времени!
[10.02.2021 15:57:10.037] Отсылаем команду реального времени!
[10.02.2021 15:57:36.898] Переключаем каналы с прямого выхода на калибровку и обратно!
[10.02.2021 15:57:38.434] управляем аттенюаторами!
[10.02.2021 15:57:43.499] Отсылаем команду реального времени!
[10.02.2021 16:02:45.526] Запрашиваем статус!
[10.02.2021 16:02:52.428] Отсылаем команду реального времени!
[10.02.2021 16:02:58.554] Запрашиваем статус!
[10.02.2021 16:02:59.650] Переключаем каналы с прямого выхода на калибровку и обратно!
[10.02.2021 16:03:01.034] управляем аттенюаторами!
[10.02.2021 16:03:03.318] Отсылаем команду реального времени!
[10.02.2021 16:03:26.016] Отсылаем команду реального времени!
[10.02.2021 16:03:47.825] Отсылаем команду реального времени!
[10.02.2021 16:04:33.024] Запрашиваем статус!
[10.02.2021 16:04:37.362] Запрашиваем статус!
[10.02.2021 16:05:24.321] Загрузили конфигурационный файл 
 server IP:1.3.1.1 server PORT:139 
 dst IP:1.3.1.60 dst PORT:77
[10.02.2021 16:05:34.570] Инициализируем сервер
[10.02.2021 16:05:35.586] Запрашиваем статус!
[10.02.2021 16:05:50.547] Загрузили конфигурационный файл 
 server IP:1.3.1.1 server PORT:139 
 dst IP:1.3.1.61 dst PORT:77
[10.02.2021 16:05:53.257] Запрашиваем статус!
[10.02.2021 16:05:58.761] Запрашиваем статус!
[10.02.2021 16:06:00.697] Запрашиваем статус!
[10.02.2021 16:06:01.658] Запрашиваем статус!
[10.02.2021 16:06:02.258] Запрашиваем статус!
[10.02.2021 16:06:02.642] Запрашиваем статус!
[10.02.2021 16:06:03.066] Запрашиваем статус!
[10.02.2021 16:06:03.674] Запрашиваем статус!
[10.02.2021 16:06:04.338] Запрашиваем статус!
[10.02.2021 16:06:04.594] Запрашиваем статус!
[10.02.2021 16:06:04.778] Запрашиваем статус!
[10.02.2021 16:06:04.978] Запрашиваем статус!
[10.02.2021 16:06:47.445] Загрузили конфигурационный файл 
 server IP:1.3.1.1 server PORT:139 
 dst IP:1.3.1.61 dst PORT:77
[10.02.2021 16:06:58.782] Загрузили конфигурационный файл 
 server IP:1.3.1.1 server PORT:139 
 dst IP:1.3.1.60 dst PORT:77
[10.02.2021 16:07:06.673] Инициализируем сервер
[10.02.2021 16:07:07.521] Запрашиваем статус!
[10.02.2021 16:07:22.469] Загрузили конфигурационный файл 
 server IP:1.3.1.1 server PORT:139 
 dst IP:1.3.1.61 dst PORT:77
[10.02.2021 16:07:24.865] Инициализируем сервер
[10.02.2021 16:07:27.513] Запрашиваем статус!
[10.02.2021 16:07:34.593] Инициализируем сервер
[10.02.2021 16:07:53.231] Отсылаем команду реального времени!
[10.02.2021 16:08:03.642] Переключаем каналы с прямого выхода на калибровку и обратно!
[10.02.2021 16:08:04.436] управляем аттенюаторами!
[10.02.2021 16:08:12.929] управляем аттенюаторами!
[10.02.2021 16:08:14.226] управляем аттенюаторами!
[10.02.2021 16:08:15.234] управляем аттенюаторами!
[10.02.2021 16:08:16.629] Отсылаем команду реального времени!
[10.02.2021 16:08:18.705] Переключаем каналы с прямого выхода на калибровку и обратно!
[10.02.2021 16:12:03.080] Загрузили конфигурационный файл 
 server IP:1.3.1.1 server PORT:139 
 dst IP:1.3.1.60 dst PORT:77
[10.02.2021 16:12:05.577] Инициализируем сервер
[10.02.2021 16:12:08.610] Запрашиваем статус!
[10.02.2021 16:12:19.615] Отсылаем команду реального времени!
[10.02.2021 16:12:25.670] Отсылаем команду реального времени!
[10.02.2021 16:12:47.401] Отсылаем команду реального времени!
[10.02.2021 16:13:04.906] Переключаем каналы с прямого выхода на калибровку и обратно!
[10.02.2021 16:13:05.666] управляем аттенюаторами!
[10.02.2021 16:13:08.273] Отсылаем команду реального времени!
[10.02.2021 16:13:35.808] Загрузили конфигурационный файл 
 server IP:1.3.1.1 server PORT:139 
 dst IP:1.3.1.61 dst PORT:77
[10.02.2021 16:13:36.874] Инициализируем сервер
[10.02.2021 16:13:38.890] Запрашиваем статус!
[10.02.2021 16:13:43.842] Отсылаем команду реального времени!
[10.02.2021 16:13:44.356] Отсылаем команду реального времени!
[10.02.2021 16:13:48.994] управляем аттенюаторами!
[10.02.2021 16:13:49.690] Переключаем каналы с прямого выхода на калибровку и обратно!
[10.02.2021 18:28:20.464] Инициализируем сервер
[10.02.2021 18:28:22.568] Запрашиваем статус!
[10.02.2021 18:28:26.928] Запрашиваем статус!
[10.02.2021 18:28:41.237] Загрузили конфигурационный файл 
 server IP:1.3.1.1 server PORT:139 
 dst IP:1.3.1.60 dst PORT:77
[10.02.2021 18:28:42.376] Инициализируем сервер
[10.02.2021 18:28:44.624] Запрашиваем статус!
[10.02.2021 18:30:30.736] Запрашиваем статус!
