[12.02.2021 10:33:15.570] Загрузили конфигурационный файл 
 server IP:1.3.1.1 server PORT:139 
 dst IP:1.3.1.60 dst PORT:77
[12.02.2021 10:33:19.194] Инициализируем сервер
[12.02.2021 10:33:22.674] Запрашиваем статус!
[12.02.2021 10:33:34.554] Запрашиваем статус!
[12.02.2021 10:33:49.017] Запрашиваем статус!
[12.02.2021 10:33:59.674] Отсылаем команду реального времени!
[12.02.2021 10:34:13.963] Отсылаем команду реального времени!
[12.02.2021 10:34:54.852] Отсылаем команду реального времени!
[12.02.2021 10:35:50.853] Отсылаем команду реального времени!
[12.02.2021 10:36:02.969] Запрашиваем статус!
[12.02.2021 10:36:06.137] управляем аттенюаторами!
[12.02.2021 10:36:07.129] Переключаем каналы с прямого выхода на калибровку и обратно!
[12.02.2021 10:36:10.557] Отсылаем команду реального времени!
[12.02.2021 10:36:56.857] Отсылаем команду реального времени!
[12.02.2021 10:37:41.568] Отсылаем команду реального времени!
[12.02.2021 10:38:07.900] Отсылаем команду реального времени!
[12.02.2021 10:38:20.681] Запрашиваем статус!
[12.02.2021 10:38:24.001] управляем аттенюаторами!
[12.02.2021 10:38:25.033] Переключаем каналы с прямого выхода на калибровку и обратно!
[12.02.2021 10:38:32.705] Отсылаем команду реального времени!
[12.02.2021 10:39:05.278] Отсылаем команду реального времени!
[12.02.2021 10:39:13.514] Отсылаем команду реального времени!
[12.02.2021 10:39:27.608] Отсылаем команду реального времени!
[12.02.2021 10:40:02.358] Отсылаем команду реального времени!
[12.02.2021 10:40:04.230] Отсылаем команду реального времени!
[12.02.2021 10:40:15.338] Отсылаем команду реального времени!
[12.02.2021 10:40:19.877] Отсылаем команду реального времени!
[12.02.2021 10:40:51.858] Отсылаем команду реального времени!
[12.02.2021 10:41:35.874] Запрашиваем статус!
[12.02.2021 10:41:39.065] Запрашиваем статус!
[12.02.2021 10:41:49.346] Запрашиваем статус!
[12.02.2021 10:41:58.121] Запрашиваем статус!
[12.02.2021 10:42:01.082] Запрашиваем статус!
[12.02.2021 10:42:02.210] Запрашиваем статус!
[12.02.2021 10:42:19.754] Запрашиваем статус!
[12.02.2021 10:42:57.769] Запрашиваем статус!
[12.02.2021 10:43:21.900] Отсылаем команду реального времени!
[12.02.2021 10:47:43.266] Отсылаем команду реального времени!
[12.02.2021 10:50:59.122] Отсылаем команду реального времени!
[12.02.2021 10:54:37.250] Запрашиваем статус!
[12.02.2021 10:54:59.847] Отсылаем команду реального времени!
[12.02.2021 10:57:43.899] Отсылаем команду реального времени!
[12.02.2021 11:30:33.473] Запрашиваем статус!
[12.02.2021 11:30:41.634] Запрашиваем статус!
[12.02.2021 11:30:50.993] Отсылаем команду реального времени!
[12.02.2021 11:36:27.412] Отсылаем команду реального времени!
[12.02.2021 11:39:20.335] Отсылаем команду реального времени!
[12.02.2021 11:43:05.022] Отсылаем команду реального времени!
[12.02.2021 12:09:30.071] Запрашиваем статус!
[12.02.2021 12:09:40.071] Отсылаем команду реального времени!
[12.02.2021 12:09:46.873] Отсылаем команду реального времени!
[12.02.2021 12:09:47.950] Отсылаем команду реального времени!
[12.02.2021 12:09:53.534] Отсылаем команду реального времени!
[12.02.2021 12:13:07.900] Отсылаем команду реального времени!
[12.02.2021 12:54:00.831] Запрашиваем статус!
[12.02.2021 12:54:08.203] Отсылаем команду реального времени!
[12.02.2021 12:58:04.111] Отсылаем команду реального времени!
[12.02.2021 12:58:20.350] управляем аттенюаторами!
[12.02.2021 12:58:21.094] Переключаем каналы с прямого выхода на калибровку и обратно!
[12.02.2021 12:58:37.174] управляем аттенюаторами!
[12.02.2021 12:58:38.398] Переключаем каналы с прямого выхода на калибровку и обратно!
[12.02.2021 13:00:55.524] Отсылаем команду реального времени!
[12.02.2021 13:04:00.290] Отсылаем команду реального времени!
[12.02.2021 13:06:23.030] Отсылаем команду реального времени!
[12.02.2021 13:08:06.522] Отсылаем команду реального времени!
[12.02.2021 13:10:02.119] Отсылаем команду реального времени!
[12.02.2021 13:10:32.477] Отсылаем команду реального времени!
[12.02.2021 13:10:59.776] Отсылаем команду реального времени!
[12.02.2021 13:11:12.257] Отсылаем команду реального времени!
[12.02.2021 13:12:27.406] Отсылаем команду реального времени!
[12.02.2021 13:13:48.943] Переключаем каналы с прямого выхода на калибровку и обратно!
[12.02.2021 13:13:56.271] Переключаем каналы с прямого выхода на калибровку и обратно!
[12.02.2021 13:14:02.382] Переключаем каналы с прямого выхода на калибровку и обратно!
[12.02.2021 13:14:21.046] Переключаем каналы с прямого выхода на калибровку и обратно!
[12.02.2021 13:14:48.989] Отсылаем команду реального времени!
[12.02.2021 13:21:59.211] Отсылаем команду реального времени!
[12.02.2021 13:22:13.654] Переключаем каналы с прямого выхода на калибровку и обратно!
[12.02.2021 13:23:54.760] Отсылаем команду реального времени!
[12.02.2021 13:24:45.507] Отсылаем команду реального времени!
[12.02.2021 13:24:48.970] Отсылаем команду реального времени!
[12.02.2021 13:24:51.045] Отсылаем команду реального времени!
[12.02.2021 13:24:54.449] Отсылаем команду реального времени!
[12.02.2021 13:24:57.315] Отсылаем команду реального времени!
[12.02.2021 13:28:32.143] Отсылаем команду реального времени!
[12.02.2021 14:35:48.894] Запрашиваем статус!
[12.02.2021 14:36:20.743] Отсылаем команду реального времени!
[12.02.2021 14:36:57.828] Отсылаем команду реального времени!
[12.02.2021 14:45:53.094] Запрашиваем статус!
[12.02.2021 14:45:59.773] Отсылаем команду реального времени!
[12.02.2021 14:48:32.286] Запрашиваем статус!
[12.02.2021 14:48:39.062] Запрашиваем статус!
[12.02.2021 14:48:44.306] Отсылаем команду реального времени!
[12.02.2021 14:48:46.989] Отсылаем команду реального времени!
[12.02.2021 14:49:02.581] Запрашиваем статус!
[12.02.2021 14:49:03.902] Запрашиваем статус!
[12.02.2021 14:49:24.566] Запрашиваем статус!
[12.02.2021 14:49:29.398] Запрашиваем статус!
[12.02.2021 14:49:33.742] Запрашиваем статус!
[12.02.2021 14:49:37.158] Запрашиваем статус!
[12.02.2021 14:49:39.909] Запрашиваем статус!
[12.02.2021 14:49:48.558] Запрашиваем статус!
[12.02.2021 14:49:49.734] Запрашиваем статус!
[12.02.2021 14:49:49.942] Запрашиваем статус!
[12.02.2021 14:49:50.086] Запрашиваем статус!
[12.02.2021 14:51:14.742] Запрашиваем статус!
[12.02.2021 14:51:19.420] Отсылаем команду реального времени!
[12.02.2021 14:54:13.806] Запрашиваем статус!
[12.02.2021 14:54:31.350] Запрашиваем статус!
[12.02.2021 14:54:38.182] Запрашиваем статус!
[12.02.2021 14:54:47.518] Запрашиваем статус!
[12.02.2021 14:54:47.838] Запрашиваем статус!
[12.02.2021 14:54:48.102] Запрашиваем статус!
[12.02.2021 14:58:31.839] Запрашиваем статус!
[12.02.2021 14:58:38.782] Запрашиваем статус!
[12.02.2021 14:58:42.807] Запрашиваем статус!
[12.02.2021 14:58:43.263] Запрашиваем статус!
[12.02.2021 14:58:43.743] Запрашиваем статус!
[12.02.2021 14:58:44.142] Запрашиваем статус!
[12.02.2021 14:58:44.431] Запрашиваем статус!
[12.02.2021 14:58:44.695] Запрашиваем статус!
[12.02.2021 14:58:45.102] Запрашиваем статус!
[12.02.2021 14:58:45.726] Запрашиваем статус!
[12.02.2021 15:00:41.758] Запрашиваем статус!
[12.02.2021 15:00:44.470] Запрашиваем статус!
[12.02.2021 15:00:44.710] Запрашиваем статус!
[12.02.2021 15:00:44.966] Запрашиваем статус!
[12.02.2021 15:00:58.190] Запрашиваем статус!
[12.02.2021 15:01:06.990] Запрашиваем статус!
[12.02.2021 15:11:03.614] Запрашиваем статус!
[12.02.2021 15:11:11.096] Отсылаем команду реального времени!
[12.02.2021 15:12:00.410] Отсылаем команду реального времени!
[12.02.2021 15:17:16.254] Запрашиваем статус!
[12.02.2021 15:17:58.966] Запрашиваем статус!
[12.02.2021 15:18:11.742] Запрашиваем статус!
[12.02.2021 15:18:18.131] Отсылаем команду реального времени!
[12.02.2021 15:35:15.870] Запрашиваем статус!
[12.02.2021 15:35:34.711] Отсылаем команду реального времени!
[12.02.2021 15:36:03.915] Отсылаем команду реального времени!
[12.02.2021 16:46:40.788] Запрашиваем статус!
[12.02.2021 16:46:49.373] Отсылаем команду реального времени!
[12.02.2021 16:47:04.556] управляем аттенюаторами!
[12.02.2021 16:47:05.748] Переключаем каналы с прямого выхода на калибровку и обратно!
[12.02.2021 16:47:39.183] Отсылаем команду реального времени!
[12.02.2021 17:15:30.572] Запрашиваем статус!
[12.02.2021 17:16:19.110] Отсылаем команду реального времени!
[12.02.2021 17:16:29.725] управляем аттенюаторами!
[12.02.2021 17:16:30.532] Переключаем каналы с прямого выхода на калибровку и обратно!
[12.02.2021 17:17:53.570] Запрашиваем статус!
[12.02.2021 17:18:45.908] Запрашиваем статус!
[12.02.2021 17:20:17.868] Запрашиваем статус!
[12.02.2021 17:20:22.725] Запрашиваем статус!
[12.02.2021 17:20:44.741] Запрашиваем статус!
[12.02.2021 17:21:59.572] Запрашиваем статус!
[12.02.2021 17:22:06.021] Запрашиваем статус!
[12.02.2021 17:22:21.109] Запрашиваем статус!
[12.02.2021 17:22:42.965] Запрашиваем статус!
[12.02.2021 17:23:07.444] Запрашиваем статус!
[12.02.2021 17:23:11.700] Запрашиваем статус!
[12.02.2021 17:23:11.980] Запрашиваем статус!
[12.02.2021 17:24:17.557] Запрашиваем статус!
[12.02.2021 17:24:51.476] Запрашиваем статус!
[12.02.2021 17:25:00.357] Запрашиваем статус!
[12.02.2021 18:05:55.797] Запрашиваем статус!
[12.02.2021 18:06:06.951] Отсылаем команду реального времени!
[12.02.2021 18:06:24.002] Отсылаем команду реального времени!
[12.02.2021 18:07:42.661] управляем аттенюаторами!
[12.02.2021 18:07:45.476] Переключаем каналы с прямого выхода на калибровку и обратно!
[12.02.2021 18:07:54.623] Отсылаем команду реального времени!
[12.02.2021 18:09:28.989] Отсылаем команду реального времени!
[12.02.2021 18:10:04.337] Отсылаем команду реального времени!
