[28.01.2021 13:13:59.212] Загрузили конфигурационный файл 
 server IP:1.3.1.1 server PORT:139 
 dst IP:1.3.1.60 dst PORT:77
[28.01.2021 13:15:16.408] Инициализируем сервер
[28.01.2021 13:15:17.872] Запрашиваем статус!
[28.01.2021 13:15:55.376] Отсылаем команду реального времени!
[28.01.2021 13:16:03.204] Отсылаем команду реального времени!
[28.01.2021 13:16:06.091] Отсылаем команду реального времени!
[28.01.2021 13:16:19.085] Отсылаем команду реального времени!
[28.01.2021 13:16:22.704] Отсылаем команду реального времени!
[28.01.2021 13:16:38.664] Отсылаем команду реального времени!
[28.01.2021 13:20:31.429] Загрузили конфигурационный файл 
 server IP:1.3.1.1 server PORT:139 
 dst IP:1.3.1.60 dst PORT:77
[28.01.2021 13:20:37.896] Инициализируем сервер
[28.01.2021 13:20:50.248] Отсылаем команду реального времени!
[28.01.2021 13:20:55.503] Отсылаем команду реального времени!
[28.01.2021 13:21:05.642] Отсылаем команду реального времени!
[28.01.2021 13:21:13.911] Отсылаем команду реального времени!
[28.01.2021 13:21:24.334] Отсылаем команду реального времени!
[28.01.2021 13:21:27.639] Отсылаем команду реального времени!
[28.01.2021 13:22:43.214] Загрузили конфигурационный файл 
 server IP:1.3.1.1 server PORT:139 
 dst IP:1.3.1.60 dst PORT:77
[28.01.2021 13:22:47.696] Инициализируем сервер
[28.01.2021 13:23:03.503] Отсылаем команду реального времени!
[28.01.2021 13:23:41.696] Загрузили конфигурационный файл 
 server IP:1.3.1.1 server PORT:139 
 dst IP:1.3.1.60 dst PORT:77
[28.01.2021 13:23:45.815] Инициализируем сервер
[28.01.2021 13:25:06.430] Загрузили конфигурационный файл 
 server IP:1.3.1.1 server PORT:139 
 dst IP:1.3.1.60 dst PORT:77
[28.01.2021 13:25:08.896] Инициализируем сервер
[28.01.2021 13:25:22.485] Отсылаем команду реального времени!
[28.01.2021 13:25:26.789] Отсылаем команду реального времени!
[28.01.2021 13:25:30.409] Отсылаем команду реального времени!
[28.01.2021 13:25:42.077] Отсылаем команду реального времени!
[28.01.2021 13:25:47.255] Отсылаем команду реального времени!
[28.01.2021 13:25:51.046] Отсылаем команду реального времени!
[28.01.2021 13:25:57.817] Отсылаем команду реального времени!
[28.01.2021 13:26:28.707] Отсылаем команду реального времени!
[28.01.2021 13:26:33.884] Отсылаем команду реального времени!
[28.01.2021 13:26:40.748] Отсылаем команду реального времени!
[28.01.2021 13:26:49.416] Переключаем каналы с прямого выхода на калибровку и обратно!
[28.01.2021 13:26:53.354] Отсылаем команду реального времени!
[28.01.2021 13:27:01.169] Отсылаем команду реального времени!
[28.01.2021 13:27:14.492] Отсылаем команду реального времени!
[28.01.2021 13:27:21.559] Отсылаем команду реального времени!
[28.01.2021 13:27:30.247] Отсылаем команду реального времени!
[28.01.2021 13:27:40.154] Отсылаем команду реального времени!
[28.01.2021 13:27:52.714] Отсылаем команду реального времени!
[28.01.2021 13:27:57.583] Отсылаем команду реального времени!
[28.01.2021 13:28:11.963] Отсылаем команду реального времени!
[28.01.2021 13:28:16.287] Отсылаем команду реального времени!
[28.01.2021 13:28:20.106] Отсылаем команду реального времени!
[28.01.2021 13:28:32.088] Отсылаем команду реального времени!
[28.01.2021 13:28:55.486] Отсылаем команду реального времени!
[28.01.2021 13:29:43.005] Отсылаем команду реального времени!
[28.01.2021 13:30:01.258] Отсылаем команду реального времени!
[28.01.2021 13:30:10.663] Отсылаем команду реального времени!
[28.01.2021 13:30:32.270] Отсылаем команду реального времени!
[28.01.2021 13:31:44.819] Загрузили конфигурационный файл 
 server IP:1.3.1.1 server PORT:139 
 dst IP:1.3.1.60 dst PORT:77
[28.01.2021 13:31:49.864] Инициализируем сервер
[28.01.2021 13:31:54.184] Переключаем каналы с прямого выхода на калибровку и обратно!
[28.01.2021 13:32:13.362] Отсылаем команду реального времени!
[28.01.2021 13:32:24.513] Отсылаем команду реального времени!
[28.01.2021 13:32:27.694] Отсылаем команду реального времени!
[28.01.2021 13:32:30.627] Отсылаем команду реального времени!
[28.01.2021 13:32:46.118] Отсылаем команду реального времени!
[28.01.2021 13:32:49.602] Отсылаем команду реального времени!
[28.01.2021 13:32:52.374] Отсылаем команду реального времени!
[28.01.2021 13:33:02.763] Отсылаем команду реального времени!
[28.01.2021 13:33:21.781] Отсылаем команду реального времени!
[28.01.2021 13:33:36.241] Отсылаем команду реального времени!
[28.01.2021 13:33:45.571] Отсылаем команду реального времени!
[28.01.2021 13:34:08.846] Отсылаем команду реального времени!
[28.01.2021 13:34:15.756] Отсылаем команду реального времени!
[28.01.2021 13:34:37.726] Отсылаем команду реального времени!
[28.01.2021 13:34:58.081] Отсылаем команду реального времени!
[28.01.2021 13:35:02.139] Отсылаем команду реального времени!
[28.01.2021 13:35:07.299] Отсылаем команду реального времени!
[28.01.2021 13:35:17.472] Отсылаем команду реального времени!
[28.01.2021 13:35:27.220] Отсылаем команду реального времени!
[28.01.2021 13:35:29.911] Отсылаем команду реального времени!
[28.01.2021 13:35:32.682] Отсылаем команду реального времени!
[28.01.2021 13:35:36.111] Переключаем каналы с прямого выхода на калибровку и обратно!
[28.01.2021 13:35:37.690] Отсылаем команду реального времени!
[28.01.2021 13:35:52.774] Отсылаем команду реального времени!
[28.01.2021 13:35:56.147] Отсылаем команду реального времени!
[28.01.2021 13:36:33.770] Отсылаем команду реального времени!
[28.01.2021 13:36:42.088] Отсылаем команду реального времени!
[28.01.2021 13:36:51.025] Отсылаем команду реального времени!
[28.01.2021 13:37:23.473] Отсылаем команду реального времени!
[28.01.2021 13:37:43.801] Отсылаем команду реального времени!
[28.01.2021 13:37:46.218] Отсылаем команду реального времени!
[28.01.2021 13:37:52.803] Отсылаем команду реального времени!
[28.01.2021 13:38:03.814] Отсылаем команду реального времени!
[28.01.2021 13:38:11.334] Отсылаем команду реального времени!
[28.01.2021 13:38:13.798] Отсылаем команду реального времени!
[28.01.2021 13:38:17.963] Отсылаем команду реального времени!
[28.01.2021 13:38:30.851] Отсылаем команду реального времени!
[28.01.2021 13:38:40.240] Отсылаем команду реального времени!
[28.01.2021 13:40:35.186] Отсылаем команду реального времени!
[28.01.2021 13:40:59.784] Отсылаем команду реального времени!
[28.01.2021 13:41:09.349] Отсылаем команду реального времени!
[28.01.2021 13:41:22.216] Переключаем каналы с прямого выхода на калибровку и обратно!
[28.01.2021 13:41:27.443] Отсылаем команду реального времени!
[28.01.2021 13:41:53.853] Отсылаем команду реального времени!
[28.01.2021 13:42:00.062] Отсылаем команду реального времени!
[28.01.2021 13:44:02.886] Загрузили конфигурационный файл 
 server IP:1.3.1.1 server PORT:139 
 dst IP:1.3.1.60 dst PORT:77
[28.01.2021 13:44:07.855] Инициализируем сервер
[28.01.2021 13:44:09.335] Запрашиваем статус!
[28.01.2021 13:44:43.164] Отсылаем команду реального времени!
[28.01.2021 13:44:47.859] Отсылаем команду реального времени!
[28.01.2021 13:44:54.284] Отсылаем команду реального времени!
[28.01.2021 13:45:09.033] Отсылаем команду реального времени!
[28.01.2021 13:45:15.984] Переключаем каналы с прямого выхода на калибровку и обратно!
[28.01.2021 13:45:24.336] Переключаем каналы с прямого выхода на калибровку и обратно!
[28.01.2021 13:53:58.559] Запрашиваем статус!
[28.01.2021 14:02:22.224] Запрашиваем статус!
[28.01.2021 14:02:29.584] Отсылаем команду реального времени!
[28.01.2021 14:02:39.056] Переключаем каналы с прямого выхода на калибровку и обратно!
[28.01.2021 14:02:48.903] Переключаем каналы с прямого выхода на калибровку и обратно!
[28.01.2021 14:02:54.256] Переключаем каналы с прямого выхода на калибровку и обратно!
[28.01.2021 14:03:35.073] Отсылаем команду реального времени!
[28.01.2021 14:03:49.869] Отсылаем команду реального времени!
[28.01.2021 14:03:57.585] Отсылаем команду реального времени!
[28.01.2021 14:04:10.145] Отсылаем команду реального времени!
[28.01.2021 14:04:15.728] Отсылаем команду реального времени!
[28.01.2021 14:04:18.988] Отсылаем команду реального времени!
[28.01.2021 14:04:19.790] Отсылаем команду реального времени!
[28.01.2021 14:04:24.105] Отсылаем команду реального времени!
[28.01.2021 14:04:24.903] Отсылаем команду реального времени!
[28.01.2021 14:04:25.712] Отсылаем команду реального времени!
[28.01.2021 14:12:28.350] Загрузили конфигурационный файл 
 server IP:1.3.1.1 server PORT:139 
 dst IP:1.3.1.60 dst PORT:77
[28.01.2021 14:12:31.296] Инициализируем сервер
[28.01.2021 14:12:32.088] Запрашиваем статус!
[28.01.2021 14:12:58.769] Отсылаем команду реального времени!
[28.01.2021 14:13:06.708] Отсылаем команду реального времени!
[28.01.2021 14:13:11.871] Отсылаем команду реального времени!
[28.01.2021 14:13:15.512] Отсылаем команду реального времени!
[28.01.2021 14:13:25.648] Отсылаем команду реального времени!
[28.01.2021 14:13:32.336] Переключаем каналы с прямого выхода на калибровку и обратно!
[28.01.2021 14:13:45.257] Отсылаем команду реального времени!
[28.01.2021 15:01:16.455] Загрузили конфигурационный файл 
 server IP:1.3.1.1 server PORT:139 
 dst IP:1.3.1.60 dst PORT:77
[28.01.2021 15:01:49.408] Загрузили конфигурационный файл 
 server IP:1.3.1.1 server PORT:139 
 dst IP:1.3.1.60 dst PORT:77
[28.01.2021 15:02:00.899] Переключаем каналы с прямого выхода на калибровку и обратно!
[28.01.2021 15:09:54.078] Загрузили конфигурационный файл 
 server IP:1.3.1.1 server PORT:139 
 dst IP:1.3.1.60 dst PORT:77
[28.01.2021 15:10:01.324] Инициализируем сервер
[28.01.2021 15:10:02.884] Запрашиваем статус!
[28.01.2021 15:10:17.063] Отсылаем команду реального времени!
[28.01.2021 15:10:22.260] Отсылаем команду реального времени!
[28.01.2021 15:10:30.273] Отсылаем команду реального времени!
[28.01.2021 15:10:36.780] Переключаем каналы с прямого выхода на калибровку и обратно!
[28.01.2021 15:10:44.330] Отсылаем команду реального времени!
[28.01.2021 15:10:59.300] управляем аттенюаторами!
[28.01.2021 15:11:21.660] управляем аттенюаторами!
[28.01.2021 15:11:33.516] управляем аттенюаторами!
[28.01.2021 15:11:36.419] управляем аттенюаторами!
[28.01.2021 15:11:37.883] управляем аттенюаторами!
[28.01.2021 15:11:39.124] управляем аттенюаторами!
[28.01.2021 15:11:52.260] управляем аттенюаторами!
[28.01.2021 15:12:02.196] управляем аттенюаторами!
[28.01.2021 15:12:03.756] управляем аттенюаторами!
[28.01.2021 15:12:34.236] управляем аттенюаторами!
[28.01.2021 15:12:35.292] управляем аттенюаторами!
[28.01.2021 15:12:36.596] управляем аттенюаторами!
[28.01.2021 15:12:38.020] управляем аттенюаторами!
[28.01.2021 15:12:39.188] управляем аттенюаторами!
[28.01.2021 15:12:40.508] управляем аттенюаторами!
[28.01.2021 15:12:41.924] управляем аттенюаторами!
[28.01.2021 15:12:42.852] управляем аттенюаторами!
[28.01.2021 15:12:43.828] управляем аттенюаторами!
[28.01.2021 15:12:45.156] управляем аттенюаторами!
[28.01.2021 15:12:46.172] управляем аттенюаторами!
[28.01.2021 15:12:47.219] управляем аттенюаторами!
[28.01.2021 15:12:48.387] управляем аттенюаторами!
[28.01.2021 15:12:49.669] управляем аттенюаторами!
[28.01.2021 15:12:51.028] управляем аттенюаторами!
[28.01.2021 15:12:52.116] управляем аттенюаторами!
[28.01.2021 15:13:04.434] Отсылаем команду реального времени!
[28.01.2021 15:13:10.441] Отсылаем команду реального времени!
[28.01.2021 15:13:44.498] Отсылаем команду реального времени!
[28.01.2021 15:20:01.400] Загрузили конфигурационный файл 
 server IP:1.3.1.1 server PORT:139 
 dst IP:1.3.1.60 dst PORT:77
[28.01.2021 15:21:03.852] Запрашиваем статус!
[28.01.2021 15:21:11.126] Загрузили конфигурационный файл 
 server IP:1.3.1.1 server PORT:139 
 dst IP:1.3.1.60 dst PORT:77
[28.01.2021 15:21:14.508] Инициализируем сервер
[28.01.2021 15:21:15.068] Запрашиваем статус!
[28.01.2021 15:21:19.868] управляем аттенюаторами!
[28.01.2021 15:21:26.012] управляем аттенюаторами!
[28.01.2021 15:21:30.531] управляем аттенюаторами!
[28.01.2021 15:22:53.492] Загрузили конфигурационный файл 
 server IP:1.3.1.1 server PORT:139 
 dst IP:1.3.1.60 dst PORT:77
[28.01.2021 15:22:56.884] Инициализируем сервер
[28.01.2021 15:22:59.324] управляем аттенюаторами!
[28.01.2021 15:23:01.700] управляем аттенюаторами!
[28.01.2021 15:25:57.692] Запрашиваем статус!
[28.01.2021 15:26:12.492] Переключаем каналы с прямого выхода на калибровку и обратно!
[28.01.2021 15:26:20.204] управляем аттенюаторами!
[28.01.2021 15:26:23.180] управляем аттенюаторами!
[28.01.2021 15:26:24.300] управляем аттенюаторами!
[28.01.2021 15:26:24.844] управляем аттенюаторами!
[28.01.2021 15:26:26.052] управляем аттенюаторами!
[28.01.2021 15:26:27.420] управляем аттенюаторами!
[28.01.2021 15:26:28.979] Переключаем каналы с прямого выхода на калибровку и обратно!
[28.01.2021 15:26:43.011] управляем аттенюаторами!
[28.01.2021 15:28:41.452] Запрашиваем статус!
[28.01.2021 15:28:44.797] Переключаем каналы с прямого выхода на калибровку и обратно!
[28.01.2021 15:28:46.620] управляем аттенюаторами!
[28.01.2021 15:29:27.116] управляем аттенюаторами!
[28.01.2021 15:29:41.043] управляем аттенюаторами!
[28.01.2021 15:29:49.684] управляем аттенюаторами!
[28.01.2021 15:30:21.392] Отсылаем команду реального времени!
[28.01.2021 15:30:35.868] Отсылаем команду реального времени!
[28.01.2021 15:30:36.445] Отсылаем команду реального времени!
[28.01.2021 15:30:44.509] Отсылаем команду реального времени!
[28.01.2021 15:30:45.024] Отсылаем команду реального времени!
[28.01.2021 15:30:51.859] Переключаем каналы с прямого выхода на калибровку и обратно!
[28.01.2021 15:31:11.047] Отсылаем команду реального времени!
[28.01.2021 15:31:27.814] Отсылаем команду реального времени!
[28.01.2021 15:31:38.390] Отсылаем команду реального времени!
[28.01.2021 15:31:39.874] Отсылаем команду реального времени!
[28.01.2021 15:31:42.009] Отсылаем команду реального времени!
[28.01.2021 15:31:51.612] Запрашиваем статус!
[28.01.2021 15:31:58.452] Отсылаем команду реального времени!
[28.01.2021 15:32:09.767] Запрашиваем статус!
[28.01.2021 15:32:22.373] Запрашиваем статус!
[28.01.2021 15:32:40.604] Запрашиваем статус!
[28.01.2021 15:32:48.524] Переключаем каналы с прямого выхода на калибровку и обратно!
[28.01.2021 15:32:51.396] управляем аттенюаторами!
[28.01.2021 16:30:03.532] Запрашиваем статус!
[28.01.2021 16:30:23.190] Отсылаем команду реального времени!
[28.01.2021 16:30:30.876] Переключаем каналы с прямого выхода на калибровку и обратно!
[28.01.2021 16:30:50.598] Отсылаем команду реального времени!
[28.01.2021 16:30:54.267] Отсылаем команду реального времени!
[28.01.2021 16:30:59.644] управляем аттенюаторами!
[28.01.2021 16:31:08.629] Отсылаем команду реального времени!
[28.01.2021 16:31:32.092] управляем аттенюаторами!
[28.01.2021 16:31:45.140] управляем аттенюаторами!
[28.01.2021 16:32:20.173] Отсылаем команду реального времени!
[28.01.2021 16:32:27.224] Отсылаем команду реального времени!
[28.01.2021 16:32:40.658] Отсылаем команду реального времени!
[28.01.2021 16:32:41.981] Отсылаем команду реального времени!
[28.01.2021 16:32:44.478] Отсылаем команду реального времени!
[28.01.2021 16:32:47.882] Отсылаем команду реального времени!
[28.01.2021 16:33:04.997] Отсылаем команду реального времени!
[28.01.2021 16:55:06.621] Запрашиваем статус!
[28.01.2021 16:55:18.444] управляем аттенюаторами!
[28.01.2021 16:55:19.332] Переключаем каналы с прямого выхода на калибровку и обратно!
[28.01.2021 16:55:21.310] Отсылаем команду реального времени!
[28.01.2021 16:55:46.881] Отсылаем команду реального времени!
[28.01.2021 16:55:50.889] Отсылаем команду реального времени!
[28.01.2021 16:57:33.417] Отсылаем команду реального времени!
[28.01.2021 17:00:43.890] Отсылаем команду реального времени!
[28.01.2021 17:01:19.708] Отсылаем команду реального времени!
[28.01.2021 17:01:41.601] Отсылаем команду реального времени!
[28.01.2021 17:04:14.039] Отсылаем команду реального времени!
[28.01.2021 17:06:25.864] Отсылаем команду реального времени!
[28.01.2021 17:06:32.911] Отсылаем команду реального времени!
[28.01.2021 17:06:34.020] Отсылаем команду реального времени!
[28.01.2021 17:06:34.830] Отсылаем команду реального времени!
[28.01.2021 17:06:35.616] Отсылаем команду реального времени!
[28.01.2021 17:06:37.452] Отсылаем команду реального времени!
[28.01.2021 17:06:38.237] Отсылаем команду реального времени!
[28.01.2021 17:06:39.056] Отсылаем команду реального времени!
[28.01.2021 17:09:48.010] Отсылаем команду реального времени!
[28.01.2021 17:10:08.755] Отсылаем команду реального времени!
[28.01.2021 17:36:00.982] Загрузили конфигурационный файл 
 server IP:1.3.1.1 server PORT:139 
 dst IP:1.3.1.60 dst PORT:77
[28.01.2021 17:58:26.389] Загрузили конфигурационный файл 
 server IP:1.3.1.1 server PORT:139 
 dst IP:1.3.1.60 dst PORT:77
[28.01.2021 17:58:44.269] Загрузили конфигурационный файл 
 server IP:1.3.1.1 server PORT:139 
 dst IP:1.3.1.60 dst PORT:77
[28.01.2021 18:01:17.573] Загрузили конфигурационный файл 
 server IP:1.3.1.1 server PORT:139 
 dst IP:1.3.1.60 dst PORT:77
[28.01.2021 18:01:22.162] Инициализируем сервер
[28.01.2021 18:01:23.241] Запрашиваем статус!
[28.01.2021 18:01:38.129] Запрашиваем статус!
[28.01.2021 18:02:54.050] Загрузили конфигурационный файл 
 server IP:1.3.1.1 server PORT:139 
 dst IP:1.3.1.60 dst PORT:77
[28.01.2021 18:02:55.825] Инициализируем сервер
[28.01.2021 18:03:33.263] Загрузили конфигурационный файл 
 server IP:1.3.1.1 server PORT:139 
 dst IP:1.3.1.60 dst PORT:77
[28.01.2021 18:03:35.666] Инициализируем сервер
[28.01.2021 18:14:18.105] Загрузили конфигурационный файл 
 server IP:1.3.1.1 server PORT:139 
 dst IP:1.3.1.60 dst PORT:77
[28.01.2021 18:14:20.563] Инициализируем сервер
[28.01.2021 18:15:16.040] Загрузили конфигурационный файл 
 server IP:1.3.1.1 server PORT:139 
 dst IP:1.3.1.60 dst PORT:77
[28.01.2021 18:15:17.643] Инициализируем сервер
[28.01.2021 18:16:50.735] Загрузили конфигурационный файл 
 server IP:1.3.1.1 server PORT:139 
 dst IP:1.3.1.60 dst PORT:77
[28.01.2021 18:16:53.529] Инициализируем сервер
[28.01.2021 18:17:43.505] Запрашиваем статус!
[28.01.2021 18:17:48.537] Запрашиваем статус!
[28.01.2021 18:17:55.977] Запрашиваем статус!
[28.01.2021 18:18:05.521] Запрашиваем статус!
[28.01.2021 18:18:27.338] Запрашиваем статус!
[28.01.2021 18:18:34.865] Запрашиваем статус!
[28.01.2021 18:18:45.970] Запрашиваем статус!
[28.01.2021 18:20:17.902] Загрузили конфигурационный файл 
 server IP:1.3.1.1 server PORT:139 
 dst IP:1.3.1.60 dst PORT:77
[28.01.2021 18:20:19.458] Инициализируем сервер
[28.01.2021 18:21:19.522] Загрузили конфигурационный файл 
 server IP:1.3.1.1 server PORT:139 
 dst IP:1.3.1.60 dst PORT:77
[28.01.2021 18:21:24.226] Инициализируем сервер
[28.01.2021 18:21:39.994] Переключаем каналы с прямого выхода на калибровку и обратно!
[28.01.2021 18:21:47.194] управляем аттенюаторами!
[28.01.2021 18:21:50.702] Отсылаем команду реального времени!
[28.01.2021 18:23:31.542] Загрузили конфигурационный файл 
 server IP:1.3.1.1 server PORT:139 
 dst IP:1.3.1.60 dst PORT:77
[28.01.2021 18:23:37.289] Инициализируем сервер
[28.01.2021 18:25:18.919] Загрузили конфигурационный файл 
 server IP:1.3.1.1 server PORT:139 
 dst IP:1.3.1.60 dst PORT:77
[28.01.2021 18:25:20.464] Инициализируем сервер
