[20.02.2021 10:22:01.153] Загрузили конфигурационный файл 
 server IP:1.3.1.1 server PORT:139 
 dst IP:1.3.1.60 dst PORT:77
[20.02.2021 10:22:03.957] Инициализируем сервер
[20.02.2021 10:22:04.852] Запрашиваем статус!
[20.02.2021 10:22:28.113] Отсылаем команду реального времени!
[20.02.2021 10:22:44.823] Отсылаем команду реального времени!
[20.02.2021 10:38:38.285] Запрашиваем статус!
[20.02.2021 10:38:43.008] Отсылаем команду реального времени!
[20.02.2021 10:40:55.721] Отсылаем команду реального времени!
[20.02.2021 10:40:55.724] Отсылаем команду реального времени!
[20.02.2021 10:40:55.726] Отсылаем команду реального времени!
[20.02.2021 10:41:25.937] Отсылаем команду реального времени!
[20.02.2021 10:41:25.939] Отсылаем команду реального времени!
[20.02.2021 10:41:25.944] Отсылаем команду реального времени!
[20.02.2021 10:49:34.827] Запрашиваем статус!
[20.02.2021 11:04:02.743] Запрашиваем статус!
[20.02.2021 11:04:23.475] Отсылаем команду реального времени!
[20.02.2021 11:04:23.477] Отсылаем команду реального времени!
[20.02.2021 11:04:23.480] Отсылаем команду реального времени!
[20.02.2021 11:05:00.645] Отсылаем команду реального времени!
[20.02.2021 11:05:00.647] Отсылаем команду реального времени!
[20.02.2021 11:05:00.650] Отсылаем команду реального времени!
[20.02.2021 11:26:14.399] Запрашиваем статус!
[20.02.2021 11:26:41.257] Отсылаем команду реального времени!
[20.02.2021 11:26:41.259] Отсылаем команду реального времени!
[20.02.2021 11:26:41.264] Отсылаем команду реального времени!
[20.02.2021 11:27:15.707] Отсылаем команду реального времени!
[20.02.2021 11:27:15.709] Отсылаем команду реального времени!
[20.02.2021 11:27:15.727] Отсылаем команду реального времени!
[20.02.2021 11:27:19.278] Отсылаем команду реального времени!
[20.02.2021 11:27:19.280] Отсылаем команду реального времени!
[20.02.2021 11:27:19.284] Отсылаем команду реального времени!
[20.02.2021 11:27:24.549] Переключаем каналы с прямого выхода на калибровку и обратно!
[20.02.2021 11:27:27.976] Отправляем значения аттенюатора 0=31,1=31,2=31,3=31
[20.02.2021 11:27:29.932] Отсылаем команду реального времени!
[20.02.2021 11:27:29.934] Отсылаем команду реального времени!
[20.02.2021 11:27:29.936] Отсылаем команду реального времени!
[20.02.2021 11:27:34.047] Отсылаем команду реального времени!
[20.02.2021 11:27:34.049] Отсылаем команду реального времени!
[20.02.2021 11:27:34.051] Отсылаем команду реального времени!
[20.02.2021 11:27:45.170] Отсылаем команду реального времени!
[20.02.2021 11:27:45.172] Отсылаем команду реального времени!
[20.02.2021 11:27:45.174] Отсылаем команду реального времени!
[20.02.2021 11:33:19.340] Отсылаем команду реального времени!
[20.02.2021 11:33:19.342] Отсылаем команду реального времени!
[20.02.2021 11:33:19.347] Отсылаем команду реального времени!
[20.02.2021 11:33:29.896] Запрашиваем статус!
[20.02.2021 11:33:34.254] Отсылаем команду реального времени!
[20.02.2021 11:33:34.256] Отсылаем команду реального времени!
[20.02.2021 11:33:34.260] Отсылаем команду реального времени!
[20.02.2021 11:33:46.546] Отсылаем команду реального времени!
[20.02.2021 11:33:46.547] Отсылаем команду реального времени!
[20.02.2021 11:33:46.567] Отсылаем команду реального времени!
[20.02.2021 11:33:53.583] Отсылаем команду реального времени!
[20.02.2021 11:33:53.584] Отсылаем команду реального времени!
[20.02.2021 11:33:53.590] Отсылаем команду реального времени!
[20.02.2021 11:33:57.956] Отсылаем команду реального времени!
[20.02.2021 11:33:57.958] Отсылаем команду реального времени!
[20.02.2021 11:33:57.961] Отсылаем команду реального времени!
[20.02.2021 11:34:00.337] Отсылаем команду реального времени!
[20.02.2021 11:34:00.338] Отсылаем команду реального времени!
[20.02.2021 11:34:00.341] Отсылаем команду реального времени!
[20.02.2021 11:34:14.777] Отсылаем команду реального времени!
[20.02.2021 11:34:21.865] Отсылаем команду реального времени!
[20.02.2021 11:34:34.220] Отсылаем команду реального времени!
[20.02.2021 11:43:09.068] Запрашиваем статус!
[20.02.2021 11:43:23.396] Отсылаем команду реального времени!
[20.02.2021 11:44:03.673] Отсылаем команду реального времени!
[20.02.2021 11:44:40.376] Отсылаем команду реального времени!
[20.02.2021 11:47:55.302] Запрашиваем статус!
[20.02.2021 11:48:03.698] Отсылаем команду реального времени!
[20.02.2021 11:52:14.130] Запрашиваем статус!
[20.02.2021 11:52:20.160] Отсылаем команду реального времени!
[20.02.2021 11:52:28.443] Отсылаем команду реального времени!
[20.02.2021 11:52:36.178] Отсылаем команду реального времени!
[20.02.2021 11:52:47.491] Отсылаем команду реального времени!
[20.02.2021 11:53:07.442] Отсылаем команду реального времени!
[20.02.2021 11:53:22.798] Переключаем каналы с прямого выхода на калибровку и обратно!
[20.02.2021 11:53:23.903] Отправляем значения аттенюатора 0=31,1=31,2=31,3=31
[20.02.2021 11:55:29.904] Отсылаем команду реального времени!
[20.02.2021 11:55:56.431] Загрузили конфигурационный файл 
 server IP:1.3.1.1 server PORT:139 
 dst IP:1.3.1.60 dst PORT:77
[20.02.2021 11:55:59.822] Инициализируем сервер
[20.02.2021 11:56:00.657] Запрашиваем статус!
[20.02.2021 11:56:27.704] Отсылаем команду реального времени!
[20.02.2021 12:00:29.226] Отсылаем команду реального времени!
[20.02.2021 12:12:08.611] Запрашиваем статус!
[20.02.2021 12:12:13.863] Переключаем каналы с прямого выхода на калибровку и обратно!
[20.02.2021 12:12:15.319] Отправляем значения аттенюатора 0=31,1=31,2=31,3=31
[20.02.2021 12:14:52.904] Отсылаем команду реального времени!
[20.02.2021 12:16:45.753] Загрузили конфигурационный файл 
 server IP:1.3.1.1 server PORT:139 
 dst IP:1.3.1.60 dst PORT:77
[20.02.2021 12:16:51.451] Инициализируем сервер
[20.02.2021 12:17:13.811] Запрашиваем статус!
[20.02.2021 12:17:27.680] Отсылаем команду реального времени!
[20.02.2021 12:17:33.965] Отсылаем команду реального времени!
[20.02.2021 12:17:41.731] Отсылаем команду реального времени!
[20.02.2021 12:17:46.795] Отсылаем команду реального времени!
[20.02.2021 12:17:51.212] Переключаем каналы с прямого выхода на калибровку и обратно!
[20.02.2021 12:17:52.584] Отправляем значения аттенюатора 0=31,1=31,2=31,3=31
[20.02.2021 12:17:53.734] Отсылаем команду реального времени!
[20.02.2021 12:17:57.146] Отсылаем команду реального времени!
[20.02.2021 12:17:59.535] Отсылаем команду реального времени!
[20.02.2021 12:18:17.471] Отсылаем команду реального времени!
[20.02.2021 12:18:34.883] Отсылаем команду реального времени!
[20.02.2021 12:18:49.326] Отсылаем команду реального времени!
[20.02.2021 12:19:04.945] Переключаем каналы с прямого выхода на калибровку и обратно!
[20.02.2021 12:19:14.750] Переключаем каналы с прямого выхода на калибровку и обратно!
[20.02.2021 12:19:19.090] Переключаем каналы с прямого выхода на калибровку и обратно!
[20.02.2021 12:19:28.282] Переключаем каналы с прямого выхода на калибровку и обратно!
[20.02.2021 12:19:32.693] Переключаем каналы с прямого выхода на калибровку и обратно!
[20.02.2021 12:19:39.148] Переключаем каналы с прямого выхода на калибровку и обратно!
[20.02.2021 12:19:45.855] Переключаем каналы с прямого выхода на калибровку и обратно!
[20.02.2021 12:19:53.393] Переключаем каналы с прямого выхода на калибровку и обратно!
[20.02.2021 12:20:17.129] Переключаем каналы с прямого выхода на калибровку и обратно!
[20.02.2021 12:20:25.124] Переключаем каналы с прямого выхода на калибровку и обратно!
[20.02.2021 12:20:42.605] Переключаем каналы с прямого выхода на калибровку и обратно!
[20.02.2021 12:21:11.022] Отсылаем команду реального времени!
[20.02.2021 12:21:19.702] Переключаем каналы с прямого выхода на калибровку и обратно!
[20.02.2021 12:22:02.747] Переключаем каналы с прямого выхода на калибровку и обратно!
[20.02.2021 12:22:08.907] Переключаем каналы с прямого выхода на калибровку и обратно!
[20.02.2021 12:22:37.521] Переключаем каналы с прямого выхода на калибровку и обратно!
[20.02.2021 12:22:45.942] Переключаем каналы с прямого выхода на калибровку и обратно!
[20.02.2021 12:22:51.074] Переключаем каналы с прямого выхода на калибровку и обратно!
[20.02.2021 12:22:56.085] Переключаем каналы с прямого выхода на калибровку и обратно!
[20.02.2021 12:23:04.711] Переключаем каналы с прямого выхода на калибровку и обратно!
[20.02.2021 12:23:20.170] Переключаем каналы с прямого выхода на калибровку и обратно!
[20.02.2021 12:24:34.082] Запрашиваем статус!
[20.02.2021 12:24:44.186] Отсылаем команду реального времени!
[20.02.2021 12:24:56.664] Отсылаем команду реального времени!
[20.02.2021 12:25:00.583] Отсылаем команду реального времени!
[20.02.2021 12:25:04.586] Отсылаем команду реального времени!
[20.02.2021 12:25:08.618] Запрашиваем статус!
[20.02.2021 12:25:13.154] Отсылаем команду реального времени!
[20.02.2021 12:25:25.429] Запрашиваем статус!
[20.02.2021 12:25:38.176] Запрашиваем статус!
[20.02.2021 12:25:43.446] Переключаем каналы с прямого выхода на калибровку и обратно!
[20.02.2021 12:25:46.480] Отправляем значения аттенюатора 0=31,1=31,2=31,3=31
[20.02.2021 12:28:38.400] Переключаем каналы с прямого выхода на калибровку и обратно!
[20.02.2021 12:28:40.309] Отсылаем команду реального времени!
[20.02.2021 12:28:49.389] Отсылаем команду реального времени!
[20.02.2021 12:29:58.419] Отправляем значения аттенюатора 0=10,1=31,2=31,3=31
[20.02.2021 12:30:00.437] Отправляем значения аттенюатора 0=10,1=31,2=31,3=31
[20.02.2021 12:30:05.630] Отправляем значения аттенюатора 0=31,1=10,2=31,3=31
[20.02.2021 12:30:14.468] Отправляем значения аттенюатора 0=31,1=31,2=10,3=31
[20.02.2021 12:30:20.456] Отправляем значения аттенюатора 0=31,1=31,2=0,3=31
[20.02.2021 12:30:29.922] Отправляем значения аттенюатора 0=31,1=31,2=10,3=31
[20.02.2021 12:30:36.764] Отправляем значения аттенюатора 0=31,1=31,2=5,3=31
[20.02.2021 12:31:25.420] Отсылаем команду реального времени!
[20.02.2021 12:32:00.052] Отправляем значения аттенюатора 0=31,1=31,2=5,3=5
[20.02.2021 12:32:02.938] Отправляем значения аттенюатора 0=31,1=31,2=5,3=5
[20.02.2021 12:32:07.369] Отправляем значения аттенюатора 0=31,1=5,2=5,3=5
[20.02.2021 12:32:12.075] Отправляем значения аттенюатора 0=5,1=5,2=5,3=5
[20.02.2021 12:33:57.218] Отсылаем команду реального времени!
[20.02.2021 12:34:28.701] Переключаем каналы с прямого выхода на калибровку и обратно!
[20.02.2021 12:34:33.752] Переключаем каналы с прямого выхода на калибровку и обратно!
[20.02.2021 12:34:39.331] Переключаем каналы с прямого выхода на калибровку и обратно!
[20.02.2021 12:34:44.791] Переключаем каналы с прямого выхода на калибровку и обратно!
[20.02.2021 12:36:28.151] Отсылаем команду реального времени!
[20.02.2021 12:37:18.665] Загрузили конфигурационный файл 
 server IP:1.3.1.1 server PORT:139 
 dst IP:1.3.1.60 dst PORT:77
[20.02.2021 12:37:24.116] Инициализируем сервер
[20.02.2021 12:39:38.682] Загрузили конфигурационный файл 
 server IP:1.3.1.1 server PORT:139 
 dst IP:1.3.1.60 dst PORT:77
[20.02.2021 12:39:47.074] Отсылаем команду реального времени!
[20.02.2021 12:39:53.598] Загрузили конфигурационный файл 
 server IP:1.3.1.1 server PORT:139 
 dst IP:1.3.1.60 dst PORT:77
[20.02.2021 12:39:57.092] Инициализируем сервер
[20.02.2021 12:40:02.892] Отсылаем команду реального времени!
[20.02.2021 12:42:30.709] Загрузили конфигурационный файл 
 server IP:1.3.1.1 server PORT:139 
 dst IP:1.3.1.60 dst PORT:77
[20.02.2021 12:42:39.436] Инициализируем сервер
[20.02.2021 12:42:40.735] Отсылаем команду реального времени!
[20.02.2021 12:43:16.451] Загрузили конфигурационный файл 
 server IP:1.3.1.1 server PORT:139 
 dst IP:1.3.1.60 dst PORT:77
[20.02.2021 12:43:18.156] Инициализируем сервер
[20.02.2021 12:53:20.543] Загрузили конфигурационный файл 
 server IP:1.3.1.1 server PORT:139 
 dst IP:1.3.1.60 dst PORT:77
[20.02.2021 12:53:38.331] Инициализируем сервер
[20.02.2021 12:54:08.563] Запрашиваем статус!
[20.02.2021 12:54:18.484] Переключаем каналы с прямого выхода на калибровку и обратно!
[20.02.2021 12:54:29.619] Отсылаем команду реального времени!
[20.02.2021 12:54:42.026] Отправляем значения аттенюатора 0=5,1=5,2=5,3=5
[20.02.2021 12:56:31.414] Загрузили конфигурационный файл 
 server IP:1.3.1.1 server PORT:139 
 dst IP:1.3.1.60 dst PORT:77
[20.02.2021 12:56:34.941] Инициализируем сервер
[20.02.2021 12:56:49.967] Запрашиваем статус!
[20.02.2021 12:56:59.520] Отсылаем команду реального времени!
[20.02.2021 12:57:38.702] Переключаем каналы с прямого выхода на калибровку и обратно!
[20.02.2021 12:57:43.577] Переключаем каналы с прямого выхода на калибровку и обратно!
[20.02.2021 12:57:53.150] Отправляем значения аттенюатора 0=5,1=5,2=5,3=5
[20.02.2021 12:57:57.978] Отправляем значения аттенюатора 0=5,1=5,2=5,3=5
[20.02.2021 12:58:03.235] Отсылаем команду реального времени!
[20.02.2021 12:59:06.530] Переключаем каналы с прямого выхода на калибровку и обратно!
[20.02.2021 12:59:08.000] Отправляем значения аттенюатора 0=5,1=5,2=5,3=5
[20.02.2021 12:59:08.005] Отправляем значения аттенюатора 0=5,1=5,2=5,3=5
[20.02.2021 12:59:08.337] Отправляем значения аттенюатора 0=5,1=5,2=5,3=5
[20.02.2021 13:00:27.936] Отсылаем команду реального времени!
[20.02.2021 13:04:00.547] Запрашиваем статус!
[20.02.2021 13:04:24.903] Отсылаем команду реального времени!
[20.02.2021 13:04:31.138] Отсылаем команду реального времени!
[20.02.2021 13:04:36.445] Отсылаем команду реального времени!
[20.02.2021 13:04:37.197] Отсылаем команду реального времени!
[20.02.2021 13:04:42.036] Переключаем каналы с прямого выхода на калибровку и обратно!
[20.02.2021 13:04:43.692] Отправляем значения аттенюатора 0=5,1=5,2=5,3=5
[20.02.2021 13:04:43.913] Отправляем значения аттенюатора 0=5,1=5,2=5,3=5
[20.02.2021 13:04:44.275] Отправляем значения аттенюатора 0=5,1=5,2=5,3=5
[20.02.2021 13:04:52.990] Запрашиваем статус!
[20.02.2021 13:04:59.997] Отсылаем команду реального времени!
[20.02.2021 13:05:10.146] Отсылаем команду реального времени!
[20.02.2021 13:05:23.933] Запрашиваем статус!
[20.02.2021 13:05:28.361] Отсылаем команду реального времени!
[20.02.2021 13:05:34.988] Отправляем значения аттенюатора 0=5,1=5,2=5,3=5
[20.02.2021 13:05:36.632] Переключаем каналы с прямого выхода на калибровку и обратно!
[20.02.2021 13:05:41.027] Отсылаем команду реального времени!
[20.02.2021 13:06:23.753] Запрашиваем статус!
[20.02.2021 13:06:51.292] Переключаем каналы с прямого выхода на калибровку и обратно!
[20.02.2021 13:06:53.098] Отправляем значения аттенюатора 0=5,1=5,2=5,3=5
[20.02.2021 13:07:05.199] Отправляем значения аттенюатора 0=5,1=5,2=5,3=30
[20.02.2021 13:07:11.145] Отправляем значения аттенюатора 0=5,1=5,2=30,3=30
[20.02.2021 13:07:17.406] Отправляем значения аттенюатора 0=5,1=30,2=30,3=30
[20.02.2021 13:07:23.282] Отправляем значения аттенюатора 0=30,1=30,2=30,3=30
[20.02.2021 13:07:26.748] Отправляем значения аттенюатора 0=30,1=30,2=30,3=30
[20.02.2021 13:07:27.109] Отправляем значения аттенюатора 0=30,1=30,2=30,3=30
[20.02.2021 13:07:27.412] Отправляем значения аттенюатора 0=30,1=30,2=30,3=30
[20.02.2021 13:07:46.454] Отправляем значения аттенюатора 0=30,1=30,2=0,3=0
[20.02.2021 13:07:54.633] Отправляем значения аттенюатора 0=30,1=30,2=5,3=5
[20.02.2021 13:08:01.167] Отсылаем команду реального времени!
[20.02.2021 13:09:57.314] Запрашиваем статус!
[20.02.2021 13:10:05.414] Отсылаем команду реального времени!
[20.02.2021 13:10:15.865] Запрашиваем статус!
[20.02.2021 13:10:20.469] Отсылаем команду реального времени!
[20.02.2021 13:22:40.786] Загрузили конфигурационный файл 
 server IP:1.3.1.1 server PORT:139 
 dst IP:1.3.1.60 dst PORT:77
[20.02.2021 13:22:44.018] Инициализируем сервер
[20.02.2021 13:22:45.089] Запрашиваем статус!
[20.02.2021 13:23:08.404] Отсылаем команду реального времени!
[20.02.2021 13:23:26.538] Запрашиваем статус!
[20.02.2021 13:23:31.598] Отсылаем команду реального времени!
[20.02.2021 13:23:36.249] Отсылаем команду реального времени!
[20.02.2021 13:25:32.621] Загрузили конфигурационный файл 
 server IP:1.3.1.1 server PORT:139 
 dst IP:1.3.1.60 dst PORT:77
[20.02.2021 13:25:41.857] Инициализируем сервер
[20.02.2021 13:25:42.665] Запрашиваем статус!
[20.02.2021 13:25:46.618] Отсылаем команду реального времени!
[20.02.2021 13:32:13.461] Запрашиваем статус!
[20.02.2021 13:32:20.660] Отсылаем команду реального времени!
[20.02.2021 13:35:08.250] Запрашиваем статус!
[20.02.2021 13:35:17.132] Переключаем каналы с прямого выхода на калибровку и обратно!
[20.02.2021 13:35:18.416] Отправляем значения аттенюатора 0=31,1=31,2=31,3=31
[20.02.2021 13:35:27.933] Переключаем каналы с прямого выхода на калибровку и обратно!
[20.02.2021 13:35:36.038] Отсылаем команду реального времени!
[20.02.2021 13:36:08.572] Отправляем значения аттенюатора 0=31,1=31,2=31,3=5
[20.02.2021 13:36:14.238] Отправляем значения аттенюатора 0=31,1=31,2=5,3=5
[20.02.2021 13:36:19.438] Отправляем значения аттенюатора 0=31,1=5,2=5,3=5
[20.02.2021 13:36:23.970] Отправляем значения аттенюатора 0=5,1=5,2=5,3=5
[20.02.2021 13:38:21.163] Отсылаем команду реального времени!
[20.02.2021 13:39:08.264] Загрузили конфигурационный файл 
 server IP:1.3.1.1 server PORT:139 
 dst IP:1.3.1.60 dst PORT:77
[20.02.2021 13:39:11.199] Инициализируем сервер
[20.02.2021 13:39:12.108] Запрашиваем статус!
[20.02.2021 13:39:20.590] Отсылаем команду реального времени!
[20.02.2021 13:39:43.886] Переключаем каналы с прямого выхода на калибровку и обратно!
[20.02.2021 13:39:46.085] Отправляем значения аттенюатора 0=31,1=31,2=31,3=31
[20.02.2021 13:39:54.684] Отправляем значения аттенюатора 0=0,1=31,2=31,3=31
[20.02.2021 13:39:57.619] Отправляем значения аттенюатора 0=0,1=0,2=31,3=31
[20.02.2021 13:40:01.060] Отправляем значения аттенюатора 0=0,1=0,2=0,3=31
[20.02.2021 13:40:02.681] Отправляем значения аттенюатора 0=0,1=0,2=0,3=0
[20.02.2021 13:40:54.479] Отсылаем команду реального времени!
[20.02.2021 13:41:01.530] Отсылаем команду реального времени!
[20.02.2021 13:41:05.574] Отсылаем команду реального времени!
[20.02.2021 13:41:07.943] Отсылаем команду реального времени!
[20.02.2021 13:41:10.379] Отсылаем команду реального времени!
[20.02.2021 13:41:18.018] Отсылаем команду реального времени!
[20.02.2021 13:41:32.792] Отсылаем команду реального времени!
[20.02.2021 13:42:16.513] Загрузили конфигурационный файл 
 server IP:1.3.1.1 server PORT:139 
 dst IP:1.3.1.60 dst PORT:77
[20.02.2021 13:45:08.807] Загрузили конфигурационный файл 
 server IP:1.3.1.1 server PORT:139 
 dst IP:1.3.1.60 dst PORT:77
[20.02.2021 13:45:12.751] Инициализируем сервер
[20.02.2021 13:45:14.510] Запрашиваем статус!
[20.02.2021 13:45:22.835] Отсылаем команду реального времени!
[20.02.2021 13:45:49.748] Отправляем значения аттенюатора 0=0,1=0,2=0,3=0
[20.02.2021 13:45:52.104] Отправляем значения аттенюатора 0=0,1=0,2=0,3=0
[20.02.2021 13:45:54.283] Отсылаем команду реального времени!
[20.02.2021 13:45:59.825] Переключаем каналы с прямого выхода на калибровку и обратно!
[20.02.2021 13:46:21.784] Отсылаем команду реального времени!
[20.02.2021 13:46:24.568] Отсылаем команду реального времени!
[20.02.2021 13:46:32.900] Запрашиваем статус!
[20.02.2021 13:46:37.650] Переключаем каналы с прямого выхода на калибровку и обратно!
[20.02.2021 13:46:39.918] Отправляем значения аттенюатора 0=0,1=0,2=0,3=0
[20.02.2021 13:47:53.630] Загрузили конфигурационный файл 
 server IP:1.3.1.1 server PORT:139 
 dst IP:1.3.1.60 dst PORT:77
[20.02.2021 13:47:56.703] Инициализируем сервер
[20.02.2021 13:48:05.983] Запрашиваем статус!
[20.02.2021 13:48:13.524] Отсылаем команду реального времени!
[20.02.2021 13:48:18.010] Переключаем каналы с прямого выхода на калибровку и обратно!
[20.02.2021 13:50:23.429] Запрашиваем статус!
[20.02.2021 13:50:57.227] Переключаем каналы с прямого выхода на калибровку и обратно!
[20.02.2021 13:51:01.186] Отсылаем команду реального времени!
[20.02.2021 13:51:05.399] Отправляем значения аттенюатора 0=31,1=31,2=31,3=31
[20.02.2021 14:01:01.578] Запрашиваем статус!
[20.02.2021 14:01:07.436] Отсылаем команду реального времени!
[20.02.2021 14:01:10.876] Переключаем каналы с прямого выхода на калибровку и обратно!
[20.02.2021 14:01:11.998] Отправляем значения аттенюатора 0=31,1=31,2=31,3=31
[20.02.2021 14:01:16.111] Отправляем значения аттенюатора 0=31,1=31,2=31,3=31
[20.02.2021 14:01:20.296] Отправляем значения аттенюатора 0=31,1=31,2=31,3=31
[20.02.2021 14:01:28.531] Отсылаем команду реального времени!
[20.02.2021 14:01:35.427] Переключаем каналы с прямого выхода на калибровку и обратно!
[20.02.2021 14:02:47.537] Загрузили конфигурационный файл 
 server IP:1.3.1.1 server PORT:139 
 dst IP:1.3.1.60 dst PORT:77
[20.02.2021 14:02:56.695] Инициализируем сервер
[20.02.2021 14:02:57.798] Запрашиваем статус!
[20.02.2021 14:03:22.639] Запрашиваем статус!
[20.02.2021 14:03:33.531] Отсылаем команду реального времени!
[20.02.2021 14:08:16.874] Загрузили конфигурационный файл 
 server IP:1.3.1.1 server PORT:139 
 dst IP:1.3.1.60 dst PORT:77
[20.02.2021 14:08:18.807] Инициализируем сервер
[20.02.2021 14:11:12.685] Загрузили конфигурационный файл 
 server IP:1.3.1.1 server PORT:139 
 dst IP:1.3.1.60 dst PORT:77
[20.02.2021 14:11:16.039] Инициализируем сервер
[20.02.2021 14:11:33.213] Отсылаем команду реального времени!
[20.02.2021 14:11:35.887] Запрашиваем статус!
[20.02.2021 14:11:51.532] Отправляем значения аттенюатора 0=31,1=31,2=31,3=31
[20.02.2021 14:11:54.436] Отправляем значения аттенюатора 0=31,1=31,2=31,3=31
[20.02.2021 14:11:56.032] Переключаем каналы с прямого выхода на калибровку и обратно!
[20.02.2021 14:12:21.103] Отсылаем команду реального времени!
[20.02.2021 14:12:29.495] Переключаем каналы с прямого выхода на калибровку и обратно!
[20.02.2021 14:34:26.411] Загрузили конфигурационный файл 
 server IP:1.3.1.1 server PORT:139 
 dst IP:1.3.1.60 dst PORT:77
[20.02.2021 14:35:37.279] Инициализируем сервер
[20.02.2021 14:35:45.583] Запрашиваем статус!
[20.02.2021 14:36:08.210] Отсылаем команду реального времени!
[20.02.2021 14:36:26.081] Запрашиваем статус!
[20.02.2021 14:36:30.539] Отсылаем команду реального времени!
[20.02.2021 14:37:21.367] Запрашиваем статус!
[20.02.2021 14:37:53.244] Запрашиваем статус!
[20.02.2021 14:38:03.821] Отсылаем команду реального времени!
[20.02.2021 14:40:08.799] Переключаем каналы с прямого выхода на калибровку и обратно!
[20.02.2021 14:40:39.229] Отсылаем команду реального времени!
[20.02.2021 14:40:43.035] Переключаем каналы с прямого выхода на калибровку и обратно!
[20.02.2021 14:40:49.627] Отсылаем команду реального времени!
[20.02.2021 14:50:40.199] Загрузили конфигурационный файл 
 server IP:1.3.1.1 server PORT:139 
 dst IP:1.3.1.60 dst PORT:77
[20.02.2021 14:50:48.423] Инициализируем сервер
[20.02.2021 14:50:50.463] Запрашиваем статус!
[20.02.2021 14:51:04.215] Запрашиваем статус!
[20.02.2021 14:51:28.803] Отсылаем команду реального времени!
[20.02.2021 14:51:33.176] Переключаем каналы с прямого выхода на калибровку и обратно!
[20.02.2021 14:51:34.374] Отправляем значения аттенюатора 0=31,1=31,2=31,3=31
[20.02.2021 14:51:58.619] Запрашиваем статус!
[20.02.2021 14:52:03.442] Запрашиваем статус!
[20.02.2021 14:52:07.865] Отсылаем команду реального времени!
[20.02.2021 14:52:15.169] Переключаем каналы с прямого выхода на калибровку и обратно!
[20.02.2021 14:52:17.284] Отправляем значения аттенюатора 0=31,1=31,2=31,3=31
[20.02.2021 14:52:21.542] Отправляем значения аттенюатора 0=31,1=31,2=31,3=31
[20.02.2021 14:53:13.927] Отсылаем команду реального времени!
[20.02.2021 14:53:14.444] Отсылаем команду реального времени!
[20.02.2021 14:53:47.833] Отсылаем команду реального времени!
[20.02.2021 14:54:09.094] Отсылаем команду реального времени!
[20.02.2021 14:56:47.826] Отсылаем команду реального времени!
[20.02.2021 14:56:57.428] Переключаем каналы с прямого выхода на калибровку и обратно!
[20.02.2021 14:57:18.212] Отсылаем команду реального времени!
[20.02.2021 14:58:13.329] Отсылаем команду реального времени!
[20.02.2021 14:58:19.329] Переключаем каналы с прямого выхода на калибровку и обратно!
