[11.02.2021 10:00:09.686] Загрузили конфигурационный файл 
 server IP:1.3.1.1 server PORT:139 
 dst IP:1.3.1.60 dst PORT:77
[11.02.2021 10:01:26.670] Запрашиваем статус!
[11.02.2021 10:01:26.671] Проблема с UDP!
[11.02.2021 10:01:28.950] Инициализируем сервер
[11.02.2021 10:01:29.887] Запрашиваем статус!
[11.02.2021 10:01:33.078] Инициализируем сервер
[11.02.2021 10:01:35.174] Запрашиваем статус!
[11.02.2021 10:01:51.640] Загрузили конфигурационный файл 
 server IP:1.3.1.1 server PORT:139 
 dst IP:1.3.1.60 dst PORT:77
[11.02.2021 10:01:52.870] Инициализируем сервер
[11.02.2021 10:01:55.118] Запрашиваем статус!
[11.02.2021 10:01:56.374] Запрашиваем статус!
[11.02.2021 10:02:24.359] Запрашиваем статус!
[11.02.2021 10:02:31.694] управляем аттенюаторами!
[11.02.2021 10:02:32.902] Переключаем каналы с прямого выхода на калибровку и обратно!
[11.02.2021 10:02:42.571] Отсылаем команду реального времени!
[11.02.2021 10:04:50.928] Отсылаем команду реального времени!
[11.02.2021 10:12:13.198] Запрашиваем статус!
[11.02.2021 10:12:27.254] Запрашиваем статус!
[11.02.2021 10:12:46.542] Запрашиваем статус!
[11.02.2021 10:18:21.990] Запрашиваем статус!
[11.02.2021 10:19:27.494] Запрашиваем статус!
[11.02.2021 10:19:29.974] Запрашиваем статус!
[11.02.2021 10:19:32.563] Запрашиваем статус!
[11.02.2021 10:19:39.031] Запрашиваем статус!
[11.02.2021 10:19:41.630] Запрашиваем статус!
[11.02.2021 10:19:44.166] Запрашиваем статус!
[11.02.2021 10:19:47.902] Запрашиваем статус!
[11.02.2021 10:19:50.030] Запрашиваем статус!
[11.02.2021 10:19:52.055] Запрашиваем статус!
[11.02.2021 10:19:53.967] Запрашиваем статус!
[11.02.2021 10:20:03.678] Отсылаем команду реального времени!
[11.02.2021 10:20:08.583] управляем аттенюаторами!
[11.02.2021 10:20:09.375] Переключаем каналы с прямого выхода на калибровку и обратно!
[11.02.2021 10:54:33.180] Запрашиваем статус!
[11.02.2021 10:54:57.683] Запрашиваем статус!
[11.02.2021 10:54:59.968] Запрашиваем статус!
[11.02.2021 10:55:03.103] Запрашиваем статус!
[11.02.2021 10:55:06.922] Запрашиваем статус!
[11.02.2021 10:55:14.476] Запрашиваем статус!
[11.02.2021 11:48:10.700] Запрашиваем статус!
[11.02.2021 11:48:19.708] Запрашиваем статус!
[11.02.2021 11:48:22.051] Запрашиваем статус!
[11.02.2021 11:48:25.283] Запрашиваем статус!
[11.02.2021 11:48:34.652] Запрашиваем статус!
[11.02.2021 14:20:47.532] Запрашиваем статус!
[11.02.2021 14:22:06.428] Инициализируем сервер
[11.02.2021 14:22:08.764] Запрашиваем статус!
[11.02.2021 14:22:15.092] управляем аттенюаторами!
[11.02.2021 14:22:16.028] Переключаем каналы с прямого выхода на калибровку и обратно!
[11.02.2021 14:22:18.463] Отсылаем команду реального времени!
[11.02.2021 14:23:24.236] Запрашиваем статус!
[11.02.2021 14:23:40.836] управляем аттенюаторами!
[11.02.2021 14:23:43.108] Переключаем каналы с прямого выхода на калибровку и обратно!
[11.02.2021 15:13:31.933] Запрашиваем статус!
[11.02.2021 15:13:36.934] Запрашиваем статус!
[11.02.2021 15:13:41.054] Отсылаем команду реального времени!
[11.02.2021 15:13:51.285] Переключаем каналы с прямого выхода на калибровку и обратно!
[11.02.2021 15:13:52.102] управляем аттенюаторами!
[11.02.2021 16:20:19.875] Запрашиваем статус!
[11.02.2021 16:20:24.726] Отсылаем команду реального времени!
[11.02.2021 16:20:35.490] Отсылаем команду реального времени!
[11.02.2021 16:20:58.795] Переключаем каналы с прямого выхода на калибровку и обратно!
[11.02.2021 16:20:59.891] управляем аттенюаторами!
[11.02.2021 16:21:02.835] Запрашиваем статус!
[11.02.2021 16:21:06.674] управляем аттенюаторами!
[11.02.2021 16:21:07.834] Переключаем каналы с прямого выхода на калибровку и обратно!
[11.02.2021 16:21:09.981] Отсылаем команду реального времени!
[11.02.2021 16:21:20.277] Отсылаем команду реального времени!
[11.02.2021 16:21:46.798] Отсылаем команду реального времени!
[11.02.2021 16:21:56.407] Отсылаем команду реального времени!
[11.02.2021 16:22:03.428] Отсылаем команду реального времени!
[11.02.2021 16:22:09.153] Отсылаем команду реального времени!
[11.02.2021 16:22:12.788] Отсылаем команду реального времени!
[11.02.2021 16:22:16.066] Переключаем каналы с прямого выхода на калибровку и обратно!
[11.02.2021 16:22:17.162] управляем аттенюаторами!
[11.02.2021 16:22:26.984] Отсылаем команду реального времени!
[11.02.2021 16:22:34.168] Отсылаем команду реального времени!
[11.02.2021 16:23:16.715] Запрашиваем статус!
[11.02.2021 16:23:51.539] Переключаем каналы с прямого выхода на калибровку и обратно!
[11.02.2021 16:23:52.739] управляем аттенюаторами!
[11.02.2021 16:23:53.987] управляем аттенюаторами!
[11.02.2021 16:23:57.261] Отсылаем команду реального времени!
[11.02.2021 16:24:08.884] Отсылаем команду реального времени!
[11.02.2021 16:24:11.817] Отсылаем команду реального времени!
[11.02.2021 16:24:14.469] Отсылаем команду реального времени!
[11.02.2021 17:16:35.851] Запрашиваем статус!
[11.02.2021 17:16:49.932] Отсылаем команду реального времени!
[11.02.2021 17:17:02.627] управляем аттенюаторами!
[11.02.2021 17:17:03.499] Переключаем каналы с прямого выхода на калибровку и обратно!
[11.02.2021 18:00:45.043] Запрашиваем статус!
[11.02.2021 18:01:01.342] Отсылаем команду реального времени!
[11.02.2021 18:01:22.884] Отсылаем команду реального времени!
[11.02.2021 18:01:28.731] Запрашиваем статус!
[11.02.2021 18:01:33.083] управляем аттенюаторами!
[11.02.2021 18:01:34.083] Переключаем каналы с прямого выхода на калибровку и обратно!
[11.02.2021 18:01:36.518] Отсылаем команду реального времени!
[11.02.2021 18:01:53.132] Отсылаем команду реального времени!
[11.02.2021 18:02:17.770] Отсылаем команду реального времени!
[11.02.2021 18:02:21.728] Отсылаем команду реального времени!
[11.02.2021 18:02:22.246] Отсылаем команду реального времени!
[11.02.2021 18:02:30.902] Отсылаем команду реального времени!
[11.02.2021 18:02:33.087] Отсылаем команду реального времени!
[11.02.2021 18:02:34.963] Отсылаем команду реального времени!
[11.02.2021 18:02:35.225] Отсылаем команду реального времени!
[11.02.2021 18:02:45.877] Отсылаем команду реального времени!
[11.02.2021 18:02:49.285] Отсылаем команду реального времени!
[11.02.2021 18:02:52.977] Отсылаем команду реального времени!
[11.02.2021 18:02:55.058] Отсылаем команду реального времени!
[11.02.2021 18:02:55.567] Отсылаем команду реального времени!
[11.02.2021 18:02:57.502] Отсылаем команду реального времени!
[11.02.2021 18:02:58.793] Отсылаем команду реального времени!
[11.02.2021 18:06:12.034] Запрашиваем статус!
[11.02.2021 18:06:25.719] Отсылаем команду реального времени!
[11.02.2021 18:06:34.362] управляем аттенюаторами!
[11.02.2021 18:06:35.122] Переключаем каналы с прямого выхода на калибровку и обратно!
[11.02.2021 18:09:25.810] Запрашиваем статус!
[11.02.2021 18:09:30.720] Отсылаем команду реального времени!
[11.02.2021 18:09:36.026] управляем аттенюаторами!
[11.02.2021 18:09:36.458] управляем аттенюаторами!
[11.02.2021 18:09:37.243] Переключаем каналы с прямого выхода на калибровку и обратно!
[11.02.2021 18:09:55.074] управляем аттенюаторами!
[11.02.2021 18:09:56.050] Переключаем каналы с прямого выхода на калибровку и обратно!
[11.02.2021 18:09:58.610] Запрашиваем статус!
[11.02.2021 18:10:03.026] управляем аттенюаторами!
[11.02.2021 18:10:05.586] Переключаем каналы с прямого выхода на калибровку и обратно!
[11.02.2021 18:10:27.654] Отсылаем команду реального времени!
[11.02.2021 18:10:40.587] Отсылаем команду реального времени!
[11.02.2021 18:10:42.662] Отсылаем команду реального времени!
[11.02.2021 18:11:20.150] Отсылаем команду реального времени!
[11.02.2021 18:11:39.229] Отсылаем команду реального времени!
[11.02.2021 18:11:53.580] Отсылаем команду реального времени!
[11.02.2021 18:14:53.855] Отсылаем команду реального времени!
[11.02.2021 18:15:01.749] Отсылаем команду реального времени!
[11.02.2021 18:15:12.841] Отсылаем команду реального времени!
[11.02.2021 18:18:19.934] Отсылаем команду реального времени!
[11.02.2021 18:21:23.640] Отсылаем команду реального времени!
