[03.02.2021 11:53:59.665] Загрузили конфигурационный файл 
 server IP:1.3.1.1 server PORT:139 
 dst IP:1.3.1.60 dst PORT:77
[03.02.2021 11:54:11.066] Инициализируем сервер
[03.02.2021 11:54:17.913] Запрашиваем статус!
[03.02.2021 11:54:21.585] Запрашиваем статус!
[03.02.2021 11:54:32.570] Запрашиваем статус!
[03.02.2021 11:54:40.521] Запрашиваем статус!
[03.02.2021 11:54:59.929] Запрашиваем статус!
[03.02.2021 11:55:12.545] Запрашиваем статус!
[03.02.2021 11:56:02.191] Отсылаем команду реального времени!
[03.02.2021 11:56:22.136] Переключаем каналы с прямого выхода на калибровку и обратно!
[03.02.2021 11:56:23.097] управляем аттенюаторами!
[03.02.2021 11:56:26.007] Отсылаем команду реального времени!
[03.02.2021 11:58:29.193] Запрашиваем статус!
[03.02.2021 11:58:37.625] Отсылаем команду реального времени!
[03.02.2021 11:59:49.997] Отсылаем команду реального времени!
[03.02.2021 12:00:17.966] Отсылаем команду реального времени!
[03.02.2021 12:00:33.040] Отсылаем команду реального времени!
[03.02.2021 12:00:49.730] Отсылаем команду реального времени!
[03.02.2021 12:01:09.774] Отсылаем команду реального времени!
[03.02.2021 12:03:39.378] Отсылаем команду реального времени!
[03.02.2021 12:04:39.103] Отсылаем команду реального времени!
[03.02.2021 12:05:20.499] Отсылаем команду реального времени!
[03.02.2021 14:10:09.355] Запрашиваем статус!
[03.02.2021 14:10:15.275] Запрашиваем статус!
[03.02.2021 14:10:18.771] Переключаем каналы с прямого выхода на калибровку и обратно!
[03.02.2021 14:10:19.827] управляем аттенюаторами!
[03.02.2021 14:10:23.474] Отсылаем команду реального времени!
[03.02.2021 14:16:15.035] Запрашиваем статус!
[03.02.2021 14:16:20.066] Отсылаем команду реального времени!
[03.02.2021 14:16:52.559] Отсылаем команду реального времени!
[03.02.2021 14:17:56.767] Отсылаем команду реального времени!
