[15.02.2021 12:39:02.645] Загрузили конфигурационный файл 
 server IP:1.3.1.1 server PORT:139 
 dst IP:1.3.1.60 dst PORT:77
[15.02.2021 12:50:56.815] Загрузили конфигурационный файл 
 server IP:1.3.1.1 server PORT:139 
 dst IP:1.3.1.60 dst PORT:77
[15.02.2021 12:52:31.894] Инициализируем сервер
[15.02.2021 12:52:32.821] Запрашиваем статус!
[15.02.2021 12:52:53.752] Отсылаем команду реального времени!
[15.02.2021 12:53:12.597] Отсылаем команду реального времени!
[15.02.2021 12:53:17.399] Отсылаем команду реального времени!
[15.02.2021 12:53:26.808] Отсылаем команду реального времени!
[15.02.2021 12:54:00.164] Отсылаем команду реального времени!
[15.02.2021 12:54:55.318] Запрашиваем статус!
[15.02.2021 12:55:00.079] Отсылаем команду реального времени!
[15.02.2021 12:55:16.725] Отсылаем команду реального времени!
[15.02.2021 12:55:21.248] Отсылаем команду реального времени!
[15.02.2021 12:55:24.212] Отсылаем команду реального времени!
[15.02.2021 12:55:24.462] Отсылаем команду реального времени!
[15.02.2021 12:55:24.727] Отсылаем команду реального времени!
[15.02.2021 12:55:25.028] Отсылаем команду реального времени!
[15.02.2021 12:55:25.030] Отсылаем команду реального времени!
[15.02.2021 12:55:25.281] Отсылаем команду реального времени!
[15.02.2021 13:01:04.300] Запрашиваем статус!
[15.02.2021 13:01:15.052] Запрашиваем статус!
[15.02.2021 13:01:19.631] Отсылаем команду реального времени!
[15.02.2021 13:01:25.871] Отсылаем команду реального времени!
[15.02.2021 13:02:03.871] Отсылаем команду реального времени!
[15.02.2021 13:02:04.933] Отсылаем команду реального времени!
[15.02.2021 13:02:05.759] Отсылаем команду реального времени!
[15.02.2021 13:02:22.825] Отсылаем команду реального времени!
[15.02.2021 13:02:24.636] Отсылаем команду реального времени!
[15.02.2021 13:02:36.368] Отсылаем команду реального времени!
[15.02.2021 13:02:38.801] Отсылаем команду реального времени!
[15.02.2021 13:10:51.212] Запрашиваем статус!
[15.02.2021 13:10:58.309] Запрашиваем статус!
[15.02.2021 13:11:04.914] Отсылаем команду реального времени!
[15.02.2021 13:11:29.149] Отсылаем команду реального времени!
[15.02.2021 13:13:18.844] Запрашиваем статус!
[15.02.2021 13:13:22.621] Запрашиваем статус!
[15.02.2021 13:13:27.514] Отсылаем команду реального времени!
[15.02.2021 13:13:40.603] Отсылаем команду реального времени!
[15.02.2021 13:13:46.453] Отсылаем команду реального времени!
[15.02.2021 13:13:55.065] Отсылаем команду реального времени!
[15.02.2021 13:13:58.233] Отсылаем команду реального времени!
[15.02.2021 13:14:00.056] Отсылаем команду реального времени!
[15.02.2021 13:14:02.926] Отсылаем команду реального времени!
[15.02.2021 13:39:45.894] Загрузили конфигурационный файл 
 server IP:1.3.1.1 server PORT:139 
 dst IP:1.3.1.60 dst PORT:77
[15.02.2021 13:44:52.032] Загрузили конфигурационный файл 
 server IP:1.3.1.1 server PORT:139 
 dst IP:1.3.1.60 dst PORT:77
[15.02.2021 14:06:15.180] Загрузили конфигурационный файл 
 server IP:1.3.1.1 server PORT:139 
 dst IP:1.3.1.60 dst PORT:77
[15.02.2021 14:06:20.389] Инициализируем сервер
[15.02.2021 14:06:21.245] Запрашиваем статус!
[15.02.2021 14:06:35.335] Отсылаем команду реального времени!
[15.02.2021 14:06:51.214] Отсылаем команду реального времени!
[15.02.2021 14:51:40.435] Загрузили конфигурационный файл 
 server IP:1.3.1.1 server PORT:139 
 dst IP:1.3.1.60 dst PORT:77
[15.02.2021 14:51:42.333] Инициализируем сервер
[15.02.2021 14:51:42.997] Запрашиваем статус!
[15.02.2021 14:52:03.637] Отсылаем команду реального времени!
[15.02.2021 14:52:28.381] Отсылаем команду реального времени!
[15.02.2021 14:52:38.429] Переключаем каналы с прямого выхода на калибровку и обратно!
[15.02.2021 14:52:39.293] управляем аттенюаторами!
[15.02.2021 14:52:41.683] Отсылаем команду реального времени!
[15.02.2021 14:52:51.075] Отсылаем команду реального времени!
[15.02.2021 14:53:06.909] Отсылаем команду реального времени!
[15.02.2021 14:53:10.217] Отсылаем команду реального времени!
[15.02.2021 14:53:12.353] Отсылаем команду реального времени!
[15.02.2021 14:53:18.565] Отсылаем команду реального времени!
[15.02.2021 14:53:21.261] Отсылаем команду реального времени!
[15.02.2021 14:53:23.290] Отсылаем команду реального времени!
[15.02.2021 14:53:24.994] Отсылаем команду реального времени!
[15.02.2021 15:19:48.563] Запрашиваем статус!
[15.02.2021 15:19:52.931] Запрашиваем статус!
[15.02.2021 15:20:10.019] Запрашиваем статус!
[15.02.2021 15:20:16.115] Запрашиваем статус!
[15.02.2021 15:20:19.341] Запрашиваем статус!
[15.02.2021 15:20:20.948] Запрашиваем статус!
[15.02.2021 15:20:21.212] Запрашиваем статус!
[15.02.2021 15:20:22.948] Запрашиваем статус!
[15.02.2021 15:20:41.133] Загрузили конфигурационный файл 
 server IP:1.3.1.1 server PORT:139 
 dst IP:1.3.1.60 dst PORT:77
[15.02.2021 15:20:44.588] Инициализируем сервер
[15.02.2021 15:20:46.035] Запрашиваем статус!
[15.02.2021 15:20:50.291] Запрашиваем статус!
[15.02.2021 15:21:15.707] Запрашиваем статус!
[15.02.2021 15:21:33.565] Отсылаем команду реального времени!
[15.02.2021 15:22:13.067] Переключаем каналы с прямого выхода на калибровку и обратно!
[15.02.2021 15:22:14.027] управляем аттенюаторами!
[15.02.2021 15:23:09.859] Отсылаем команду реального времени!
[15.02.2021 15:23:54.726] Отсылаем команду реального времени!
[15.02.2021 16:06:09.161] Загрузили конфигурационный файл 
 server IP:1.3.1.1 server PORT:139 
 dst IP:1.3.1.60 dst PORT:77
[15.02.2021 16:06:12.977] Инициализируем сервер
[15.02.2021 16:06:14.153] Запрашиваем статус!
[15.02.2021 16:06:21.610] Запрашиваем статус!
[15.02.2021 16:06:25.537] Запрашиваем статус!
[15.02.2021 16:06:29.513] Запрашиваем статус!
[15.02.2021 16:06:42.597] Отсылаем команду реального времени!
[15.02.2021 16:06:51.582] Отсылаем команду реального времени!
[15.02.2021 16:07:03.468] Отсылаем команду реального времени!
[15.02.2021 16:07:13.138] Переключаем каналы с прямого выхода на калибровку и обратно!
[15.02.2021 16:07:13.922] управляем аттенюаторами!
[15.02.2021 16:07:24.187] Отсылаем команду реального времени!
[15.02.2021 16:07:44.699] Отсылаем команду реального времени!
[15.02.2021 16:10:08.035] Отсылаем команду реального времени!
[15.02.2021 16:15:15.306] Загрузили конфигурационный файл 
 server IP:1.3.1.1 server PORT:139 
 dst IP:1.3.1.60 dst PORT:77
[15.02.2021 16:15:27.075] Инициализируем сервер
[15.02.2021 16:15:30.114] Инициализируем сервер
[15.02.2021 16:15:33.683] Инициализируем сервер
[15.02.2021 16:15:34.907] Запрашиваем статус!
[15.02.2021 16:15:37.459] Запрашиваем статус!
[15.02.2021 16:15:43.443] Запрашиваем статус!
[15.02.2021 16:15:45.306] Запрашиваем статус!
[15.02.2021 16:15:52.459] Запрашиваем статус!
[15.02.2021 16:15:53.539] Запрашиваем статус!
[15.02.2021 16:16:04.491] Запрашиваем статус!
[15.02.2021 16:16:18.456] Отсылаем команду реального времени!
[15.02.2021 16:17:31.187] управляем аттенюаторами!
[15.02.2021 16:17:32.699] Переключаем каналы с прямого выхода на калибровку и обратно!
[15.02.2021 16:18:02.757] Отсылаем команду реального времени!
[15.02.2021 16:18:23.178] Отсылаем команду реального времени!
[15.02.2021 16:18:31.353] Отсылаем команду реального времени!
[15.02.2021 16:19:18.355] Отсылаем команду реального времени!
[15.02.2021 16:19:33.456] Отсылаем команду реального времени!
[15.02.2021 16:21:41.219] Запрашиваем статус!
[15.02.2021 16:21:48.116] Отсылаем команду реального времени!
[15.02.2021 16:21:52.827] управляем аттенюаторами!
[15.02.2021 16:21:53.427] Переключаем каналы с прямого выхода на калибровку и обратно!
[15.02.2021 16:22:02.220] Отсылаем команду реального времени!
[15.02.2021 16:23:23.309] Отсылаем команду реального времени!
[15.02.2021 16:23:28.347] Отсылаем команду реального времени!
[15.02.2021 16:23:37.270] Отсылаем команду реального времени!
[15.02.2021 16:26:05.441] Отсылаем команду реального времени!
[15.02.2021 16:27:41.786] Отсылаем команду реального времени!
[15.02.2021 16:28:06.669] Отсылаем команду реального времени!
[15.02.2021 16:28:31.441] Отсылаем команду реального времени!
[15.02.2021 16:28:42.463] Отсылаем команду реального времени!
[15.02.2021 16:29:03.653] Отсылаем команду реального времени!
[15.02.2021 16:29:20.381] Отсылаем команду реального времени!
[15.02.2021 16:29:30.972] Отсылаем команду реального времени!
[15.02.2021 16:29:48.413] Отсылаем команду реального времени!
[15.02.2021 16:30:43.606] Отсылаем команду реального времени!
[15.02.2021 16:31:00.441] Отсылаем команду реального времени!
[15.02.2021 16:33:20.042] Запрашиваем статус!
[15.02.2021 16:33:25.347] Отсылаем команду реального времени!
[15.02.2021 16:33:30.355] Отсылаем команду реального времени!
[15.02.2021 16:33:38.330] управляем аттенюаторами!
[15.02.2021 16:33:39.090] Переключаем каналы с прямого выхода на калибровку и обратно!
[15.02.2021 16:42:49.556] Отсылаем команду реального времени!
[15.02.2021 16:43:00.788] Отсылаем команду реального времени!
[15.02.2021 16:43:12.770] Отсылаем команду реального времени!
[15.02.2021 16:43:37.137] Отсылаем команду реального времени!
[15.02.2021 16:43:57.245] Отсылаем команду реального времени!
[15.02.2021 17:07:58.242] Загрузили конфигурационный файл 
 server IP:1.3.1.1 server PORT:139 
 dst IP:1.3.1.60 dst PORT:77
