[24.02.2021 13:34:36.672] Загрузили конфигурационный файл 
 server IP:1.3.1.1 server PORT:139 
 dst IP:1.3.1.60 dst PORT:77
[24.02.2021 13:34:40.064] Инициализируем сервер
[24.02.2021 13:34:41.888] Запрашиваем статус!
[24.02.2021 13:34:52.828] Отсылаем команду реального времени!
[24.02.2021 13:35:08.013] Переключаем каналы с прямого выхода на калибровку и обратно!
[24.02.2021 13:35:09.398] Отправляем значения аттенюатора 0=31,1=31,2=31,3=31
[24.02.2021 13:35:12.937] Отправляем значения аттенюатора 0=31,1=31,2=31,3=31
[24.02.2021 13:35:14.817] Отправляем значения аттенюатора 0=31,1=31,2=31,3=31
[24.02.2021 13:35:49.016] Отсылаем команду реального времени!
[24.02.2021 13:36:06.917] Отсылаем команду реального времени!
[24.02.2021 13:37:11.231] Отсылаем команду реального времени!
[24.02.2021 13:37:17.906] Отсылаем команду реального времени!
[24.02.2021 13:37:24.733] Отсылаем команду реального времени!
[24.02.2021 13:37:31.571] Отсылаем команду реального времени!
[24.02.2021 16:06:27.015] Загрузили конфигурационный файл 
 server IP:1.3.1.1 server PORT:139 
 dst IP:1.3.1.60 dst PORT:77
[24.02.2021 16:06:30.257] Инициализируем сервер
[24.02.2021 16:06:31.224] Запрашиваем статус!
[24.02.2021 16:06:34.793] Запрашиваем статус!
[24.02.2021 16:06:37.541] Запрашиваем статус!
[24.02.2021 16:06:41.856] Запрашиваем статус!
[24.02.2021 16:06:48.632] Запрашиваем статус!
[24.02.2021 16:06:55.463] Загрузили конфигурационный файл 
 server IP:1.3.1.1 server PORT:139 
 dst IP:1.3.1.60 dst PORT:77
[24.02.2021 16:06:58.890] Инициализируем сервер
[24.02.2021 16:07:01.512] Запрашиваем статус!
[24.02.2021 16:07:07.064] Запрашиваем статус!
[24.02.2021 16:07:09.184] Запрашиваем статус!
[24.02.2021 16:07:15.848] Запрашиваем статус!
[24.02.2021 16:07:39.024] Запрашиваем статус!
[24.02.2021 16:07:40.384] Запрашиваем статус!
[24.02.2021 16:08:47.665] Загрузили конфигурационный файл 
 server IP:1.3.1.1 server PORT:139 
 dst IP:1.3.1.60 dst PORT:77
[24.02.2021 16:08:57.977] Инициализируем сервер
[24.02.2021 16:08:59.097] Запрашиваем статус!
[24.02.2021 16:09:19.804] Отсылаем команду реального времени!
[24.02.2021 16:09:32.217] Запрашиваем статус!
[24.02.2021 16:09:37.009] Отсылаем команду реального времени!
[24.02.2021 16:09:41.498] Отправляем значения аттенюатора 0=31,1=31,2=31,3=31
[24.02.2021 16:09:42.521] Переключаем каналы с прямого выхода на калибровку и обратно!
[24.02.2021 16:09:52.136] Запрашиваем статус!
[24.02.2021 16:10:14.452] Переключаем каналы с прямого выхода на калибровку и обратно!
[24.02.2021 16:10:18.014] Отправляем значения аттенюатора 0=31,1=31,2=31,3=31
[24.02.2021 16:10:33.958] Отправляем значения аттенюатора 0=31,1=31,2=31,3=31
[24.02.2021 16:18:53.174] Загрузили конфигурационный файл 
 server IP:1.3.1.1 server PORT:139 
 dst IP:1.3.1.60 dst PORT:77
[24.02.2021 16:18:56.385] Инициализируем сервер
[24.02.2021 16:18:58.928] Запрашиваем статус!
[24.02.2021 16:19:07.913] Отсылаем команду реального времени!
[24.02.2021 16:19:41.605] Отправляем значения аттенюатора 0=31,1=31,2=31,3=31
[24.02.2021 16:19:42.143] Отправляем значения аттенюатора 0=31,1=31,2=31,3=31
[24.02.2021 16:19:44.772] Переключаем каналы с прямого выхода на калибровку и обратно!
[24.02.2021 16:37:25.577] Запрашиваем статус!
[24.02.2021 16:37:31.211] Отсылаем команду реального времени!
[24.02.2021 16:37:36.635] Отправляем значения аттенюатора 0=31,1=31,2=31,3=31
[24.02.2021 16:37:37.970] Переключаем каналы с прямого выхода на калибровку и обратно!
[24.02.2021 16:38:32.242] Запрашиваем статус!
[24.02.2021 16:38:35.095] Переключаем каналы с прямого выхода на калибровку и обратно!
[24.02.2021 16:38:37.098] Отправляем значения аттенюатора 0=31,1=31,2=31,3=31
[24.02.2021 16:45:31.509] Загрузили конфигурационный файл 
 server IP:1.3.1.1 server PORT:139 
 dst IP:1.3.1.60 dst PORT:77
[24.02.2021 16:45:34.953] Инициализируем сервер
[24.02.2021 16:45:35.699] Запрашиваем статус!
[24.02.2021 16:45:44.287] Отсылаем команду реального времени!
[24.02.2021 16:46:05.975] Отправляем значения аттенюатора 0=31,1=31,2=31,3=31
[24.02.2021 16:46:07.191] Переключаем каналы с прямого выхода на калибровку и обратно!
[24.02.2021 16:46:11.873] Отправляем значения аттенюатора 0=31,1=31,2=31,3=31
[24.02.2021 16:47:18.669] Запрашиваем статус!
[24.02.2021 16:47:22.597] Отправляем значения аттенюатора 0=31,1=31,2=31,3=31
[24.02.2021 16:47:24.692] Переключаем каналы с прямого выхода на калибровку и обратно!
[24.02.2021 16:48:58.209] Отсылаем команду реального времени!
[24.02.2021 18:22:01.162] Загрузили конфигурационный файл 
 server IP:1.3.1.1 server PORT:139 
 dst IP:1.3.1.60 dst PORT:77
[24.02.2021 18:22:03.106] Инициализируем сервер
[24.02.2021 18:22:04.562] Запрашиваем статус!
[24.02.2021 18:22:13.311] Отсылаем команду реального времени!
[24.02.2021 18:22:54.803] Отправляем значения аттенюатора 0=31,1=31,2=31,3=31
[24.02.2021 18:23:01.019] Переключаем каналы с прямого выхода на калибровку и обратно!
[24.02.2021 18:23:02.178] Переключаем каналы с прямого выхода на калибровку и обратно!
[24.02.2021 18:23:06.226] Переключаем каналы с прямого выхода на калибровку и обратно!
[24.02.2021 18:23:06.688] Переключаем каналы с прямого выхода на калибровку и обратно!
[24.02.2021 18:23:06.914] Переключаем каналы с прямого выхода на калибровку и обратно!
[24.02.2021 18:23:07.162] Переключаем каналы с прямого выхода на калибровку и обратно!
[24.02.2021 18:23:07.482] Переключаем каналы с прямого выхода на калибровку и обратно!
[24.02.2021 18:23:08.242] Переключаем каналы с прямого выхода на калибровку и обратно!
[24.02.2021 18:23:08.666] Переключаем каналы с прямого выхода на калибровку и обратно!
[24.02.2021 18:23:08.874] Переключаем каналы с прямого выхода на калибровку и обратно!
[24.02.2021 18:23:09.154] Переключаем каналы с прямого выхода на калибровку и обратно!
[24.02.2021 18:23:10.938] Отправляем значения аттенюатора 0=31,1=31,2=31,3=31
[24.02.2021 18:23:12.578] Переключаем каналы с прямого выхода на калибровку и обратно!
[24.02.2021 18:23:16.833] Отсылаем команду реального времени!
[24.02.2021 18:24:53.462] Отсылаем команду реального времени!
[24.02.2021 18:25:02.383] Отсылаем команду реального времени!
[24.02.2021 18:25:21.555] Запрашиваем статус!
[24.02.2021 18:25:28.903] Отсылаем команду реального времени!
[24.02.2021 18:25:37.951] Отсылаем команду реального времени!
[24.02.2021 18:25:48.809] Отсылаем команду реального времени!
[24.02.2021 18:25:52.009] Отсылаем команду реального времени!
[24.02.2021 18:25:59.245] Отсылаем команду реального времени!
[24.02.2021 18:26:03.394] Отсылаем команду реального времени!
[24.02.2021 18:26:19.589] Отсылаем команду реального времени!
[24.02.2021 18:26:48.402] Отсылаем команду реального времени!
[24.02.2021 18:26:51.786] Отсылаем команду реального времени!
[24.02.2021 18:27:17.718] Отсылаем команду реального времени!
[24.02.2021 18:27:37.375] Отсылаем команду реального времени!
[24.02.2021 18:27:42.222] Отсылаем команду реального времени!
[24.02.2021 18:27:49.633] Отсылаем команду реального времени!
[24.02.2021 18:28:05.124] Отсылаем команду реального времени!
[24.02.2021 18:52:49.376] Загрузили конфигурационный файл 
 server IP:1.3.1.1 server PORT:139 
 dst IP:1.3.1.60 dst PORT:77
[24.02.2021 18:52:52.187] Инициализируем сервер
[24.02.2021 18:52:54.354] Запрашиваем статус!
[24.02.2021 18:53:02.249] Отсылаем команду реального времени!
[24.02.2021 18:53:31.731] Отправляем значения аттенюатора 0=31,1=31,2=31,3=31
[24.02.2021 18:53:32.843] Переключаем каналы с прямого выхода на калибровку и обратно!
[24.02.2021 18:53:45.840] Запрашиваем статус!
[24.02.2021 18:53:50.069] Переключаем каналы с прямого выхода на калибровку и обратно!
[24.02.2021 18:53:51.340] Отправляем значения аттенюатора 0=31,1=31,2=31,3=31
[24.02.2021 18:55:01.393] Переключаем каналы с прямого выхода на калибровку и обратно!
[24.02.2021 18:55:06.709] Переключаем каналы с прямого выхода на калибровку и обратно!
[24.02.2021 18:55:11.392] Переключаем каналы с прямого выхода на калибровку и обратно!
[24.02.2021 18:55:17.043] Переключаем каналы с прямого выхода на калибровку и обратно!
[24.02.2021 18:55:20.278] Переключаем каналы с прямого выхода на калибровку и обратно!
