[01.02.2021 09:54:36.295] Загрузили конфигурационный файл 
 server IP:1.3.1.1 server PORT:139 
 dst IP:1.3.1.60 dst PORT:77
[01.02.2021 09:55:12.052] Инициализируем сервер
[01.02.2021 09:55:12.883] Запрашиваем статус!
[01.02.2021 09:55:46.260] Переключаем каналы с прямого выхода на калибровку и обратно!
[01.02.2021 09:55:47.131] управляем аттенюаторами!
[01.02.2021 09:55:50.173] Отсылаем команду реального времени!
[01.02.2021 09:56:16.708] Отсылаем команду реального времени!
[01.02.2021 09:56:36.723] Переключаем каналы с прямого выхода на калибровку и обратно!
[01.02.2021 09:56:49.818] Переключаем каналы с прямого выхода на калибровку и обратно!
[01.02.2021 09:57:15.531] Переключаем каналы с прямого выхода на калибровку и обратно!
[01.02.2021 09:57:18.531] Переключаем каналы с прямого выхода на калибровку и обратно!
[01.02.2021 09:57:22.251] Переключаем каналы с прямого выхода на калибровку и обратно!
[01.02.2021 09:58:49.821] Отсылаем команду реального времени!
[01.02.2021 09:58:56.233] Отсылаем команду реального времени!
[01.02.2021 10:00:01.256] Отсылаем команду реального времени!
[01.02.2021 10:08:25.330] Запрашиваем статус!
[01.02.2021 10:09:03.435] Отсылаем команду реального времени!
[01.02.2021 10:09:45.547] Переключаем каналы с прямого выхода на калибровку и обратно!
[01.02.2021 10:09:54.946] управляем аттенюаторами!
[01.02.2021 10:17:27.706] Запрашиваем статус!
[01.02.2021 10:18:19.619] Запрашиваем статус!
[01.02.2021 10:19:42.915] Переключаем каналы с прямого выхода на калибровку и обратно!
[01.02.2021 10:19:46.947] Переключаем каналы с прямого выхода на калибровку и обратно!
[01.02.2021 10:19:48.203] управляем аттенюаторами!
[01.02.2021 10:19:59.779] Отсылаем команду реального времени!
[01.02.2021 10:20:27.517] Отсылаем команду реального времени!
[01.02.2021 10:20:51.010] Отсылаем команду реального времени!
[01.02.2021 10:20:51.712] Отсылаем команду реального времени!
[01.02.2021 10:21:42.945] Отсылаем команду реального времени!
[01.02.2021 10:24:15.137] Отсылаем команду реального времени!
[01.02.2021 10:27:43.071] Отсылаем команду реального времени!
[01.02.2021 10:28:06.159] Отсылаем команду реального времени!
[01.02.2021 10:37:45.660] Загрузили конфигурационный файл 
 server IP:1.3.1.1 server PORT:139 
 dst IP:1.3.1.60 dst PORT:77
[01.02.2021 10:37:48.787] Инициализируем сервер
[01.02.2021 10:37:51.786] Запрашиваем статус!
[01.02.2021 10:37:55.850] управляем аттенюаторами!
[01.02.2021 10:37:57.107] Переключаем каналы с прямого выхода на калибровку и обратно!
[01.02.2021 10:55:19.075] Запрашиваем статус!
[01.02.2021 10:55:25.659] Переключаем каналы с прямого выхода на калибровку и обратно!
[01.02.2021 10:55:26.483] управляем аттенюаторами!
[01.02.2021 10:55:45.606] Отсылаем команду реального времени!
[01.02.2021 10:55:51.785] Отсылаем команду реального времени!
[01.02.2021 10:56:17.851] Переключаем каналы с прямого выхода на калибровку и обратно!
[01.02.2021 10:56:23.817] Переключаем каналы с прямого выхода на калибровку и обратно!
[01.02.2021 10:56:42.627] Переключаем каналы с прямого выхода на калибровку и обратно!
[01.02.2021 10:57:12.342] Отсылаем команду реального времени!
[01.02.2021 11:00:06.116] Переключаем каналы с прямого выхода на калибровку и обратно!
[01.02.2021 11:02:01.132] Переключаем каналы с прямого выхода на калибровку и обратно!
[01.02.2021 11:03:28.479] Отсылаем команду реального времени!
[01.02.2021 11:03:44.419] Переключаем каналы с прямого выхода на калибровку и обратно!
[01.02.2021 11:04:01.314] Отсылаем команду реального времени!
[01.02.2021 11:04:13.170] Отсылаем команду реального времени!
[01.02.2021 11:04:26.945] Отсылаем команду реального времени!
[01.02.2021 11:05:23.417] Отсылаем команду реального времени!
[01.02.2021 11:05:47.697] Отсылаем команду реального времени!
[01.02.2021 11:06:27.984] Отсылаем команду реального времени!
[01.02.2021 11:12:05.004] Запрашиваем статус!
[01.02.2021 11:12:11.667] Переключаем каналы с прямого выхода на калибровку и обратно!
[01.02.2021 11:12:12.659] управляем аттенюаторами!
[01.02.2021 11:12:16.554] Отсылаем команду реального времени!
[01.02.2021 11:19:13.667] Запрашиваем статус!
[01.02.2021 11:36:01.395] Запрашиваем статус!
[01.02.2021 11:36:02.771] Переключаем каналы с прямого выхода на калибровку и обратно!
[01.02.2021 11:36:03.763] управляем аттенюаторами!
[01.02.2021 11:36:11.419] Отсылаем команду реального времени!
[01.02.2021 11:39:23.536] Отсылаем команду реального времени!
[01.02.2021 11:43:28.176] Отсылаем команду реального времени!
[01.02.2021 11:45:57.797] Отсылаем команду реального времени!
[01.02.2021 11:46:13.755] Отсылаем команду реального времени!
[01.02.2021 11:49:59.427] Отсылаем команду реального времени!
[01.02.2021 11:58:21.900] Запрашиваем статус!
[01.02.2021 12:14:35.867] Запрашиваем статус!
[01.02.2021 12:15:22.153] Отсылаем команду реального времени!
[01.02.2021 12:22:00.651] Запрашиваем статус!
[01.02.2021 12:31:18.596] Запрашиваем статус!
[01.02.2021 12:32:52.695] Отсылаем команду реального времени!
[01.02.2021 12:32:54.907] Переключаем каналы с прямого выхода на калибровку и обратно!
[01.02.2021 12:32:56.043] управляем аттенюаторами!
[01.02.2021 12:33:01.539] Запрашиваем статус!
[01.02.2021 12:33:08.787] Запрашиваем статус!
[01.02.2021 12:33:13.683] Запрашиваем статус!
[01.02.2021 12:35:48.211] Запрашиваем статус!
[01.02.2021 12:35:53.899] Запрашиваем статус!
[01.02.2021 12:35:56.235] Запрашиваем статус!
[01.02.2021 12:36:14.067] Запрашиваем статус!
[01.02.2021 12:38:40.067] Запрашиваем статус!
[01.02.2021 12:38:44.611] Запрашиваем статус!
[01.02.2021 12:38:46.147] Запрашиваем статус!
[01.02.2021 12:38:47.163] Запрашиваем статус!
[01.02.2021 12:38:54.468] Запрашиваем статус!
[01.02.2021 12:38:55.603] Запрашиваем статус!
[01.02.2021 12:38:55.827] Запрашиваем статус!
[01.02.2021 12:38:56.035] Запрашиваем статус!
[01.02.2021 12:38:56.252] Запрашиваем статус!
[01.02.2021 12:38:56.916] Запрашиваем статус!
[01.02.2021 12:41:32.643] Запрашиваем статус!
[01.02.2021 12:41:54.987] Переключаем каналы с прямого выхода на калибровку и обратно!
[01.02.2021 12:41:55.619] управляем аттенюаторами!
[01.02.2021 12:41:58.947] Запрашиваем статус!
[01.02.2021 12:42:04.220] Переключаем каналы с прямого выхода на калибровку и обратно!
[01.02.2021 12:42:05.118] управляем аттенюаторами!
[01.02.2021 12:42:06.544] Отсылаем команду реального времени!
[01.02.2021 12:52:05.931] Запрашиваем статус!
[01.02.2021 12:52:09.835] Запрашиваем статус!
[01.02.2021 12:52:10.571] Запрашиваем статус!
[01.02.2021 12:52:10.795] Запрашиваем статус!
[01.02.2021 12:52:11.003] Запрашиваем статус!
[01.02.2021 12:52:11.211] Запрашиваем статус!
[01.02.2021 12:52:11.851] Запрашиваем статус!
[01.02.2021 12:54:36.428] Запрашиваем статус!
[01.02.2021 12:54:39.692] Запрашиваем статус!
[01.02.2021 13:02:08.731] Запрашиваем статус!
[01.02.2021 13:02:31.676] Переключаем каналы с прямого выхода на калибровку и обратно!
[01.02.2021 13:02:32.387] управляем аттенюаторами!
[01.02.2021 13:03:00.619] Переключаем каналы с прямого выхода на калибровку и обратно!
[01.02.2021 13:03:02.059] управляем аттенюаторами!
[01.02.2021 13:03:37.359] Отсылаем команду реального времени!
[01.02.2021 13:13:11.171] Запрашиваем статус!
[01.02.2021 13:13:20.367] Отсылаем команду реального времени!
[01.02.2021 13:16:56.171] Запрашиваем статус!
[01.02.2021 13:17:04.371] Отсылаем команду реального времени!
[01.02.2021 13:17:06.116] Переключаем каналы с прямого выхода на калибровку и обратно!
[01.02.2021 13:17:07.180] управляем аттенюаторами!
[01.02.2021 13:19:22.764] Запрашиваем статус!
[01.02.2021 13:19:29.947] Переключаем каналы с прямого выхода на калибровку и обратно!
[01.02.2021 13:19:31.187] управляем аттенюаторами!
[01.02.2021 13:19:33.443] Отсылаем команду реального времени!
[01.02.2021 13:20:07.234] Отсылаем команду реального времени!
[01.02.2021 13:20:23.707] Отсылаем команду реального времени!
[01.02.2021 13:21:08.665] Отсылаем команду реального времени!
[01.02.2021 13:21:18.931] Отсылаем команду реального времени!
[01.02.2021 13:21:31.302] Отсылаем команду реального времени!
[01.02.2021 13:21:40.320] Отсылаем команду реального времени!
[01.02.2021 13:21:46.278] Отсылаем команду реального времени!
[01.02.2021 13:22:18.089] Отсылаем команду реального времени!
[01.02.2021 13:22:27.743] Отсылаем команду реального времени!
[01.02.2021 13:22:53.763] Отсылаем команду реального времени!
[01.02.2021 13:22:58.444] Отсылаем команду реального времени!
[01.02.2021 13:23:09.772] Отсылаем команду реального времени!
[01.02.2021 13:23:20.508] Отсылаем команду реального времени!
[01.02.2021 13:23:43.937] Отсылаем команду реального времени!
[01.02.2021 13:23:52.436] Отсылаем команду реального времени!
[01.02.2021 13:24:57.738] Отсылаем команду реального времени!
[01.02.2021 13:25:22.011] Отсылаем команду реального времени!
[01.02.2021 13:25:39.842] Отсылаем команду реального времени!
[01.02.2021 13:26:07.196] Отсылаем команду реального времени!
[01.02.2021 13:26:20.610] Отсылаем команду реального времени!
[01.02.2021 13:26:35.221] Отсылаем команду реального времени!
[01.02.2021 13:26:54.503] Отсылаем команду реального времени!
[01.02.2021 13:27:15.460] Отсылаем команду реального времени!
[01.02.2021 13:28:16.157] Отсылаем команду реального времени!
[01.02.2021 13:28:34.456] Отсылаем команду реального времени!
[01.02.2021 13:28:49.571] Отсылаем команду реального времени!
[01.02.2021 13:33:41.412] Запрашиваем статус!
[01.02.2021 13:33:49.139] Переключаем каналы с прямого выхода на калибровку и обратно!
[01.02.2021 13:33:50.099] управляем аттенюаторами!
[01.02.2021 13:37:27.084] Запрашиваем статус!
[01.02.2021 13:37:29.252] Переключаем каналы с прямого выхода на калибровку и обратно!
[01.02.2021 13:37:30.484] управляем аттенюаторами!
[01.02.2021 13:37:38.133] Отсылаем команду реального времени!
[01.02.2021 13:37:54.233] Отсылаем команду реального времени!
[01.02.2021 13:38:08.062] Отсылаем команду реального времени!
[01.02.2021 13:38:28.069] Отсылаем команду реального времени!
[01.02.2021 13:38:46.668] Отсылаем команду реального времени!
[01.02.2021 13:39:11.520] Отсылаем команду реального времени!
[01.02.2021 13:39:26.697] Отсылаем команду реального времени!
[01.02.2021 13:39:37.805] Отсылаем команду реального времени!
[01.02.2021 13:43:02.887] Отсылаем команду реального времени!
[01.02.2021 13:43:18.817] Отсылаем команду реального времени!
[01.02.2021 13:43:24.557] Отсылаем команду реального времени!
[01.02.2021 13:43:32.184] Отсылаем команду реального времени!
[01.02.2021 13:43:52.398] Отсылаем команду реального времени!
[01.02.2021 13:43:54.492] Отсылаем команду реального времени!
[01.02.2021 13:43:58.488] Отсылаем команду реального времени!
[01.02.2021 13:44:01.170] Отсылаем команду реального времени!
[01.02.2021 13:44:06.952] Отсылаем команду реального времени!
[01.02.2021 13:44:19.501] Отсылаем команду реального времени!
[01.02.2021 13:44:25.086] Отсылаем команду реального времени!
[01.02.2021 13:44:26.669] Отсылаем команду реального времени!
[01.02.2021 13:44:45.411] Отсылаем команду реального времени!
[01.02.2021 13:44:55.114] Отсылаем команду реального времени!
[01.02.2021 13:45:05.418] Отсылаем команду реального времени!
[01.02.2021 13:45:12.444] Отсылаем команду реального времени!
[01.02.2021 13:45:20.916] Отсылаем команду реального времени!
[01.02.2021 13:45:35.918] Отсылаем команду реального времени!
[01.02.2021 13:45:51.818] Отсылаем команду реального времени!
[01.02.2021 13:45:57.211] Отсылаем команду реального времени!
[01.02.2021 13:46:04.310] Отсылаем команду реального времени!
[01.02.2021 13:46:11.171] Отсылаем команду реального времени!
[01.02.2021 13:46:19.625] Отсылаем команду реального времени!
[01.02.2021 13:46:23.237] Отсылаем команду реального времени!
[01.02.2021 13:46:31.912] Отсылаем команду реального времени!
[01.02.2021 13:46:47.015] Отсылаем команду реального времени!
[01.02.2021 13:50:29.145] Запрашиваем статус!
[01.02.2021 13:50:35.284] Отсылаем команду реального времени!
[01.02.2021 13:50:43.416] Отсылаем команду реального времени!
[01.02.2021 13:53:28.442] Загрузили конфигурационный файл 
 server IP:1.3.1.1 server PORT:139 
 dst IP:1.3.1.60 dst PORT:77
[01.02.2021 13:53:32.066] Инициализируем сервер
[01.02.2021 13:53:32.690] Запрашиваем статус!
[01.02.2021 13:53:37.314] Переключаем каналы с прямого выхода на калибровку и обратно!
[01.02.2021 13:53:38.522] управляем аттенюаторами!
[01.02.2021 13:53:51.942] Отсылаем команду реального времени!
[01.02.2021 13:54:04.194] Отсылаем команду реального времени!
[01.02.2021 13:54:13.985] Отсылаем команду реального времени!
[01.02.2021 13:54:41.100] Отсылаем команду реального времени!
[01.02.2021 15:11:03.813] Загрузили конфигурационный файл 
 server IP:1.3.1.1 server PORT:139 
 dst IP:1.3.1.60 dst PORT:77
[01.02.2021 15:11:06.602] Инициализируем сервер
[01.02.2021 15:11:07.794] Запрашиваем статус!
[01.02.2021 15:11:09.730] Переключаем каналы с прямого выхода на калибровку и обратно!
[01.02.2021 15:11:10.698] управляем аттенюаторами!
[01.02.2021 15:43:58.122] Запрашиваем статус!
[01.02.2021 15:44:43.337] Запрашиваем статус!
[01.02.2021 15:49:58.553] Запрашиваем статус!
[01.02.2021 15:50:08.570] Запрашиваем статус!
[01.02.2021 15:50:51.034] Запрашиваем статус!
[01.02.2021 15:50:54.610] Запрашиваем статус!
[01.02.2021 15:50:59.946] Запрашиваем статус!
[01.02.2021 15:51:02.792] Запрашиваем статус!
[01.02.2021 15:51:18.742] Загрузили конфигурационный файл 
 server IP:1.3.1.1 server PORT:139 
 dst IP:1.3.1.60 dst PORT:77
[01.02.2021 15:51:20.530] Запрашиваем статус!
[01.02.2021 15:51:27.062] Загрузили конфигурационный файл 
 server IP:1.3.1.1 server PORT:139 
 dst IP:1.3.1.60 dst PORT:77
[01.02.2021 15:51:29.755] Инициализируем сервер
[01.02.2021 15:51:30.226] Запрашиваем статус!
[01.02.2021 15:51:35.234] Запрашиваем статус!
[01.02.2021 15:51:37.226] Запрашиваем статус!
[01.02.2021 15:51:37.890] Запрашиваем статус!
[01.02.2021 15:51:38.234] Запрашиваем статус!
[01.02.2021 15:51:38.426] Запрашиваем статус!
[01.02.2021 15:51:38.594] Запрашиваем статус!
[01.02.2021 15:51:38.754] Запрашиваем статус!
[01.02.2021 15:51:38.922] Запрашиваем статус!
[01.02.2021 15:51:39.098] Запрашиваем статус!
[01.02.2021 15:52:19.643] Переключаем каналы с прямого выхода на калибровку и обратно!
[01.02.2021 15:52:22.294] управляем аттенюаторами!
[01.02.2021 15:52:22.298] управляем аттенюаторами!
[01.02.2021 15:52:22.301] управляем аттенюаторами!
[01.02.2021 15:52:22.304] управляем аттенюаторами!
[01.02.2021 15:52:22.466] управляем аттенюаторами!
[01.02.2021 15:52:22.658] управляем аттенюаторами!
[01.02.2021 15:52:24.120] Отсылаем команду реального времени!
[01.02.2021 15:52:27.706] Отсылаем команду реального времени!
[01.02.2021 15:52:29.422] Отсылаем команду реального времени!
[01.02.2021 15:52:39.650] Запрашиваем статус!
[01.02.2021 15:52:50.293] Отсылаем команду реального времени!
[01.02.2021 15:52:52.370] Переключаем каналы с прямого выхода на калибровку и обратно!
[01.02.2021 15:52:53.546] управляем аттенюаторами!
[01.02.2021 15:53:00.242] Переключаем каналы с прямого выхода на калибровку и обратно!
[01.02.2021 15:55:42.690] Запрашиваем статус!
[01.02.2021 15:58:56.863] Загрузили конфигурационный файл 
 server IP:1.3.1.1 server PORT:139 
 dst IP:1.3.1.60 dst PORT:77
[01.02.2021 15:58:59.682] Инициализируем сервер
[01.02.2021 16:00:05.982] Загрузили конфигурационный файл 
 server IP:1.3.1.1 server PORT:139 
 dst IP:1.3.1.60 dst PORT:77
[01.02.2021 16:00:07.938] Инициализируем сервер
[01.02.2021 16:00:26.941] Отсылаем команду реального времени!
[01.02.2021 16:00:29.746] управляем аттенюаторами!
[01.02.2021 16:00:40.560] Отсылаем команду реального времени!
[01.02.2021 16:00:49.780] Отсылаем команду реального времени!
[01.02.2021 16:00:56.783] Отсылаем команду реального времени!
[01.02.2021 16:01:04.786] Отсылаем команду реального времени!
[01.02.2021 16:21:51.218] Запрашиваем статус!
[01.02.2021 16:22:26.824] Отсылаем команду реального времени!
[01.02.2021 16:22:30.368] Переключаем каналы с прямого выхода на калибровку и обратно!
[01.02.2021 16:22:31.201] управляем аттенюаторами!
[01.02.2021 16:22:36.466] Переключаем каналы с прямого выхода на калибровку и обратно!
[01.02.2021 16:22:44.610] Переключаем каналы с прямого выхода на калибровку и обратно!
[01.02.2021 16:22:47.539] Переключаем каналы с прямого выхода на калибровку и обратно!
[01.02.2021 16:23:12.730] Запрашиваем статус!
[01.02.2021 16:23:18.306] Переключаем каналы с прямого выхода на калибровку и обратно!
[01.02.2021 16:24:14.002] Запрашиваем статус!
[01.02.2021 16:24:49.948] Загрузили конфигурационный файл 
 server IP:1.3.1.1 server PORT:139 
 dst IP:1.3.1.60 dst PORT:77
[01.02.2021 16:25:09.980] Загрузили конфигурационный файл 
 server IP:1.3.1.1 server PORT:139 
 dst IP:1.3.1.61 dst PORT:77
[01.02.2021 16:25:13.938] Инициализируем сервер
[01.02.2021 16:25:17.203] Запрашиваем статус!
[01.02.2021 16:25:21.786] Запрашиваем статус!
[01.02.2021 16:25:38.986] Запрашиваем статус!
[01.02.2021 16:25:48.634] Запрашиваем статус!
[01.02.2021 18:46:11.213] Загрузили конфигурационный файл 
 server IP:1.3.1.1 server PORT:139 
 dst IP:1.3.1.60 dst PORT:77
[01.02.2021 18:46:27.511] Инициализируем сервер
[01.02.2021 18:46:28.270] Запрашиваем статус!
[01.02.2021 18:47:07.978] Отсылаем команду реального времени!
[01.02.2021 18:47:13.831] управляем аттенюаторами!
[01.02.2021 18:47:15.759] Переключаем каналы с прямого выхода на калибровку и обратно!
[01.02.2021 18:49:36.072] Отсылаем команду реального времени!
[01.02.2021 18:51:28.998] Отсылаем команду реального времени!
[01.02.2021 18:52:33.958] Отсылаем команду реального времени!
[01.02.2021 19:20:31.327] Запрашиваем статус!
[01.02.2021 19:20:55.990] Отсылаем команду реального времени!
[01.02.2021 19:20:59.618] Переключаем каналы с прямого выхода на калибровку и обратно!
[01.02.2021 19:21:00.439] управляем аттенюаторами!
[01.02.2021 19:21:08.393] Отсылаем команду реального времени!
[01.02.2021 19:24:02.849] Отсылаем команду реального времени!
[01.02.2021 19:24:13.908] Отсылаем команду реального времени!
[01.02.2021 19:25:00.772] Отсылаем команду реального времени!
[01.02.2021 19:25:21.255] Отсылаем команду реального времени!
[01.02.2021 19:25:29.618] Отсылаем команду реального времени!
[01.02.2021 19:43:57.646] Запрашиваем статус!
[01.02.2021 19:44:17.456] Отсылаем команду реального времени!
[01.02.2021 19:44:18.407] Переключаем каналы с прямого выхода на калибровку и обратно!
[01.02.2021 19:44:19.327] управляем аттенюаторами!
[01.02.2021 19:45:52.416] Отсылаем команду реального времени!
[01.02.2021 19:46:37.879] Отсылаем команду реального времени!
[01.02.2021 19:47:11.461] Отсылаем команду реального времени!
[01.02.2021 19:47:24.877] Отсылаем команду реального времени!
[01.02.2021 19:47:45.861] Отсылаем команду реального времени!
[01.02.2021 19:51:04.187] Запрашиваем статус!
[01.02.2021 19:51:11.450] Запрашиваем статус!
[01.02.2021 19:51:15.566] Запрашиваем статус!
[01.02.2021 19:51:37.639] Запрашиваем статус!
[01.02.2021 19:51:59.253] Отсылаем команду реального времени!
[01.02.2021 19:52:04.783] Переключаем каналы с прямого выхода на калибровку и обратно!
[01.02.2021 19:52:11.263] управляем аттенюаторами!
[01.02.2021 19:52:28.126] Отсылаем команду реального времени!
[01.02.2021 20:08:30.700] Отсылаем команду реального времени!
