[19.01.2021 11:53:07.612] Загрузили конфигурационный файл 
 server IP:1.3.1.1 server PORT:139 
 dst IP:1.3.1.60 dst PORT:77
[19.01.2021 11:53:13.224] Инициализируем сервер
[19.01.2021 11:53:15.591] Запрашиваем статус!
[19.01.2021 11:53:22.047] Запрашиваем статус!
[19.01.2021 11:53:24.606] Запрашиваем статус!
[19.01.2021 11:53:47.479] Запрашиваем статус!
[19.01.2021 11:53:47.751] Запрашиваем статус!
[19.01.2021 11:53:47.983] Запрашиваем статус!
[19.01.2021 11:53:48.207] Запрашиваем статус!
[19.01.2021 11:57:07.055] Запрашиваем статус!
[19.01.2021 12:00:08.721] Загрузили конфигурационный файл 
 server IP:1.3.1.1 server PORT:139 
 dst IP:1.3.1.60 dst PORT:77
[19.01.2021 12:00:10.503] Запрашиваем статус!
[19.01.2021 12:00:10.503] Проблема с UDP!
[19.01.2021 12:00:18.103] Инициализируем сервер
[19.01.2021 12:00:19.350] Запрашиваем статус!
[19.01.2021 12:00:23.598] Запрашиваем статус!
[19.01.2021 12:00:38.430] Запрашиваем статус!
[19.01.2021 12:00:41.342] Запрашиваем статус!
[19.01.2021 12:00:42.886] Запрашиваем статус!
[19.01.2021 12:00:44.127] Запрашиваем статус!
[19.01.2021 12:00:45.398] Запрашиваем статус!
[19.01.2021 12:00:46.374] Запрашиваем статус!
[19.01.2021 12:00:47.023] Запрашиваем статус!
[19.01.2021 12:00:47.575] Запрашиваем статус!
[19.01.2021 12:00:48.103] Запрашиваем статус!
[19.01.2021 12:00:48.295] Запрашиваем статус!
[19.01.2021 12:00:48.447] Запрашиваем статус!
[19.01.2021 12:00:48.599] Запрашиваем статус!
[19.01.2021 12:00:49.623] Запрашиваем статус!
[19.01.2021 12:00:50.135] Запрашиваем статус!
[19.01.2021 12:00:50.626] Запрашиваем статус!
[19.01.2021 12:00:51.060] Запрашиваем статус!
[19.01.2021 12:00:51.511] Запрашиваем статус!
[19.01.2021 12:00:51.942] Запрашиваем статус!
[19.01.2021 12:00:52.151] Запрашиваем статус!
[19.01.2021 12:00:52.327] Запрашиваем статус!
[19.01.2021 12:00:52.494] Запрашиваем статус!
[19.01.2021 12:00:52.654] Запрашиваем статус!
[19.01.2021 12:00:52.814] Запрашиваем статус!
[19.01.2021 12:00:52.958] Запрашиваем статус!
[19.01.2021 12:00:53.134] Запрашиваем статус!
[19.01.2021 12:00:53.295] Запрашиваем статус!
[19.01.2021 12:00:53.454] Запрашиваем статус!
[19.01.2021 12:00:53.606] Запрашиваем статус!
[19.01.2021 12:00:53.782] Запрашиваем статус!
[19.01.2021 12:01:11.343] Запрашиваем статус!
[19.01.2021 12:01:12.295] Запрашиваем статус!
[19.01.2021 12:01:13.438] Запрашиваем статус!
[19.01.2021 12:01:15.823] Запрашиваем статус!
[19.01.2021 12:01:35.798] Запрашиваем статус!
[19.01.2021 12:01:36.631] Запрашиваем статус!
[19.01.2021 12:01:37.607] Запрашиваем статус!
[19.01.2021 12:01:38.543] Запрашиваем статус!
[19.01.2021 12:01:39.967] Запрашиваем статус!
[19.01.2021 12:01:41.103] Запрашиваем статус!
[19.01.2021 12:01:41.695] Запрашиваем статус!
[19.01.2021 12:01:42.799] Запрашиваем статус!
[19.01.2021 12:01:42.999] Запрашиваем статус!
[19.01.2021 12:01:43.175] Запрашиваем статус!
[19.01.2021 12:01:43.351] Запрашиваем статус!
[19.01.2021 12:01:43.503] Запрашиваем статус!
[19.01.2021 12:01:43.663] Запрашиваем статус!
[19.01.2021 12:01:43.831] Запрашиваем статус!
[19.01.2021 12:01:43.983] Запрашиваем статус!
[19.01.2021 12:01:44.142] Запрашиваем статус!
[19.01.2021 12:01:44.311] Запрашиваем статус!
[19.01.2021 12:02:02.046] Запрашиваем статус!
[19.01.2021 12:02:04.078] Запрашиваем статус!
[19.01.2021 12:02:05.398] Запрашиваем статус!
[19.01.2021 12:02:06.606] Запрашиваем статус!
[19.01.2021 12:02:07.694] Запрашиваем статус!
[19.01.2021 12:02:08.502] Запрашиваем статус!
[19.01.2021 12:02:08.686] Запрашиваем статус!
[19.01.2021 12:02:08.910] Запрашиваем статус!
[19.01.2021 12:02:09.110] Запрашиваем статус!
[19.01.2021 12:02:09.302] Запрашиваем статус!
[19.01.2021 12:02:11.415] Запрашиваем статус!
[19.01.2021 12:02:12.287] Запрашиваем статус!
[19.01.2021 12:02:12.823] Запрашиваем статус!
[19.01.2021 12:02:13.087] Запрашиваем статус!
[19.01.2021 12:02:13.335] Запрашиваем статус!
[19.01.2021 12:02:13.559] Запрашиваем статус!
[19.01.2021 12:02:13.751] Запрашиваем статус!
[19.01.2021 12:02:13.951] Запрашиваем статус!
[19.01.2021 12:02:14.151] Запрашиваем статус!
[19.01.2021 12:02:14.359] Запрашиваем статус!
[19.01.2021 12:02:14.559] Запрашиваем статус!
[19.01.2021 12:02:14.775] Запрашиваем статус!
[19.01.2021 12:02:15.471] Запрашиваем статус!
[19.01.2021 12:02:15.951] Запрашиваем статус!
[19.01.2021 12:02:16.367] Запрашиваем статус!
[19.01.2021 12:02:16.631] Запрашиваем статус!
[19.01.2021 12:02:16.847] Запрашиваем статус!
[19.01.2021 12:02:17.079] Запрашиваем статус!
[19.01.2021 12:02:17.335] Запрашиваем статус!
[19.01.2021 12:02:17.591] Запрашиваем статус!
[19.01.2021 12:02:17.807] Запрашиваем статус!
[19.01.2021 12:02:18.039] Запрашиваем статус!
[19.01.2021 12:02:18.254] Запрашиваем статус!
[19.01.2021 12:02:18.478] Запрашиваем статус!
[19.01.2021 12:02:18.687] Запрашиваем статус!
[19.01.2021 12:02:18.894] Запрашиваем статус!
[19.01.2021 12:02:19.110] Запрашиваем статус!
[19.01.2021 12:02:19.342] Запрашиваем статус!
[19.01.2021 12:02:19.543] Запрашиваем статус!
[19.01.2021 12:02:19.758] Запрашиваем статус!
[19.01.2021 12:02:19.958] Запрашиваем статус!
[19.01.2021 12:02:20.174] Запрашиваем статус!
[19.01.2021 12:02:20.382] Запрашиваем статус!
[19.01.2021 12:02:20.582] Запрашиваем статус!
[19.01.2021 12:02:20.782] Запрашиваем статус!
[19.01.2021 12:02:20.982] Запрашиваем статус!
[19.01.2021 12:02:21.174] Запрашиваем статус!
[19.01.2021 12:02:21.366] Запрашиваем статус!
[19.01.2021 12:03:39.871] Запрашиваем статус!
[19.01.2021 12:03:41.015] Запрашиваем статус!
[19.01.2021 12:03:42.031] Запрашиваем статус!
[19.01.2021 12:03:50.126] Запрашиваем статус!
[19.01.2021 12:03:50.846] Запрашиваем статус!
[19.01.2021 12:03:51.446] Запрашиваем статус!
[19.01.2021 12:03:51.654] Запрашиваем статус!
[19.01.2021 12:03:51.814] Запрашиваем статус!
[19.01.2021 12:03:51.974] Запрашиваем статус!
[19.01.2021 12:03:52.118] Запрашиваем статус!
[19.01.2021 12:03:52.264] Запрашиваем статус!
[19.01.2021 12:03:52.406] Запрашиваем статус!
[19.01.2021 12:03:52.550] Запрашиваем статус!
[19.01.2021 12:03:52.686] Запрашиваем статус!
[19.01.2021 12:03:52.822] Запрашиваем статус!
[19.01.2021 12:03:52.974] Запрашиваем статус!
[19.01.2021 12:03:53.119] Запрашиваем статус!
[19.01.2021 12:03:53.262] Запрашиваем статус!
[19.01.2021 12:03:53.422] Запрашиваем статус!
[19.01.2021 12:03:53.574] Запрашиваем статус!
[19.01.2021 12:03:53.742] Запрашиваем статус!
[19.01.2021 12:03:53.902] Запрашиваем статус!
[19.01.2021 12:03:54.072] Запрашиваем статус!
[19.01.2021 12:03:54.230] Запрашиваем статус!
[19.01.2021 12:03:54.382] Запрашиваем статус!
[19.01.2021 12:03:54.542] Запрашиваем статус!
[19.01.2021 12:03:54.694] Запрашиваем статус!
[19.01.2021 12:03:54.854] Запрашиваем статус!
[19.01.2021 12:03:55.014] Запрашиваем статус!
[19.01.2021 12:03:55.182] Запрашиваем статус!
[19.01.2021 12:03:55.350] Запрашиваем статус!
[19.01.2021 12:03:55.510] Запрашиваем статус!
[19.01.2021 12:03:55.654] Запрашиваем статус!
[19.01.2021 12:03:55.814] Запрашиваем статус!
[19.01.2021 12:03:55.983] Запрашиваем статус!
[19.01.2021 12:03:56.143] Запрашиваем статус!
[19.01.2021 12:03:56.319] Запрашиваем статус!
[19.01.2021 12:03:56.591] Запрашиваем статус!
[19.01.2021 12:04:03.022] Запрашиваем статус!
[19.01.2021 12:04:03.983] Запрашиваем статус!
[19.01.2021 12:04:04.263] Запрашиваем статус!
[19.01.2021 12:04:04.605] Запрашиваем статус!
[19.01.2021 12:04:04.888] Запрашиваем статус!
[19.01.2021 12:04:05.188] Запрашиваем статус!
[19.01.2021 12:04:05.439] Запрашиваем статус!
[19.01.2021 12:04:05.663] Запрашиваем статус!
[19.01.2021 12:04:05.939] Запрашиваем статус!
[19.01.2021 12:04:06.150] Запрашиваем статус!
[19.01.2021 12:04:06.367] Запрашиваем статус!
[19.01.2021 12:04:06.590] Запрашиваем статус!
[19.01.2021 12:04:06.839] Запрашиваем статус!
[19.01.2021 12:04:07.102] Запрашиваем статус!
[19.01.2021 12:04:07.966] Запрашиваем статус!
[19.01.2021 12:04:08.470] Запрашиваем статус!
[19.01.2021 12:06:06.911] Запрашиваем статус!
[19.01.2021 12:06:35.239] Запрашиваем статус!
[19.01.2021 12:06:37.727] Запрашиваем статус!
[19.01.2021 12:06:39.359] Запрашиваем статус!
[19.01.2021 12:06:40.527] Запрашиваем статус!
[19.01.2021 12:06:41.574] Запрашиваем статус!
[19.01.2021 12:06:42.558] Запрашиваем статус!
[19.01.2021 12:06:43.374] Запрашиваем статус!
[19.01.2021 12:06:44.086] Запрашиваем статус!
[19.01.2021 12:06:44.918] Запрашиваем статус!
[19.01.2021 12:06:45.566] Запрашиваем статус!
[19.01.2021 12:06:49.678] Запрашиваем статус!
[19.01.2021 12:06:50.622] Запрашиваем статус!
[19.01.2021 12:06:51.407] Запрашиваем статус!
[19.01.2021 12:06:52.071] Запрашиваем статус!
[19.01.2021 12:06:52.719] Запрашиваем статус!
[19.01.2021 12:06:53.111] Запрашиваем статус!
[19.01.2021 12:06:53.327] Запрашиваем статус!
[19.01.2021 12:06:53.527] Запрашиваем статус!
[19.01.2021 12:06:53.743] Запрашиваем статус!
[19.01.2021 12:06:53.959] Запрашиваем статус!
[19.01.2021 12:06:54.175] Запрашиваем статус!
[19.01.2021 12:06:54.375] Запрашиваем статус!
[19.01.2021 12:06:54.567] Запрашиваем статус!
[19.01.2021 12:06:54.751] Запрашиваем статус!
[19.01.2021 12:06:54.951] Запрашиваем статус!
[19.01.2021 12:06:55.143] Запрашиваем статус!
[19.01.2021 12:06:55.335] Запрашиваем статус!
[19.01.2021 12:06:55.535] Запрашиваем статус!
[19.01.2021 12:06:55.711] Запрашиваем статус!
[19.01.2021 12:06:55.895] Запрашиваем статус!
[19.01.2021 12:06:56.087] Запрашиваем статус!
[19.01.2021 12:06:56.271] Запрашиваем статус!
[19.01.2021 12:06:56.439] Запрашиваем статус!
[19.01.2021 12:06:56.607] Запрашиваем статус!
[19.01.2021 12:06:56.791] Запрашиваем статус!
[19.01.2021 12:06:56.967] Запрашиваем статус!
[19.01.2021 12:06:57.151] Запрашиваем статус!
[19.01.2021 12:06:57.311] Запрашиваем статус!
[19.01.2021 12:06:57.495] Запрашиваем статус!
[19.01.2021 12:06:57.671] Запрашиваем статус!
[19.01.2021 12:06:57.855] Запрашиваем статус!
[19.01.2021 12:06:58.031] Запрашиваем статус!
[19.01.2021 12:06:58.223] Запрашиваем статус!
[19.01.2021 12:06:58.391] Запрашиваем статус!
[19.01.2021 12:06:58.567] Запрашиваем статус!
[19.01.2021 12:06:58.743] Запрашиваем статус!
[19.01.2021 12:06:58.926] Запрашиваем статус!
[19.01.2021 12:06:59.102] Запрашиваем статус!
[19.01.2021 12:06:59.271] Запрашиваем статус!
[19.01.2021 12:06:59.446] Запрашиваем статус!
[19.01.2021 12:06:59.630] Запрашиваем статус!
[19.01.2021 12:06:59.982] Запрашиваем статус!
[19.01.2021 12:07:00.166] Запрашиваем статус!
[19.01.2021 12:07:00.342] Запрашиваем статус!
[19.01.2021 12:07:00.518] Запрашиваем статус!
[19.01.2021 12:07:00.694] Запрашиваем статус!
[19.01.2021 12:07:00.878] Запрашиваем статус!
[19.01.2021 12:07:01.046] Запрашиваем статус!
[19.01.2021 12:07:01.231] Запрашиваем статус!
[19.01.2021 12:07:01.407] Запрашиваем статус!
[19.01.2021 12:07:01.574] Запрашиваем статус!
[19.01.2021 12:07:01.751] Запрашиваем статус!
[19.01.2021 12:07:01.934] Запрашиваем статус!
[19.01.2021 12:07:02.134] Запрашиваем статус!
[19.01.2021 12:07:02.318] Запрашиваем статус!
[19.01.2021 12:07:02.518] Запрашиваем статус!
[19.01.2021 12:07:02.694] Запрашиваем статус!
[19.01.2021 12:07:02.870] Запрашиваем статус!
[19.01.2021 12:07:03.039] Запрашиваем статус!
[19.01.2021 12:07:03.222] Запрашиваем статус!
[19.01.2021 12:07:03.414] Запрашиваем статус!
[19.01.2021 12:07:03.606] Запрашиваем статус!
[19.01.2021 12:07:03.790] Запрашиваем статус!
[19.01.2021 12:07:03.975] Запрашиваем статус!
[19.01.2021 12:07:04.158] Запрашиваем статус!
[19.01.2021 12:07:04.343] Запрашиваем статус!
[19.01.2021 12:07:04.518] Запрашиваем статус!
[19.01.2021 12:07:04.702] Запрашиваем статус!
[19.01.2021 12:07:04.878] Запрашиваем статус!
[19.01.2021 12:07:05.038] Запрашиваем статус!
[19.01.2021 12:07:05.214] Запрашиваем статус!
[19.01.2021 12:07:05.382] Запрашиваем статус!
[19.01.2021 12:07:05.558] Запрашиваем статус!
[19.01.2021 12:07:05.734] Запрашиваем статус!
[19.01.2021 12:07:05.910] Запрашиваем статус!
[19.01.2021 12:07:06.086] Запрашиваем статус!
[19.01.2021 12:07:06.262] Запрашиваем статус!
[19.01.2021 12:07:06.438] Запрашиваем статус!
[19.01.2021 12:07:06.614] Запрашиваем статус!
[19.01.2021 12:07:06.814] Запрашиваем статус!
[19.01.2021 12:07:07.006] Запрашиваем статус!
[19.01.2021 12:07:07.174] Запрашиваем статус!
[19.01.2021 12:07:07.350] Запрашиваем статус!
[19.01.2021 12:07:07.542] Запрашиваем статус!
[19.01.2021 12:07:07.726] Запрашиваем статус!
[19.01.2021 12:07:07.934] Запрашиваем статус!
[19.01.2021 12:07:08.110] Запрашиваем статус!
[19.01.2021 12:07:08.280] Запрашиваем статус!
[19.01.2021 12:07:08.463] Запрашиваем статус!
[19.01.2021 12:07:08.655] Запрашиваем статус!
[19.01.2021 12:07:08.839] Запрашиваем статус!
[19.01.2021 12:07:09.015] Запрашиваем статус!
[19.01.2021 12:07:09.199] Запрашиваем статус!
[19.01.2021 12:28:35.751] Запрашиваем статус!
[19.01.2021 13:24:40.523] Запрашиваем статус!
[19.01.2021 13:39:45.106] Запрашиваем статус!
[19.01.2021 13:40:10.410] Запрашиваем статус!
[19.01.2021 13:40:22.498] Запрашиваем статус!
[19.01.2021 13:40:23.050] Запрашиваем статус!
[19.01.2021 13:40:23.338] Запрашиваем статус!
[19.01.2021 13:40:23.611] Запрашиваем статус!
[19.01.2021 13:40:23.810] Запрашиваем статус!
[19.01.2021 13:40:23.986] Запрашиваем статус!
[19.01.2021 13:40:24.170] Запрашиваем статус!
[19.01.2021 13:40:24.332] Запрашиваем статус!
[19.01.2021 13:40:24.482] Запрашиваем статус!
[19.01.2021 13:40:24.626] Запрашиваем статус!
[19.01.2021 13:40:24.770] Запрашиваем статус!
[19.01.2021 13:40:24.930] Запрашиваем статус!
[19.01.2021 13:40:25.066] Запрашиваем статус!
[19.01.2021 13:40:25.218] Запрашиваем статус!
[19.01.2021 13:40:25.354] Запрашиваем статус!
[19.01.2021 13:40:25.618] Запрашиваем статус!
[19.01.2021 13:40:25.770] Запрашиваем статус!
[19.01.2021 13:40:25.922] Запрашиваем статус!
[19.01.2021 13:40:26.090] Запрашиваем статус!
[19.01.2021 13:40:26.227] Запрашиваем статус!
[19.01.2021 13:40:26.378] Запрашиваем статус!
[19.01.2021 13:40:26.538] Запрашиваем статус!
[19.01.2021 13:40:26.706] Запрашиваем статус!
[19.01.2021 13:40:26.858] Запрашиваем статус!
[19.01.2021 13:40:27.051] Запрашиваем статус!
[19.01.2021 13:40:29.155] Запрашиваем статус!
[19.01.2021 13:40:29.314] Запрашиваем статус!
[19.01.2021 13:40:29.482] Запрашиваем статус!
[19.01.2021 13:40:29.650] Запрашиваем статус!
[19.01.2021 13:40:29.810] Запрашиваем статус!
[19.01.2021 13:40:29.987] Запрашиваем статус!
[19.01.2021 13:40:30.170] Запрашиваем статус!
[19.01.2021 13:40:30.418] Запрашиваем статус!
[19.01.2021 13:40:33.251] Запрашиваем статус!
[19.01.2021 13:40:33.253] Запрашиваем статус!
[19.01.2021 13:40:33.256] Запрашиваем статус!
[19.01.2021 13:40:33.258] Запрашиваем статус!
[19.01.2021 13:40:33.260] Запрашиваем статус!
[19.01.2021 13:40:33.263] Запрашиваем статус!
[19.01.2021 13:40:34.450] Запрашиваем статус!
[19.01.2021 13:40:35.170] Запрашиваем статус!
[19.01.2021 13:40:35.626] Запрашиваем статус!
[19.01.2021 13:40:36.018] Запрашиваем статус!
[19.01.2021 13:40:38.610] Запрашиваем статус!
[19.01.2021 13:40:38.994] Запрашиваем статус!
[19.01.2021 13:40:39.194] Запрашиваем статус!
[19.01.2021 13:40:39.386] Запрашиваем статус!
[19.01.2021 13:40:39.554] Запрашиваем статус!
[19.01.2021 13:40:39.722] Запрашиваем статус!
[19.01.2021 13:40:39.906] Запрашиваем статус!
[19.01.2021 13:40:40.074] Запрашиваем статус!
[19.01.2021 13:44:30.155] Запрашиваем статус!
[19.01.2021 14:22:08.770] Запрашиваем статус!
[19.01.2021 14:22:11.002] Запрашиваем статус!
[19.01.2021 14:22:11.602] Запрашиваем статус!
[19.01.2021 14:22:12.018] Запрашиваем статус!
[19.01.2021 14:22:12.538] Запрашиваем статус!
[19.01.2021 14:22:13.266] Запрашиваем статус!
[19.01.2021 14:22:13.826] Запрашиваем статус!
[19.01.2021 14:22:14.194] Запрашиваем статус!
[19.01.2021 14:22:14.762] Запрашиваем статус!
[19.01.2021 14:23:50.938] Запрашиваем статус!
[19.01.2021 14:24:16.786] Запрашиваем статус!
[19.01.2021 14:24:23.722] Запрашиваем статус!
[19.01.2021 14:24:40.169] Запрашиваем статус!
[19.01.2021 14:24:40.866] Запрашиваем статус!
[19.01.2021 14:24:41.650] Запрашиваем статус!
[19.01.2021 14:24:42.474] Запрашиваем статус!
[19.01.2021 14:24:43.346] Запрашиваем статус!
[19.01.2021 14:24:44.411] Запрашиваем статус!
[19.01.2021 14:24:45.154] Запрашиваем статус!
[19.01.2021 14:24:47.315] Запрашиваем статус!
[19.01.2021 14:24:49.082] Запрашиваем статус!
[19.01.2021 14:24:50.026] Запрашиваем статус!
[19.01.2021 14:24:50.898] Запрашиваем статус!
[19.01.2021 14:24:51.706] Запрашиваем статус!
[19.01.2021 15:26:14.669] Загрузили конфигурационный файл 
 server IP:1.3.1.1 server PORT:139 
 dst IP:1.3.1.60 dst PORT:77
[19.01.2021 15:26:51.688] Загрузили конфигурационный файл 
 server IP:1.3.1.1 server PORT:139 
 dst IP:1.3.1.60 dst PORT:77
[19.01.2021 15:27:00.881] Инициализируем сервер
[19.01.2021 15:27:02.425] Запрашиваем статус!
[19.01.2021 15:27:14.400] Запрашиваем статус!
[19.01.2021 15:27:33.544] Запрашиваем статус!
[19.01.2021 15:32:15.440] Запрашиваем статус!
[19.01.2021 15:33:05.936] Запрашиваем статус!
[19.01.2021 15:33:08.792] Запрашиваем статус!
[19.01.2021 15:33:10.761] Запрашиваем статус!
[19.01.2021 15:33:16.536] Запрашиваем статус!
[19.01.2021 15:33:21.225] Запрашиваем статус!
[19.01.2021 15:33:30.440] Запрашиваем статус!
[19.01.2021 15:33:35.089] Запрашиваем статус!
[19.01.2021 15:33:38.328] Запрашиваем статус!
[19.01.2021 15:33:43.760] Запрашиваем статус!
[19.01.2021 15:34:16.168] Запрашиваем статус!
[19.01.2021 15:35:30.057] Запрашиваем статус!
[19.01.2021 15:35:39.217] Запрашиваем статус!
[19.01.2021 15:35:39.592] Запрашиваем статус!
[19.01.2021 15:35:42.096] Запрашиваем статус!
[19.01.2021 15:35:42.576] Запрашиваем статус!
[19.01.2021 15:35:43.081] Запрашиваем статус!
[19.01.2021 15:37:59.256] Запрашиваем статус!
[19.01.2021 15:38:04.401] Запрашиваем статус!
[19.01.2021 15:38:06.625] Запрашиваем статус!
[19.01.2021 15:39:22.025] Запрашиваем статус!
[19.01.2021 15:40:22.536] Запрашиваем статус!
[19.01.2021 15:40:24.704] Запрашиваем статус!
[19.01.2021 15:40:26.105] Запрашиваем статус!
[19.01.2021 15:40:27.217] Запрашиваем статус!
[19.01.2021 15:40:39.649] Запрашиваем статус!
[19.01.2021 15:40:42.320] Запрашиваем статус!
[19.01.2021 15:40:44.001] Запрашиваем статус!
[19.01.2021 15:41:11.849] Запрашиваем статус!
[19.01.2021 15:41:14.841] Запрашиваем статус!
[19.01.2021 15:42:05.465] Запрашиваем статус!
[19.01.2021 15:42:13.705] Запрашиваем статус!
[19.01.2021 15:46:16.081] Запрашиваем статус!
[19.01.2021 15:46:18.921] Запрашиваем статус!
[19.01.2021 15:46:58.265] Запрашиваем статус!
[19.01.2021 15:47:00.904] Запрашиваем статус!
[19.01.2021 15:47:01.713] Запрашиваем статус!
[19.01.2021 15:47:03.776] Запрашиваем статус!
[19.01.2021 15:47:05.760] Запрашиваем статус!
[19.01.2021 15:47:07.889] Запрашиваем статус!
[19.01.2021 15:47:09.553] Запрашиваем статус!
[19.01.2021 15:47:11.673] Запрашиваем статус!
[19.01.2021 15:47:13.097] Запрашиваем статус!
[19.01.2021 15:47:14.353] Запрашиваем статус!
[19.01.2021 15:47:14.561] Запрашиваем статус!
[19.01.2021 15:47:14.745] Запрашиваем статус!
[19.01.2021 15:47:14.952] Запрашиваем статус!
[19.01.2021 15:47:15.937] Запрашиваем статус!
[19.01.2021 15:47:16.137] Запрашиваем статус!
[19.01.2021 15:47:16.321] Запрашиваем статус!
[19.01.2021 15:47:17.713] Запрашиваем статус!
[19.01.2021 15:47:17.928] Запрашиваем статус!
[19.01.2021 15:47:18.161] Запрашиваем статус!
[19.01.2021 15:47:18.376] Запрашиваем статус!
[19.01.2021 15:56:59.121] Запрашиваем статус!
[19.01.2021 15:57:07.793] Запрашиваем статус!
[19.01.2021 15:57:22.282] Запрашиваем статус!
[19.01.2021 16:10:35.585] Запрашиваем статус!
[19.01.2021 16:11:00.097] Запрашиваем статус!
[19.01.2021 16:15:59.826] Запрашиваем статус!
[19.01.2021 16:16:48.571] Загрузили конфигурационный файл 
 server IP:1.3.1.1 server PORT:139 
 dst IP:1.3.1.60 dst PORT:77
[19.01.2021 16:16:51.626] Инициализируем сервер
[19.01.2021 16:16:53.513] Запрашиваем статус!
[19.01.2021 16:17:00.408] Запрашиваем статус!
[19.01.2021 16:18:15.336] Запрашиваем статус!
[19.01.2021 16:18:17.344] Запрашиваем статус!
[19.01.2021 16:18:18.584] Запрашиваем статус!
[19.01.2021 16:18:25.577] Запрашиваем статус!
[19.01.2021 16:20:07.217] Запрашиваем статус!
[19.01.2021 16:20:21.709] Загрузили конфигурационный файл 
 server IP:1.3.1.1 server PORT:139 
 dst IP:1.3.1.60 dst PORT:77
[19.01.2021 16:20:24.666] Инициализируем сервер
[19.01.2021 16:20:26.041] Запрашиваем статус!
[19.01.2021 16:28:21.098] Загрузили конфигурационный файл 
 server IP:1.3.1.1 server PORT:139 
 dst IP:1.3.1.60 dst PORT:77
[19.01.2021 16:28:23.130] Инициализируем сервер
[19.01.2021 16:28:24.162] Запрашиваем статус!
[19.01.2021 16:37:25.527] Загрузили конфигурационный файл 
 server IP:1.3.1.1 server PORT:139 
 dst IP:1.3.1.60 dst PORT:77
[19.01.2021 16:37:27.002] Инициализируем сервер
[19.01.2021 16:37:27.793] Запрашиваем статус!
[19.01.2021 16:37:34.585] Запрашиваем статус!
[19.01.2021 16:37:36.873] Запрашиваем статус!
[19.01.2021 17:25:29.200] Загрузили конфигурационный файл 
 server IP:1.3.1.1 server PORT:139 
 dst IP:1.3.1.60 dst PORT:77
[19.01.2021 18:11:45.653] Загрузили конфигурационный файл 
 server IP:1.3.1.1 server PORT:139 
 dst IP:1.3.1.60 dst PORT:77
[19.01.2021 18:11:47.816] Инициализируем сервер
[19.01.2021 18:11:48.936] Запрашиваем статус!
[19.01.2021 18:11:52.831] Запрашиваем статус!
[19.01.2021 18:11:59.423] Запрашиваем статус!
[19.01.2021 18:14:47.158] Загрузили конфигурационный файл 
 server IP:1.3.1.1 server PORT:139 
 dst IP:1.3.1.60 dst PORT:77
[19.01.2021 18:14:49.279] Инициализируем сервер
[19.01.2021 18:14:50.727] Запрашиваем статус!
[19.01.2021 18:16:39.399] Загрузили конфигурационный файл 
 server IP:1.3.1.1 server PORT:139 
 dst IP:1.3.1.60 dst PORT:77
[19.01.2021 18:16:40.896] Инициализируем сервер
[19.01.2021 18:16:41.807] Запрашиваем статус!
[19.01.2021 18:16:50.374] Запрашиваем статус!
[19.01.2021 18:17:22.780] Загрузили конфигурационный файл 
 server IP:1.3.1.1 server PORT:139 
 dst IP:1.3.1.60 dst PORT:77
[19.01.2021 18:17:26.343] Инициализируем сервер
[19.01.2021 18:17:27.335] Запрашиваем статус!
[19.01.2021 18:17:28.727] Запрашиваем статус!
[19.01.2021 18:17:29.752] Запрашиваем статус!
[19.01.2021 18:17:42.480] Запрашиваем статус!
[19.01.2021 18:17:46.991] Запрашиваем статус!
[19.01.2021 18:17:56.871] Запрашиваем статус!
[19.01.2021 18:17:58.983] Запрашиваем статус!
[19.01.2021 18:18:01.551] Запрашиваем статус!
[19.01.2021 18:18:02.791] Запрашиваем статус!
[19.01.2021 18:18:05.800] Запрашиваем статус!
[19.01.2021 18:18:07.512] Запрашиваем статус!
[19.01.2021 18:18:11.951] Запрашиваем статус!
[19.01.2021 18:18:14.279] Запрашиваем статус!
[19.01.2021 18:18:15.927] Запрашиваем статус!
[19.01.2021 18:18:18.279] Запрашиваем статус!
[19.01.2021 18:18:19.247] Запрашиваем статус!
[19.01.2021 18:18:20.543] Запрашиваем статус!
[19.01.2021 18:18:22.039] Запрашиваем статус!
[19.01.2021 18:18:23.753] Запрашиваем статус!
[19.01.2021 18:18:24.968] Запрашиваем статус!
[19.01.2021 18:18:26.360] Запрашиваем статус!
[19.01.2021 18:18:27.784] Запрашиваем статус!
[19.01.2021 18:18:28.975] Запрашиваем статус!
[19.01.2021 18:18:29.856] Запрашиваем статус!
[19.01.2021 18:18:30.712] Запрашиваем статус!
[19.01.2021 18:18:31.351] Запрашиваем статус!
[19.01.2021 18:18:32.008] Запрашиваем статус!
[19.01.2021 18:18:32.623] Запрашиваем статус!
[19.01.2021 18:18:33.271] Запрашиваем статус!
[19.01.2021 18:18:33.855] Запрашиваем статус!
[19.01.2021 18:18:34.407] Запрашиваем статус!
[19.01.2021 18:18:34.943] Запрашиваем статус!
[19.01.2021 18:18:35.439] Запрашиваем статус!
[19.01.2021 18:18:35.774] Запрашиваем статус!
[19.01.2021 18:18:35.967] Запрашиваем статус!
[19.01.2021 18:18:36.119] Запрашиваем статус!
[19.01.2021 18:18:36.279] Запрашиваем статус!
[19.01.2021 18:18:36.439] Запрашиваем статус!
[19.01.2021 18:18:36.599] Запрашиваем статус!
[19.01.2021 18:18:36.759] Запрашиваем статус!
[19.01.2021 18:18:36.927] Запрашиваем статус!
[19.01.2021 18:18:37.095] Запрашиваем статус!
[19.01.2021 18:18:37.255] Запрашиваем статус!
[19.01.2021 18:18:37.423] Запрашиваем статус!
[19.01.2021 18:18:37.591] Запрашиваем статус!
[19.01.2021 18:18:37.743] Запрашиваем статус!
[19.01.2021 18:18:37.911] Запрашиваем статус!
[19.01.2021 18:18:38.087] Запрашиваем статус!
[19.01.2021 18:18:38.255] Запрашиваем статус!
[19.01.2021 18:18:38.439] Запрашиваем статус!
[19.01.2021 18:18:38.599] Запрашиваем статус!
[19.01.2021 18:18:38.767] Запрашиваем статус!
[19.01.2021 18:18:38.935] Запрашиваем статус!
[19.01.2021 18:18:39.111] Запрашиваем статус!
[19.01.2021 18:18:39.279] Запрашиваем статус!
[19.01.2021 18:18:39.455] Запрашиваем статус!
[19.01.2021 18:18:39.623] Запрашиваем статус!
[19.01.2021 18:18:39.824] Запрашиваем статус!
[19.01.2021 18:18:39.992] Запрашиваем статус!
[19.01.2021 18:18:40.176] Запрашиваем статус!
[19.01.2021 18:18:40.344] Запрашиваем статус!
[19.01.2021 18:18:40.528] Запрашиваем статус!
[19.01.2021 18:18:40.688] Запрашиваем статус!
[19.01.2021 18:18:40.863] Запрашиваем статус!
[19.01.2021 18:18:41.040] Запрашиваем статус!
[19.01.2021 18:18:41.232] Запрашиваем статус!
[19.01.2021 18:18:41.407] Запрашиваем статус!
[19.01.2021 18:18:41.567] Запрашиваем статус!
[19.01.2021 18:18:41.751] Запрашиваем статус!
[19.01.2021 18:18:41.927] Запрашиваем статус!
[19.01.2021 18:18:42.096] Запрашиваем статус!
[19.01.2021 18:18:42.271] Запрашиваем статус!
[19.01.2021 18:18:42.456] Запрашиваем статус!
[19.01.2021 18:18:42.647] Запрашиваем статус!
[19.01.2021 18:18:42.823] Запрашиваем статус!
[19.01.2021 18:18:43.000] Запрашиваем статус!
[19.01.2021 18:18:43.184] Запрашиваем статус!
[19.01.2021 18:18:43.360] Запрашиваем статус!
[19.01.2021 18:18:43.544] Запрашиваем статус!
[19.01.2021 18:18:43.711] Запрашиваем статус!
[19.01.2021 18:18:43.879] Запрашиваем статус!
[19.01.2021 18:18:44.071] Запрашиваем статус!
[19.01.2021 18:18:44.247] Запрашиваем статус!
[19.01.2021 18:18:44.439] Запрашиваем статус!
[19.01.2021 18:18:44.607] Запрашиваем статус!
[19.01.2021 18:18:44.775] Запрашиваем статус!
[19.01.2021 18:18:44.960] Запрашиваем статус!
