[26.01.2021 11:22:44.337] Загрузили конфигурационный файл 
 server IP:1.3.1.1 server PORT:139 
 dst IP:1.3.1.60 dst PORT:77
[26.01.2021 11:23:56.836] Загрузили конфигурационный файл 
 server IP:1.3.1.1 server PORT:139 
 dst IP:1.3.1.60 dst PORT:77
[26.01.2021 11:25:05.286] Загрузили конфигурационный файл 
 server IP:1.3.1.1 server PORT:139 
 dst IP:1.3.1.60 dst PORT:77
[26.01.2021 11:26:13.589] Загрузили конфигурационный файл 
 server IP:1.3.1.1 server PORT:139 
 dst IP:1.3.1.60 dst PORT:77
[26.01.2021 11:33:23.764] Загрузили конфигурационный файл 
 server IP:1.3.1.1 server PORT:139 
 dst IP:1.3.1.60 dst PORT:77
[26.01.2021 11:34:19.348] Загрузили конфигурационный файл 
 server IP:1.3.1.1 server PORT:139 
 dst IP:1.3.1.60 dst PORT:77
[26.01.2021 11:34:39.432] Отсылаем команду реального времени!
[26.01.2021 12:13:51.749] Загрузили конфигурационный файл 
 server IP:1.3.1.1 server PORT:139 
 dst IP:1.3.1.60 dst PORT:77
[26.01.2021 12:16:57.935] Загрузили конфигурационный файл 
 server IP:1.3.1.1 server PORT:139 
 dst IP:1.3.1.60 dst PORT:77
[26.01.2021 12:17:01.744] Инициализируем сервер
[26.01.2021 12:17:03.375] Запрашиваем статус!
[26.01.2021 12:18:42.062] Запрашиваем статус!
[26.01.2021 12:20:20.667] Отсылаем команду реального времени!
[26.01.2021 12:20:29.009] Отсылаем команду реального времени!
[26.01.2021 12:20:39.898] Отсылаем команду реального времени!
[26.01.2021 12:20:54.110] Отсылаем команду реального времени!
[26.01.2021 12:21:15.513] Отсылаем команду реального времени!
[26.01.2021 12:21:35.155] Отсылаем команду реального времени!
[26.01.2021 12:21:35.157] Отсылаем команду реального времени!
[26.01.2021 12:21:45.669] Отсылаем команду реального времени!
[26.01.2021 12:21:45.671] Отсылаем команду реального времени!
[26.01.2021 12:22:01.520] Отсылаем команду реального времени!
[26.01.2021 12:22:01.522] Отсылаем команду реального времени!
[26.01.2021 12:22:13.530] Отсылаем команду реального времени!
[26.01.2021 12:22:13.533] Отсылаем команду реального времени!
[26.01.2021 12:22:20.911] Отсылаем команду реального времени!
[26.01.2021 12:22:20.915] Отсылаем команду реального времени!
[26.01.2021 12:22:45.510] Отсылаем команду реального времени!
[26.01.2021 12:22:45.512] Отсылаем команду реального времени!
[26.01.2021 12:23:39.471] Отсылаем команду реального времени!
[26.01.2021 12:23:39.473] Отсылаем команду реального времени!
[26.01.2021 12:24:00.922] Отсылаем команду реального времени!
[26.01.2021 12:24:00.929] Отсылаем команду реального времени!
[26.01.2021 12:24:11.687] Отсылаем команду реального времени!
[26.01.2021 12:24:11.690] Отсылаем команду реального времени!
[26.01.2021 12:24:14.103] Отсылаем команду реального времени!
[26.01.2021 12:24:14.105] Отсылаем команду реального времени!
[26.01.2021 12:24:15.744] Отсылаем команду реального времени!
[26.01.2021 12:24:15.746] Отсылаем команду реального времени!
[26.01.2021 12:25:40.450] Отсылаем команду реального времени!
[26.01.2021 12:25:40.453] Отсылаем команду реального времени!
[26.01.2021 12:26:12.382] Отсылаем команду реального времени!
[26.01.2021 12:26:12.384] Отсылаем команду реального времени!
[26.01.2021 12:26:53.783] Переключаем каналы с прямого выхода на калибровку и обратно!
[26.01.2021 12:26:56.751] Отсылаем команду реального времени!
[26.01.2021 12:26:56.753] Отсылаем команду реального времени!
[26.01.2021 12:27:01.663] Переключаем каналы с прямого выхода на калибровку и обратно!
[26.01.2021 12:27:03.645] Отсылаем команду реального времени!
[26.01.2021 12:27:03.647] Отсылаем команду реального времени!
[26.01.2021 12:28:28.055] Запрашиваем статус!
[26.01.2021 12:28:41.258] Отсылаем команду реального времени!
[26.01.2021 12:29:03.406] Отсылаем команду реального времени!
[26.01.2021 12:29:27.761] Отсылаем команду реального времени!
[26.01.2021 12:29:32.502] Отсылаем команду реального времени!
[26.01.2021 12:29:38.242] Отсылаем команду реального времени!
[26.01.2021 12:29:50.927] Отсылаем команду реального времени!
[26.01.2021 12:30:04.973] Отсылаем команду реального времени!
[26.01.2021 14:00:09.832] Запрашиваем статус!
[26.01.2021 14:00:22.179] Отсылаем команду реального времени!
[26.01.2021 14:00:25.048] Отсылаем команду реального времени!
[26.01.2021 14:00:28.856] Отсылаем команду реального времени!
[26.01.2021 14:00:48.933] Отсылаем команду реального времени!
[26.01.2021 14:01:43.189] Отсылаем команду реального времени!
[26.01.2021 14:03:08.555] Отсылаем команду реального времени!
[26.01.2021 14:03:39.004] Отсылаем команду реального времени!
[26.01.2021 14:04:51.439] Запрашиваем статус!
[26.01.2021 14:05:00.577] Отсылаем команду реального времени!
[26.01.2021 14:05:15.196] Отсылаем команду реального времени!
[26.01.2021 14:05:31.076] Отсылаем команду реального времени!
[26.01.2021 14:05:39.253] Отсылаем команду реального времени!
[26.01.2021 14:05:52.696] Отсылаем команду реального времени!
[26.01.2021 14:05:57.173] Отсылаем команду реального времени!
[26.01.2021 14:06:15.570] Отсылаем команду реального времени!
[26.01.2021 14:06:24.850] Отсылаем команду реального времени!
[26.01.2021 14:07:31.618] Отсылаем команду реального времени!
[26.01.2021 14:07:35.532] Отсылаем команду реального времени!
[26.01.2021 14:09:12.087] Запрашиваем статус!
[26.01.2021 14:09:25.422] Отсылаем команду реального времени!
[26.01.2021 14:09:32.519] Отсылаем команду реального времени!
[26.01.2021 14:09:47.431] Отсылаем команду реального времени!
[26.01.2021 14:10:07.901] Отсылаем команду реального времени!
[26.01.2021 14:10:13.670] Отсылаем команду реального времени!
[26.01.2021 14:10:22.112] Отсылаем команду реального времени!
[26.01.2021 14:10:25.126] Отсылаем команду реального времени!
[26.01.2021 14:15:30.400] Отсылаем команду реального времени!
[26.01.2021 14:15:35.102] Запрашиваем статус!
[26.01.2021 14:18:31.802] Отсылаем команду реального времени!
[26.01.2021 14:19:57.931] Отсылаем команду реального времени!
[26.01.2021 14:20:25.870] Отсылаем команду реального времени!
[26.01.2021 14:21:00.030] Отсылаем команду реального времени!
[26.01.2021 14:21:07.651] Отсылаем команду реального времени!
[26.01.2021 14:21:12.644] Отсылаем команду реального времени!
[26.01.2021 14:21:19.998] Отсылаем команду реального времени!
[26.01.2021 14:21:30.164] Отсылаем команду реального времени!
[26.01.2021 14:21:39.706] Отсылаем команду реального времени!
[26.01.2021 14:21:52.702] Отсылаем команду реального времени!
[26.01.2021 14:27:12.678] Запрашиваем статус!
[26.01.2021 14:27:20.454] Отсылаем команду реального времени!
[26.01.2021 16:21:31.750] Загрузили конфигурационный файл 
 server IP:1.3.1.1 server PORT:139 
 dst IP:1.3.1.60 dst PORT:77
[26.01.2021 16:21:34.270] Инициализируем сервер
[26.01.2021 16:21:35.086] Запрашиваем статус!
[26.01.2021 16:21:55.499] Отсылаем команду реального времени!
[26.01.2021 16:22:10.362] Отсылаем команду реального времени!
[26.01.2021 16:22:31.080] Отсылаем команду реального времени!
[26.01.2021 16:22:40.629] Отсылаем команду реального времени!
[26.01.2021 16:22:48.552] Отсылаем команду реального времени!
[26.01.2021 16:23:45.665] Отсылаем команду реального времени!
[26.01.2021 16:23:53.199] Отсылаем команду реального времени!
[26.01.2021 16:23:57.099] Отсылаем команду реального времени!
[26.01.2021 16:24:07.989] Отсылаем команду реального времени!
[26.01.2021 16:24:24.263] Отсылаем команду реального времени!
[26.01.2021 16:24:38.252] Отсылаем команду реального времени!
[26.01.2021 16:34:28.869] Запрашиваем статус!
[26.01.2021 16:34:58.302] Запрашиваем статус!
[26.01.2021 16:35:09.073] Отсылаем команду реального времени!
[26.01.2021 16:35:13.332] Отсылаем команду реального времени!
[26.01.2021 16:35:17.186] Отсылаем команду реального времени!
[26.01.2021 16:37:08.133] Отсылаем команду реального времени!
[26.01.2021 18:14:27.601] Загрузили конфигурационный файл 
 server IP:1.3.1.1 server PORT:139 
 dst IP:1.3.1.60 dst PORT:77
[26.01.2021 18:14:33.064] Инициализируем сервер
[26.01.2021 18:14:34.222] Запрашиваем статус!
[26.01.2021 18:14:55.209] Отсылаем команду реального времени!
[26.01.2021 18:15:33.755] Отсылаем команду реального времени!
[26.01.2021 18:15:40.914] Отсылаем команду реального времени!
[26.01.2021 18:15:50.633] Отсылаем команду реального времени!
[26.01.2021 18:17:25.824] Отсылаем команду реального времени!
[26.01.2021 18:17:44.712] Отсылаем команду реального времени!
[26.01.2021 18:17:52.002] Отсылаем команду реального времени!
[26.01.2021 18:18:04.218] Отсылаем команду реального времени!
[26.01.2021 18:18:17.508] Отсылаем команду реального времени!
[26.01.2021 18:19:43.950] Отсылаем команду реального времени!
[26.01.2021 18:19:48.519] Отсылаем команду реального времени!
[26.01.2021 18:20:35.853] Отсылаем команду реального времени!
[26.01.2021 18:20:45.286] Переключаем каналы с прямого выхода на калибровку и обратно!
[26.01.2021 18:20:48.020] Отсылаем команду реального времени!
[26.01.2021 18:21:05.132] Отсылаем команду реального времени!
[26.01.2021 18:21:10.513] Отсылаем команду реального времени!
[26.01.2021 18:21:15.084] Отсылаем команду реального времени!
[26.01.2021 18:21:21.126] Переключаем каналы с прямого выхода на калибровку и обратно!
[26.01.2021 18:21:24.833] Отсылаем команду реального времени!
[26.01.2021 18:21:29.747] Отсылаем команду реального времени!
[26.01.2021 18:21:44.647] Отсылаем команду реального времени!
[26.01.2021 18:23:22.909] Загрузили конфигурационный файл 
 server IP:1.3.1.1 server PORT:139 
 dst IP:1.3.1.60 dst PORT:77
[26.01.2021 18:23:24.278] Инициализируем сервер
[26.01.2021 18:23:39.126] Отсылаем команду реального времени!
[26.01.2021 18:24:59.580] Загрузили конфигурационный файл 
 server IP:1.3.1.1 server PORT:139 
 dst IP:1.3.1.60 dst PORT:77
[26.01.2021 18:25:01.358] Инициализируем сервер
[26.01.2021 18:25:18.977] Отсылаем команду реального времени!
[26.01.2021 18:27:30.476] Загрузили конфигурационный файл 
 server IP:1.3.1.1 server PORT:139 
 dst IP:1.3.1.60 dst PORT:77
[26.01.2021 18:27:38.469] Инициализируем сервер
[26.01.2021 18:27:58.645] Отсылаем команду реального времени!
[26.01.2021 18:29:00.910] Загрузили конфигурационный файл 
 server IP:1.3.1.1 server PORT:139 
 dst IP:1.3.1.60 dst PORT:77
[26.01.2021 18:29:04.204] Инициализируем сервер
[26.01.2021 18:29:10.999] Отсылаем команду реального времени!
[26.01.2021 18:29:57.871] Загрузили конфигурационный файл 
 server IP:1.3.1.1 server PORT:139 
 dst IP:1.3.1.60 dst PORT:77
[26.01.2021 18:30:00.453] Инициализируем сервер
[26.01.2021 18:31:39.415] Загрузили конфигурационный файл 
 server IP:1.3.1.1 server PORT:139 
 dst IP:1.3.1.60 dst PORT:77
[26.01.2021 18:31:41.213] Инициализируем сервер
[26.01.2021 18:31:50.604] Отсылаем команду реального времени!
[26.01.2021 18:32:00.242] Отсылаем команду реального времени!
[26.01.2021 18:32:25.018] Отсылаем команду реального времени!
[26.01.2021 18:33:52.006] Отсылаем команду реального времени!
[26.01.2021 18:34:03.310] Отсылаем команду реального времени!
[26.01.2021 18:36:32.530] Отсылаем команду реального времени!
[26.01.2021 18:36:54.990] Отсылаем команду реального времени!
[26.01.2021 18:37:01.933] Отсылаем команду реального времени!
[26.01.2021 18:37:08.187] Отсылаем команду реального времени!
[26.01.2021 18:37:18.780] Отсылаем команду реального времени!
[26.01.2021 18:37:35.286] Отсылаем команду реального времени!
[26.01.2021 18:38:20.978] Отсылаем команду реального времени!
