[25.12.2020 13:21:39.758] Загрузили конфигурационный файл 
 server IP:1.3.1.1 server PORT:139 
 dst IP:1.3.1.60 dst PORT:77
[25.12.2020 13:22:11.292] Инициализируем сервер
[25.12.2020 13:22:13.658] Инициализируем сервер
[25.12.2020 13:22:15.219] Запрашиваем статус!
[25.12.2020 13:22:43.683] Запрашиваем статус!
[25.12.2020 13:22:46.434] Запрашиваем статус!
[25.12.2020 13:44:57.437] Загрузили конфигурационный файл 
 server IP:1.3.1.1 server PORT:139 
 dst IP:1.3.1.60 dst PORT:77
[25.12.2020 13:45:01.155] Инициализируем сервер
[25.12.2020 13:45:02.251] Запрашиваем статус!
[25.12.2020 13:45:10.794] Запрашиваем статус!
[25.12.2020 13:59:25.320] Загрузили конфигурационный файл 
 server IP:1.3.1.1 server PORT:139 
 dst IP:1.3.1.60 dst PORT:77
[25.12.2020 13:59:28.171] Инициализируем сервер
[25.12.2020 13:59:29.275] Запрашиваем статус!
[25.12.2020 13:59:37.947] Запрашиваем статус!
[25.12.2020 16:05:17.333] Загрузили конфигурационный файл 
 server IP:1.3.1.1 server PORT:139 
 dst IP:1.3.1.60 dst PORT:77
[25.12.2020 16:05:20.363] Инициализируем сервер
[25.12.2020 16:05:21.418] Запрашиваем статус!
[25.12.2020 16:13:59.739] Запрашиваем статус!
[25.12.2020 16:14:32.371] Запрашиваем статус!
[25.12.2020 16:14:40.474] Запрашиваем статус!
[25.12.2020 16:14:49.579] Запрашиваем статус!
[25.12.2020 16:15:05.653] Запрашиваем статус!
[25.12.2020 16:19:32.027] Запрашиваем статус!
[25.12.2020 17:41:36.630] Загрузили конфигурационный файл 
 server IP:1.3.1.1 server PORT:139 
 dst IP:1.3.1.60 dst PORT:77
[25.12.2020 17:42:01.360] Инициализируем сервер
[25.12.2020 17:42:03.346] Запрашиваем статус!
[25.12.2020 17:42:11.914] Запрашиваем статус!
[25.12.2020 17:43:03.738] Запрашиваем статус!
[25.12.2020 17:43:06.378] Запрашиваем статус!
[25.12.2020 17:43:07.929] Запрашиваем статус!
[25.12.2020 17:43:09.233] Запрашиваем статус!
[25.12.2020 17:43:10.202] Запрашиваем статус!
[25.12.2020 17:43:12.225] Запрашиваем статус!
[25.12.2020 17:43:13.404] Запрашиваем статус!
[25.12.2020 17:43:14.369] Запрашиваем статус!
[25.12.2020 17:43:15.986] Запрашиваем статус!
[25.12.2020 17:43:17.090] Запрашиваем статус!
[25.12.2020 17:43:17.722] Запрашиваем статус!
[25.12.2020 17:43:17.946] Запрашиваем статус!
[25.12.2020 17:43:18.178] Запрашиваем статус!
[25.12.2020 17:43:18.394] Запрашиваем статус!
[25.12.2020 17:43:18.618] Запрашиваем статус!
[25.12.2020 17:43:18.834] Запрашиваем статус!
[25.12.2020 17:43:19.066] Запрашиваем статус!
[25.12.2020 17:43:19.290] Запрашиваем статус!
[25.12.2020 17:43:19.674] Запрашиваем статус!
[25.12.2020 17:43:20.450] Запрашиваем статус!
[25.12.2020 17:43:37.138] Запрашиваем статус!
[25.12.2020 17:43:38.658] Запрашиваем статус!
[25.12.2020 17:43:39.649] Запрашиваем статус!
[25.12.2020 17:43:40.561] Запрашиваем статус!
[25.12.2020 17:43:45.409] Запрашиваем статус!
[25.12.2020 17:43:46.385] Запрашиваем статус!
[25.12.2020 17:43:47.153] Запрашиваем статус!
[25.12.2020 17:43:47.881] Запрашиваем статус!
[25.12.2020 17:43:48.553] Запрашиваем статус!
[25.12.2020 17:43:49.601] Запрашиваем статус!
[25.12.2020 17:43:50.601] Запрашиваем статус!
[25.12.2020 17:43:51.442] Запрашиваем статус!
[25.12.2020 17:43:51.754] Запрашиваем статус!
[25.12.2020 17:43:51.954] Запрашиваем статус!
[25.12.2020 17:43:52.170] Запрашиваем статус!
[25.12.2020 17:43:52.378] Запрашиваем статус!
[25.12.2020 17:43:52.594] Запрашиваем статус!
[25.12.2020 17:43:52.818] Запрашиваем статус!
[25.12.2020 17:43:53.042] Запрашиваем статус!
[25.12.2020 17:43:53.250] Запрашиваем статус!
[25.12.2020 17:43:53.490] Запрашиваем статус!
[25.12.2020 17:43:53.786] Запрашиваем статус!
[25.12.2020 17:43:54.450] Запрашиваем статус!
[25.12.2020 17:43:54.674] Запрашиваем статус!
[25.12.2020 17:43:54.906] Запрашиваем статус!
[25.12.2020 17:43:55.114] Запрашиваем статус!
[25.12.2020 17:43:55.354] Запрашиваем статус!
[25.12.2020 17:43:56.274] Запрашиваем статус!
[25.12.2020 17:43:56.594] Запрашиваем статус!
[25.12.2020 17:43:56.898] Запрашиваем статус!
[25.12.2020 17:43:59.977] Запрашиваем статус!
[25.12.2020 17:44:00.234] Запрашиваем статус!
[25.12.2020 17:44:00.457] Запрашиваем статус!
[25.12.2020 17:44:00.681] Запрашиваем статус!
[25.12.2020 17:44:00.945] Запрашиваем статус!
[25.12.2020 17:44:01.169] Запрашиваем статус!
[25.12.2020 17:44:01.426] Запрашиваем статус!
[25.12.2020 17:44:01.809] Запрашиваем статус!
[25.12.2020 17:44:02.281] Запрашиваем статус!
[25.12.2020 17:44:02.561] Запрашиваем статус!
[25.12.2020 17:44:02.809] Запрашиваем статус!
[25.12.2020 17:44:03.153] Запрашиваем статус!
[25.12.2020 17:44:03.625] Запрашиваем статус!
[25.12.2020 17:44:03.849] Запрашиваем статус!
[25.12.2020 17:44:04.049] Запрашиваем статус!
[25.12.2020 17:44:04.249] Запрашиваем статус!
