[02.02.2021 17:50:43.036] Загрузили конфигурационный файл 
 server IP:1.3.1.1 server PORT:139 
 dst IP:1.3.1.60 dst PORT:77
[02.02.2021 17:50:48.666] Инициализируем сервер
[02.02.2021 17:50:49.344] Запрашиваем статус!
[02.02.2021 17:51:05.985] Переключаем каналы с прямого выхода на калибровку и обратно!
[02.02.2021 17:51:06.944] управляем аттенюаторами!
[02.02.2021 17:51:10.820] Отсылаем команду реального времени!
[02.02.2021 17:56:22.865] Отсылаем команду реального времени!
[02.02.2021 17:58:38.724] Отсылаем команду реального времени!
[02.02.2021 18:04:07.980] Отсылаем команду реального времени!
[02.02.2021 18:06:34.575] Отсылаем команду реального времени!
[02.02.2021 18:08:17.724] Отсылаем команду реального времени!
[02.02.2021 18:08:24.386] Отсылаем команду реального времени!
[02.02.2021 18:11:29.837] Отсылаем команду реального времени!
[02.02.2021 18:11:36.798] Отсылаем команду реального времени!
[02.02.2021 18:11:44.314] Отсылаем команду реального времени!
[02.02.2021 18:13:54.061] Отсылаем команду реального времени!
[02.02.2021 18:15:31.796] Отсылаем команду реального времени!
[02.02.2021 18:28:32.606] Отсылаем команду реального времени!
[02.02.2021 18:34:12.350] Отсылаем команду реального времени!
