[29.01.2021 10:26:32.237] Загрузили конфигурационный файл 
 server IP:1.3.1.1 server PORT:139 
 dst IP:1.3.1.60 dst PORT:77
[29.01.2021 12:21:55.968] Загрузили конфигурационный файл 
 server IP:1.3.1.1 server PORT:139 
 dst IP:1.3.1.60 dst PORT:77
[29.01.2021 12:36:14.060] Загрузили конфигурационный файл 
 server IP:1.3.1.1 server PORT:139 
 dst IP:1.3.1.60 dst PORT:77
[29.01.2021 12:36:39.500] Загрузили конфигурационный файл 
 server IP:1.3.1.1 server PORT:139 
 dst IP:1.3.1.60 dst PORT:77
[29.01.2021 12:38:26.111] Загрузили конфигурационный файл 
 server IP:1.3.1.1 server PORT:139 
 dst IP:1.3.1.60 dst PORT:77
[29.01.2021 12:38:32.135] Инициализируем сервер
[29.01.2021 12:38:33.238] Запрашиваем статус!
[29.01.2021 12:38:37.967] Запрашиваем статус!
[29.01.2021 12:38:44.935] Запрашиваем статус!
[29.01.2021 12:39:09.431] Запрашиваем статус!
[29.01.2021 12:40:15.049] Загрузили конфигурационный файл 
 server IP:1.3.1.1 server PORT:139 
 dst IP:1.3.1.60 dst PORT:77
[29.01.2021 12:40:20.160] Инициализируем сервер
[29.01.2021 12:40:26.300] Отсылаем команду реального времени!
[29.01.2021 12:44:15.644] Загрузили конфигурационный файл 
 server IP:1.3.1.1 server PORT:139 
 dst IP:1.3.1.60 dst PORT:77
[29.01.2021 12:44:27.538] Отсылаем команду реального времени!
[29.01.2021 12:44:36.238] Инициализируем сервер
[29.01.2021 12:44:39.000] Отсылаем команду реального времени!
[29.01.2021 12:47:13.848] Загрузили конфигурационный файл 
 server IP:1.3.1.1 server PORT:139 
 dst IP:1.3.1.60 dst PORT:77
[29.01.2021 12:47:41.903] Инициализируем сервер
[29.01.2021 12:48:13.224] Отсылаем команду реального времени!
[29.01.2021 12:48:20.219] Переключаем каналы с прямого выхода на калибровку и обратно!
[29.01.2021 12:48:24.926] Переключаем каналы с прямого выхода на калибровку и обратно!
[29.01.2021 12:48:30.279] управляем аттенюаторами!
[29.01.2021 12:48:38.681] Отсылаем команду реального времени!
[29.01.2021 12:49:04.282] Отсылаем команду реального времени!
[29.01.2021 12:49:11.508] Отсылаем команду реального времени!
[29.01.2021 12:49:31.629] Отсылаем команду реального времени!
[29.01.2021 12:49:41.222] Отсылаем команду реального времени!
[29.01.2021 12:50:01.163] Отсылаем команду реального времени!
[29.01.2021 12:50:04.108] Отсылаем команду реального времени!
[29.01.2021 12:50:27.835] Отсылаем команду реального времени!
[29.01.2021 12:50:31.330] Отсылаем команду реального времени!
[29.01.2021 12:52:58.252] Отсылаем команду реального времени!
[29.01.2021 12:56:18.380] Загрузили конфигурационный файл 
 server IP:1.3.1.1 server PORT:139 
 dst IP:1.3.1.60 dst PORT:77
[29.01.2021 12:56:21.344] Инициализируем сервер
[29.01.2021 12:56:43.380] Отсылаем команду реального времени!
[29.01.2021 12:57:06.793] Отсылаем команду реального времени!
[29.01.2021 12:57:17.557] Отсылаем команду реального времени!
[29.01.2021 12:57:26.759] Отсылаем команду реального времени!
[29.01.2021 12:57:39.304] Отсылаем команду реального времени!
[29.01.2021 12:57:44.154] Отсылаем команду реального времени!
[29.01.2021 12:57:46.823] Отсылаем команду реального времени!
[29.01.2021 13:10:13.551] Запрашиваем статус!
[29.01.2021 13:10:21.508] Отсылаем команду реального времени!
[29.01.2021 13:10:34.495] Переключаем каналы с прямого выхода на калибровку и обратно!
[29.01.2021 13:10:37.719] управляем аттенюаторами!
[29.01.2021 13:10:42.223] управляем аттенюаторами!
[29.01.2021 13:11:03.207] Отсылаем команду реального времени!
[29.01.2021 13:11:08.157] Отсылаем команду реального времени!
[29.01.2021 13:11:13.066] Отсылаем команду реального времени!
[29.01.2021 13:16:27.950] Загрузили конфигурационный файл 
 server IP:1.3.1.1 server PORT:139 
 dst IP:1.3.1.60 dst PORT:77
[29.01.2021 13:16:32.183] Инициализируем сервер
[29.01.2021 13:16:32.735] Запрашиваем статус!
[29.01.2021 13:16:57.644] Отсылаем команду реального времени!
[29.01.2021 13:17:02.088] Переключаем каналы с прямого выхода на калибровку и обратно!
[29.01.2021 13:17:03.864] управляем аттенюаторами!
[29.01.2021 13:17:23.242] Отсылаем команду реального времени!
[29.01.2021 13:17:26.315] Отсылаем команду реального времени!
[29.01.2021 13:17:44.925] Отсылаем команду реального времени!
[29.01.2021 13:17:49.153] Отсылаем команду реального времени!
[29.01.2021 13:32:17.086] Запрашиваем статус!
[29.01.2021 13:32:32.789] Отсылаем команду реального времени!
[29.01.2021 13:32:35.782] Переключаем каналы с прямого выхода на калибровку и обратно!
[29.01.2021 13:32:37.510] управляем аттенюаторами!
[29.01.2021 13:32:51.400] Отсылаем команду реального времени!
[29.01.2021 13:32:58.185] Отсылаем команду реального времени!
[29.01.2021 13:33:02.756] Отсылаем команду реального времени!
[29.01.2021 13:33:04.518] Запрашиваем статус!
[29.01.2021 13:33:10.979] Отсылаем команду реального времени!
[29.01.2021 13:33:19.181] Запрашиваем статус!
[29.01.2021 13:33:25.422] Запрашиваем статус!
[29.01.2021 13:33:31.694] Запрашиваем статус!
[29.01.2021 13:33:40.566] Запрашиваем статус!
[29.01.2021 13:33:59.398] Запрашиваем статус!
[29.01.2021 13:34:09.337] Отсылаем команду реального времени!
[29.01.2021 13:34:11.709] Переключаем каналы с прямого выхода на калибровку и обратно!
[29.01.2021 13:34:12.605] управляем аттенюаторами!
[29.01.2021 13:36:43.279] Отсылаем команду реального времени!
[29.01.2021 13:39:37.767] Отсылаем команду реального времени!
[29.01.2021 13:47:05.390] Запрашиваем статус!
[29.01.2021 13:47:10.446] Переключаем каналы с прямого выхода на калибровку и обратно!
[29.01.2021 13:47:11.327] управляем аттенюаторами!
[29.01.2021 13:47:22.308] Отсылаем команду реального времени!
[29.01.2021 13:52:57.756] Отсылаем команду реального времени!
[29.01.2021 16:05:32.466] Загрузили конфигурационный файл 
 server IP:1.3.1.1 server PORT:139 
 dst IP:1.3.1.60 dst PORT:77
[29.01.2021 16:05:36.652] Инициализируем сервер
[29.01.2021 16:05:37.260] Запрашиваем статус!
[29.01.2021 16:05:42.108] управляем аттенюаторами!
[29.01.2021 16:05:43.020] Переключаем каналы с прямого выхода на калибровку и обратно!
[29.01.2021 16:05:51.172] Отсылаем команду реального времени!
[29.01.2021 16:08:06.302] Отсылаем команду реального времени!
[29.01.2021 16:08:11.200] Отсылаем команду реального времени!
[29.01.2021 16:08:16.613] Отсылаем команду реального времени!
[29.01.2021 16:08:16.887] Отсылаем команду реального времени!
[29.01.2021 16:08:33.732] Запрашиваем статус!
[29.01.2021 16:08:41.269] Переключаем каналы с прямого выхода на калибровку и обратно!
[29.01.2021 16:08:42.181] управляем аттенюаторами!
[29.01.2021 16:10:56.122] Отсылаем команду реального времени!
[29.01.2021 16:23:50.933] Запрашиваем статус!
[29.01.2021 16:23:54.253] Переключаем каналы с прямого выхода на калибровку и обратно!
[29.01.2021 16:23:55.164] управляем аттенюаторами!
[29.01.2021 16:25:15.116] Отсылаем команду реального времени!
[29.01.2021 16:25:29.304] Отсылаем команду реального времени!
[29.01.2021 16:25:31.694] Отсылаем команду реального времени!
[29.01.2021 16:25:39.149] Запрашиваем статус!
[29.01.2021 16:25:41.708] Переключаем каналы с прямого выхода на калибровку и обратно!
[29.01.2021 16:25:42.740] управляем аттенюаторами!
[29.01.2021 16:28:03.277] Отсылаем команду реального времени!
[29.01.2021 16:28:27.973] Отсылаем команду реального времени!
[29.01.2021 16:40:53.410] Запрашиваем статус!
[29.01.2021 16:41:00.927] Отсылаем команду реального времени!
[29.01.2021 16:41:05.987] Переключаем каналы с прямого выхода на калибровку и обратно!
[29.01.2021 16:41:07.067] управляем аттенюаторами!
[29.01.2021 16:42:50.862] Отсылаем команду реального времени!
[29.01.2021 16:43:07.618] Отсылаем команду реального времени!
[29.01.2021 16:43:23.357] Отсылаем команду реального времени!
[29.01.2021 16:43:26.913] Отсылаем команду реального времени!
[29.01.2021 16:43:29.643] Отсылаем команду реального времени!
[29.01.2021 16:43:31.177] Отсылаем команду реального времени!
[29.01.2021 16:43:44.200] Отсылаем команду реального времени!
[29.01.2021 16:43:47.211] Отсылаем команду реального времени!
[29.01.2021 16:43:50.611] Отсылаем команду реального времени!
[29.01.2021 16:43:54.104] Отсылаем команду реального времени!
[29.01.2021 16:44:26.162] Отсылаем команду реального времени!
[29.01.2021 16:44:29.172] Отсылаем команду реального времени!
[29.01.2021 16:44:42.588] Отсылаем команду реального времени!
[29.01.2021 16:44:45.288] Отсылаем команду реального времени!
[29.01.2021 16:58:02.698] Запрашиваем статус!
[29.01.2021 16:58:07.522] Переключаем каналы с прямого выхода на калибровку и обратно!
[29.01.2021 16:58:08.418] управляем аттенюаторами!
[29.01.2021 16:58:15.186] Отсылаем команду реального времени!
[29.01.2021 16:58:25.790] Отсылаем команду реального времени!
[29.01.2021 16:58:30.971] Отсылаем команду реального времени!
[29.01.2021 16:58:34.796] Отсылаем команду реального времени!
[29.01.2021 16:58:38.413] Отсылаем команду реального времени!
[29.01.2021 16:58:41.360] Отсылаем команду реального времени!
[29.01.2021 16:59:16.899] Отсылаем команду реального времени!
[29.01.2021 17:01:35.050] Запрашиваем статус!
[29.01.2021 17:01:36.946] Переключаем каналы с прямого выхода на калибровку и обратно!
[29.01.2021 17:01:38.434] управляем аттенюаторами!
[29.01.2021 17:01:42.636] Отсылаем команду реального времени!
[29.01.2021 17:01:46.961] Отсылаем команду реального времени!
[29.01.2021 17:01:50.575] Отсылаем команду реального времени!
[29.01.2021 17:01:52.524] Отсылаем команду реального времени!
[29.01.2021 17:01:53.913] Отсылаем команду реального времени!
[29.01.2021 17:04:08.778] Запрашиваем статус!
[29.01.2021 17:04:10.946] Переключаем каналы с прямого выхода на калибровку и обратно!
[29.01.2021 17:04:12.266] управляем аттенюаторами!
[29.01.2021 17:04:29.663] Отсылаем команду реального времени!
[29.01.2021 17:04:43.719] Отсылаем команду реального времени!
[29.01.2021 17:04:50.382] Отсылаем команду реального времени!
[29.01.2021 17:04:51.554] Отсылаем команду реального времени!
[29.01.2021 17:04:59.007] Отсылаем команду реального времени!
[29.01.2021 17:05:00.148] Отсылаем команду реального времени!
[29.01.2021 17:05:01.318] Отсылаем команду реального времени!
[29.01.2021 17:05:09.739] Отсылаем команду реального времени!
[29.01.2021 17:05:16.623] Отсылаем команду реального времени!
[29.01.2021 17:05:30.645] Отсылаем команду реального времени!
[29.01.2021 17:05:45.000] Отсылаем команду реального времени!
[29.01.2021 17:12:05.426] Запрашиваем статус!
[29.01.2021 17:12:10.035] управляем аттенюаторами!
[29.01.2021 17:12:10.787] Переключаем каналы с прямого выхода на калибровку и обратно!
[29.01.2021 17:12:17.373] Отсылаем команду реального времени!
[29.01.2021 17:12:27.853] Отсылаем команду реального времени!
[29.01.2021 17:12:33.969] Отсылаем команду реального времени!
[29.01.2021 17:12:40.020] Отсылаем команду реального времени!
[29.01.2021 17:12:42.642] Отсылаем команду реального времени!
[29.01.2021 17:13:01.674] Отсылаем команду реального времени!
[29.01.2021 17:13:04.921] Отсылаем команду реального времени!
[29.01.2021 17:14:36.651] Запрашиваем статус!
[29.01.2021 17:14:38.763] Переключаем каналы с прямого выхода на калибровку и обратно!
[29.01.2021 17:14:39.883] управляем аттенюаторами!
[29.01.2021 17:14:44.823] Отсылаем команду реального времени!
[29.01.2021 17:14:49.456] Отсылаем команду реального времени!
[29.01.2021 17:14:54.388] Отсылаем команду реального времени!
[29.01.2021 17:14:57.769] Отсылаем команду реального времени!
[29.01.2021 17:15:05.727] Отсылаем команду реального времени!
[29.01.2021 17:15:10.563] Отсылаем команду реального времени!
[29.01.2021 17:15:15.118] Отсылаем команду реального времени!
[29.01.2021 17:15:20.312] Отсылаем команду реального времени!
[29.01.2021 17:15:23.012] Отсылаем команду реального времени!
[29.01.2021 17:15:28.627] Отсылаем команду реального времени!
[29.01.2021 17:15:36.711] Отсылаем команду реального времени!
[29.01.2021 17:15:44.072] Отсылаем команду реального времени!
[29.01.2021 17:15:56.317] Отсылаем команду реального времени!
[29.01.2021 17:16:10.224] Отсылаем команду реального времени!
[29.01.2021 17:16:17.816] Отсылаем команду реального времени!
[29.01.2021 17:16:24.226] Отсылаем команду реального времени!
[29.01.2021 17:16:50.231] Загрузили конфигурационный файл 
 server IP:1.3.1.1 server PORT:139 
 dst IP:1.3.1.60 dst PORT:77
[29.01.2021 17:18:02.400] Загрузили конфигурационный файл 
 server IP:1.3.1.1 server PORT:139 
 dst IP:1.3.1.60 dst PORT:77
[29.01.2021 17:18:12.018] Запрашиваем статус!
[29.01.2021 17:18:14.390] Проблема с UDP!
[29.01.2021 17:18:15.626] Инициализируем сервер
[29.01.2021 17:18:16.482] Запрашиваем статус!
[29.01.2021 17:18:19.379] Переключаем каналы с прямого выхода на калибровку и обратно!
[29.01.2021 17:18:20.307] управляем аттенюаторами!
[29.01.2021 17:18:29.637] Отсылаем команду реального времени!
[29.01.2021 17:18:44.971] Отсылаем команду реального времени!
[29.01.2021 17:18:52.489] Отсылаем команду реального времени!
[29.01.2021 17:18:58.839] Отсылаем команду реального времени!
[29.01.2021 17:19:02.884] Отсылаем команду реального времени!
[29.01.2021 17:19:05.203] Отсылаем команду реального времени!
[29.01.2021 17:19:14.221] Отсылаем команду реального времени!
[29.01.2021 17:19:22.409] Отсылаем команду реального времени!
[29.01.2021 17:19:29.558] Отсылаем команду реального времени!
[29.01.2021 17:19:35.905] Отсылаем команду реального времени!
[29.01.2021 17:19:42.393] Отсылаем команду реального времени!
[29.01.2021 17:19:50.044] Отсылаем команду реального времени!
[29.01.2021 17:19:58.073] Отсылаем команду реального времени!
[29.01.2021 17:20:14.451] Отсылаем команду реального времени!
[29.01.2021 17:20:24.545] Отсылаем команду реального времени!
[29.01.2021 17:20:58.585] Отсылаем команду реального времени!
[29.01.2021 17:23:09.456] Отсылаем команду реального времени!
[29.01.2021 17:23:14.321] Отсылаем команду реального времени!
[29.01.2021 17:23:16.631] Отсылаем команду реального времени!
[29.01.2021 17:23:18.083] Отсылаем команду реального времени!
[29.01.2021 17:23:19.206] Отсылаем команду реального времени!
[29.01.2021 17:23:20.718] Отсылаем команду реального времени!
[29.01.2021 17:23:27.676] Отсылаем команду реального времени!
[29.01.2021 17:23:34.493] Отсылаем команду реального времени!
[29.01.2021 17:23:36.760] Отсылаем команду реального времени!
[29.01.2021 17:23:37.849] Отсылаем команду реального времени!
[29.01.2021 17:23:38.581] Отсылаем команду реального времени!
[29.01.2021 17:23:39.407] Отсылаем команду реального времени!
[29.01.2021 17:23:56.817] Отсылаем команду реального времени!
[29.01.2021 17:24:05.973] Отсылаем команду реального времени!
[29.01.2021 17:24:12.135] Отсылаем команду реального времени!
[29.01.2021 17:24:31.371] Отсылаем команду реального времени!
[29.01.2021 17:24:59.107] Отсылаем команду реального времени!
[29.01.2021 17:25:08.966] Отсылаем команду реального времени!
[29.01.2021 17:25:55.241] Отсылаем команду реального времени!
[29.01.2021 17:26:24.475] Отсылаем команду реального времени!
[29.01.2021 17:26:41.558] Отсылаем команду реального времени!
[29.01.2021 17:26:52.083] Отсылаем команду реального времени!
[29.01.2021 17:27:28.010] Отсылаем команду реального времени!
[29.01.2021 17:27:36.386] Отсылаем команду реального времени!
[29.01.2021 17:29:19.537] Загрузили конфигурационный файл 
 server IP:1.3.1.1 server PORT:139 
 dst IP:1.3.1.60 dst PORT:77
[29.01.2021 17:29:38.917] Загрузили конфигурационный файл 
 server IP:1.3.1.1 server PORT:139 
 dst IP:1.3.1.60 dst PORT:77
[29.01.2021 17:29:42.612] Инициализируем сервер
[29.01.2021 17:29:59.286] Отсылаем команду реального времени!
[29.01.2021 17:30:07.850] Запрашиваем статус!
[29.01.2021 17:30:13.948] Отсылаем команду реального времени!
[29.01.2021 17:30:16.570] Отсылаем команду реального времени!
[29.01.2021 17:30:27.067] Отсылаем команду реального времени!
[29.01.2021 17:30:36.865] Отсылаем команду реального времени!
[29.01.2021 17:30:51.638] Отсылаем команду реального времени!
[29.01.2021 17:30:53.777] Отсылаем команду реального времени!
[29.01.2021 17:31:05.460] Отсылаем команду реального времени!
[29.01.2021 17:31:15.240] Отсылаем команду реального времени!
[29.01.2021 17:31:40.747] Отсылаем команду реального времени!
[29.01.2021 17:31:49.736] Отсылаем команду реального времени!
[29.01.2021 17:31:56.864] Отсылаем команду реального времени!
[29.01.2021 17:32:05.989] Отсылаем команду реального времени!
[29.01.2021 17:32:13.086] Отсылаем команду реального времени!
[29.01.2021 17:33:54.486] Отсылаем команду реального времени!
[29.01.2021 17:34:10.712] Отсылаем команду реального времени!
[29.01.2021 17:34:17.371] Отсылаем команду реального времени!
[29.01.2021 17:36:56.090] Запрашиваем статус!
[29.01.2021 17:37:01.963] Переключаем каналы с прямого выхода на калибровку и обратно!
[29.01.2021 17:37:02.684] управляем аттенюаторами!
[29.01.2021 17:37:07.880] Отсылаем команду реального времени!
[29.01.2021 17:37:14.733] Отсылаем команду реального времени!
[29.01.2021 17:37:19.879] Отсылаем команду реального времени!
[29.01.2021 17:37:24.745] Отсылаем команду реального времени!
[29.01.2021 17:37:26.460] Отсылаем команду реального времени!
[29.01.2021 17:37:32.577] Отсылаем команду реального времени!
[29.01.2021 17:37:39.955] Отсылаем команду реального времени!
[29.01.2021 17:37:43.076] Отсылаем команду реального времени!
[29.01.2021 17:37:46.013] Отсылаем команду реального времени!
[29.01.2021 17:37:48.972] Отсылаем команду реального времени!
[29.01.2021 17:39:33.050] Запрашиваем статус!
[29.01.2021 17:39:44.318] Отсылаем команду реального времени!
[29.01.2021 17:39:48.657] Отсылаем команду реального времени!
[29.01.2021 17:39:51.358] Отсылаем команду реального времени!
[29.01.2021 17:39:53.040] Отсылаем команду реального времени!
[29.01.2021 17:40:02.977] Отсылаем команду реального времени!
[29.01.2021 17:40:10.341] Отсылаем команду реального времени!
[29.01.2021 17:40:20.266] Отсылаем команду реального времени!
[29.01.2021 17:40:23.132] Отсылаем команду реального времени!
[29.01.2021 17:40:23.383] Отсылаем команду реального времени!
[29.01.2021 17:40:23.646] Отсылаем команду реального времени!
[29.01.2021 17:40:23.648] Отсылаем команду реального времени!
[29.01.2021 17:40:23.911] Отсылаем команду реального времени!
[29.01.2021 17:40:24.428] Отсылаем команду реального времени!
[29.01.2021 17:40:24.430] Отсылаем команду реального времени!
[29.01.2021 17:40:24.692] Отсылаем команду реального времени!
[29.01.2021 17:40:34.988] Отсылаем команду реального времени!
[29.01.2021 17:40:38.986] Переключаем каналы с прямого выхода на калибровку и обратно!
[29.01.2021 17:40:41.282] управляем аттенюаторами!
[29.01.2021 17:40:48.482] Отсылаем команду реального времени!
[29.01.2021 17:40:55.565] Отсылаем команду реального времени!
[29.01.2021 17:41:00.091] Отсылаем команду реального времени!
[29.01.2021 17:41:02.510] Отсылаем команду реального времени!
[29.01.2021 17:41:12.443] Отсылаем команду реального времени!
[29.01.2021 17:41:12.712] Отсылаем команду реального времени!
[29.01.2021 17:41:20.275] Отсылаем команду реального времени!
[29.01.2021 17:45:44.267] Запрашиваем статус!
[29.01.2021 17:45:46.355] Переключаем каналы с прямого выхода на калибровку и обратно!
[29.01.2021 17:45:47.411] управляем аттенюаторами!
[29.01.2021 17:45:57.644] Отсылаем команду реального времени!
[29.01.2021 17:46:01.593] Отсылаем команду реального времени!
[29.01.2021 17:46:10.095] Отсылаем команду реального времени!
[29.01.2021 17:46:19.221] Отсылаем команду реального времени!
[29.01.2021 17:46:26.239] Отсылаем команду реального времени!
[29.01.2021 17:46:39.468] Отсылаем команду реального времени!
[29.01.2021 17:49:22.186] Запрашиваем статус!
[29.01.2021 17:49:24.826] Переключаем каналы с прямого выхода на калибровку и обратно!
[29.01.2021 17:49:26.186] управляем аттенюаторами!
[29.01.2021 17:49:30.087] Отсылаем команду реального времени!
[29.01.2021 17:49:34.694] Отсылаем команду реального времени!
[29.01.2021 17:49:44.095] Отсылаем команду реального времени!
[29.01.2021 17:49:48.699] Отсылаем команду реального времени!
[29.01.2021 17:52:21.234] Запрашиваем статус!
[29.01.2021 17:52:24.371] Переключаем каналы с прямого выхода на калибровку и обратно!
[29.01.2021 17:52:25.571] управляем аттенюаторами!
[29.01.2021 17:52:51.817] Отсылаем команду реального времени!
[29.01.2021 17:53:01.173] Отсылаем команду реального времени!
[29.01.2021 17:53:13.368] Отсылаем команду реального времени!
[29.01.2021 17:53:21.084] Отсылаем команду реального времени!
[29.01.2021 17:53:36.897] Отсылаем команду реального времени!
[29.01.2021 17:53:45.183] Отсылаем команду реального времени!
[29.01.2021 17:53:50.958] Отсылаем команду реального времени!
[29.01.2021 17:54:05.646] Отсылаем команду реального времени!
[29.01.2021 17:54:14.215] Отсылаем команду реального времени!
[29.01.2021 17:55:56.282] Отсылаем команду реального времени!
[29.01.2021 17:56:12.836] Отсылаем команду реального времени!
[29.01.2021 17:56:43.583] Отсылаем команду реального времени!
[29.01.2021 17:56:53.477] Отсылаем команду реального времени!
