[19.02.2021 09:30:57.877] Загрузили конфигурационный файл 
 server IP:1.3.1.1 server PORT:139 
 dst IP:1.3.1.60 dst PORT:77
[19.02.2021 09:31:01.081] Инициализируем сервер
[19.02.2021 09:31:05.134] Запрашиваем статус!
[19.02.2021 09:31:09.934] Запрашиваем статус!
[19.02.2021 09:31:29.126] Запрашиваем статус!
[19.02.2021 10:11:12.701] Запрашиваем статус!
[19.02.2021 10:29:35.877] Запрашиваем статус!
[19.02.2021 10:34:47.149] Запрашиваем статус!
[19.02.2021 10:36:27.085] Запрашиваем статус!
[19.02.2021 10:36:33.229] Запрашиваем статус!
[19.02.2021 10:40:12.813] Запрашиваем статус!
[19.02.2021 11:05:51.510] Запрашиваем статус!
[19.02.2021 11:16:49.581] Запрашиваем статус!
[19.02.2021 11:21:52.142] Запрашиваем статус!
[19.02.2021 11:26:56.781] Запрашиваем статус!
[19.02.2021 11:29:50.749] Запрашиваем статус!
[19.02.2021 11:36:28.397] Запрашиваем статус!
[19.02.2021 11:40:16.685] Запрашиваем статус!
[19.02.2021 11:43:15.508] Запрашиваем статус!
[19.02.2021 11:48:45.876] Запрашиваем статус!
[19.02.2021 11:52:53.948] Запрашиваем статус!
[19.02.2021 12:00:29.316] Запрашиваем статус!
[19.02.2021 12:24:01.652] Запрашиваем статус!
[19.02.2021 12:32:19.068] Запрашиваем статус!
[19.02.2021 13:12:42.738] Запрашиваем статус!
[19.02.2021 13:15:48.074] Запрашиваем статус!
[19.02.2021 13:20:14.114] Запрашиваем статус!
[19.02.2021 13:24:29.857] Запрашиваем статус!
[19.02.2021 13:27:53.290] Запрашиваем статус!
[19.02.2021 13:28:28.178] Запрашиваем статус!
[19.02.2021 13:33:05.098] Запрашиваем статус!
[19.02.2021 13:38:51.242] Загрузили конфигурационный файл 
 server IP:1.3.1.1 server PORT:139 
 dst IP:1.3.1.60 dst PORT:77
[19.02.2021 13:38:59.960] Инициализируем сервер
[19.02.2021 13:39:16.006] Загрузили конфигурационный файл 
 server IP:1.3.1.1 server PORT:139 
 dst IP:1.3.1.60 dst PORT:77
[19.02.2021 13:39:17.472] Инициализируем сервер
[19.02.2021 13:39:20.247] Запрашиваем статус!
[19.02.2021 13:49:08.739] Загрузили конфигурационный файл 
 server IP:1.3.1.1 server PORT:139 
 dst IP:1.3.1.60 dst PORT:77
[19.02.2021 13:49:15.008] Инициализируем сервер
[19.02.2021 13:49:21.488] Запрашиваем статус!
[19.02.2021 13:49:56.759] Загрузили конфигурационный файл 
 server IP:1.3.1.1 server PORT:139 
 dst IP:1.3.1.60 dst PORT:77
[19.02.2021 13:50:00.216] Инициализируем сервер
[19.02.2021 13:50:03.200] Запрашиваем статус!
[19.02.2021 14:57:00.368] Запрашиваем статус!
[19.02.2021 14:59:04.400] Запрашиваем статус!
[19.02.2021 15:53:34.816] Запрашиваем статус!
[19.02.2021 17:12:27.527] Запрашиваем статус!
[19.02.2021 18:07:17.285] Запрашиваем статус!
[19.02.2021 18:08:20.133] Загрузили конфигурационный файл 
 server IP:1.3.1.1 server PORT:139 
 dst IP:1.3.1.60 dst PORT:77
[19.02.2021 18:08:21.838] Инициализируем сервер
[19.02.2021 18:08:26.109] Запрашиваем статус!
[19.02.2021 18:26:24.117] Запрашиваем статус!
[19.02.2021 18:28:29.605] Запрашиваем статус!
[19.02.2021 18:29:44.895] Загрузили конфигурационный файл 
 server IP:1.3.1.1 server PORT:139 
 dst IP:1.3.1.60 dst PORT:77
[19.02.2021 18:29:46.757] Инициализируем сервер
[19.02.2021 18:29:47.725] Запрашиваем статус!
[19.02.2021 18:32:00.085] Запрашиваем статус!
[19.02.2021 18:36:30.428] Запрашиваем статус!
[19.02.2021 18:36:41.900] Запрашиваем статус!
